  Z  CORE VAL  ION
  7.   2   1  0.000000
  
  
  
 THE FOLLOWING DATA IS THE MODIFIED HFS POTENTIAL, RV(R), GIVEN AT THE
 441 POINTS OF THE MESH, IN RYDBERG AUs, IDEALLY = -2Z U
  
 -1.4000000E+01-1.3972178E+01-1.3944206E+01-1.3916117E+01-1.3887895E+01 Z  7   1
 -1.3859545E+01-1.3831097E+01-1.3802544E+01-1.3773918E+01-1.3745163E+01 Z  7   2
 -1.3716319E+01-1.3687430E+01-1.3658450E+01-1.3629426E+01-1.3600393E+01 Z  7   3
 -1.3571292E+01-1.3542096E+01-1.3512930E+01-1.3483685E+01-1.3454436E+01 Z  7   4
 -1.3425165E+01-1.3395933E+01-1.3366636E+01-1.3337353E+01-1.3308050E+01 Z  7   5
 -1.3278777E+01-1.3249483E+01-1.3220224E+01-1.3190994E+01-1.3161781E+01 Z  7   6
 -1.3132614E+01-1.3103418E+01-1.3074295E+01-1.3045218E+01-1.3016115E+01 Z  7   7
 -1.2987110E+01-1.2958176E+01-1.2929213E+01-1.2900300E+01-1.2871495E+01 Z  7   8
 -1.2842737E+01-1.2785408E+01-1.2728330E+01-1.2671576E+01-1.2615051E+01 Z  7   9
 -1.2558817E+01-1.2502874E+01-1.2447304E+01-1.2392075E+01-1.2337214E+01 Z  7  10
 -1.2282704E+01-1.2228615E+01-1.2174913E+01-1.2121445E+01-1.2068473E+01 Z  7  11
 -1.2015770E+01-1.1963457E+01-1.1911611E+01-1.1860165E+01-1.1809052E+01 Z  7  12
 -1.1758478E+01-1.1708250E+01-1.1658422E+01-1.1609007E+01-1.1560080E+01 Z  7  13
 -1.1511412E+01-1.1463249E+01-1.1415361E+01-1.1367953E+01-1.1320857E+01 Z  7  14
 -1.1274253E+01-1.1228075E+01-1.1182343E+01-1.1136906E+01-1.1091851E+01 Z  7  15
 -1.1047153E+01-1.1002755E+01-1.0958730E+01-1.0915174E+01-1.0872009E+01 Z  7  16
 -1.0829241E+01-1.0744658E+01-1.0661548E+01-1.0579819E+01-1.0499302E+01 Z  7  17
 -1.0420140E+01-1.0342204E+01-1.0265500E+01-1.0189971E+01-1.0115650E+01 Z  7  18
 -1.0042358E+01-9.9702492E+00-9.8990088E+00-9.8287926E+00-9.7595940E+00 Z  7  19
 -9.6912289E+00-9.6238756E+00-9.5573883E+00-9.4918480E+00-9.4271269E+00 Z  7  20
 -9.3632479E+00-9.2999811E+00-9.2375965E+00-9.1758595E+00-9.1148767E+00 Z  7  21
 -9.0545168E+00-8.9949799E+00-8.9359732E+00-8.8775969E+00-8.8198853E+00 Z  7  22
 -8.7628365E+00-8.7063122E+00-8.6503677E+00-8.5949879E+00-8.5401325E+00 Z  7  23
 -8.4858589E+00-8.4321194E+00-8.3789082E+00-8.3262129E+00-8.2740231E+00 Z  7  24
 -8.2223406E+00-8.1204758E+00-8.0205202E+00-7.9224691E+00-7.8263540E+00 Z  7  25
 -7.7321239E+00-7.6397219E+00-7.5491996E+00-7.4605017E+00-7.3736238E+00 Z  7  26
 -7.2885361E+00-7.2052259E+00-7.1236553E+00-7.0438118E+00-6.9656453E+00 Z  7  27
 -6.8891249E+00-6.8141985E+00-6.7408314E+00-6.6689577E+00-6.5985346E+00 Z  7  28
 -6.5294962E+00-6.4618006E+00-6.3953757E+00-6.3301744E+00-6.2661338E+00 Z  7  29
 -6.2032104E+00-6.1413383E+00-6.0804782E+00-6.0205717E+00-5.9615898E+00 Z  7  30
 -5.9034739E+00-5.8461962E+00-5.7897110E+00-5.7339969E+00-5.6790085E+00 Z  7  31
 -5.6247306E+00-5.5711246E+00-5.5181837E+00-5.4658670E+00-5.4141741E+00 Z  7  32
 -5.3630676E+00-5.2625957E+00-5.1643343E+00-5.0681963E+00-4.9741058E+00 Z  7  33
 -4.8820038E+00-4.7918363E+00-4.7035608E+00-4.6171350E+00-4.5325317E+00 Z  7  34
 -4.4497156E+00-4.3686991E+00-4.2893734E+00-4.2117605E+00-4.1358461E+00 Z  7  35
 -4.0615749E+00-3.9889164E+00-3.9179051E+00-3.8484523E+00-3.7805614E+00 Z  7  36
 -3.7141991E+00-3.6493492E+00-3.5859799E+00-3.5240593E+00-3.4635522E+00 Z  7  37
 -3.4044557E+00-3.3467045E+00-3.2903161E+00-3.2352030E+00-3.1814063E+00 Z  7  38
 -3.1288342E+00-3.0775151E+00-3.0273738E+00-2.9784331E+00-2.9305897E+00 Z  7  39
 -2.8838949E+00-2.8382726E+00-2.7937238E+00-2.7502017E+00-2.7077169E+00 Z  7  40
 -2.6662028E+00-2.5860572E+00-2.5095644E+00-2.4365659E+00-2.3668704E+00 Z  7  41
 -2.3003287E+00-2.2367773E+00-2.1760876E+00-2.1180935E+00-2.0626941E+00 Z  7  42
 -2.0097504E+00-2.0000000E+00-2.0000000E+00-2.0000000E+00-2.0000000E+00 Z  7  43
 -2.0000000E+00-2.0000000E+00-2.0000000E+00-2.0000000E+00-2.0000000E+00 Z  7  44
 -2.0000000E+00-2.0000000E+00-2.0000000E+00-2.0000000E+00-2.0000000E+00 Z  7  45
 -2.0000000E+00-2.0000000E+00-2.0000000E+00-2.0000000E+00-2.0000000E+00 Z  7  46
 -2.0000000E+00-2.0000000E+00-2.0000000E+00-2.0000000E+00-2.0000000E+00 Z  7  47
 -2.0000000E+00-2.0000000E+00-2.0000000E+00-2.0000000E+00-2.0000000E+00 Z  7  48
 -2.0000000E+00-2.0000000E+00-2.0000000E+00-2.0000000E+00-2.0000000E+00 Z  7  49
 -2.0000000E+00-2.0000000E+00-2.0000000E+00-2.0000000E+00-2.0000000E+00 Z  7  50
 -2.0000000E+00-2.0000000E+00-2.0000000E+00-2.0000000E+00-2.0000000E+00 Z  7  51
 -2.0000000E+00-2.0000000E+00-2.0000000E+00-2.0000000E+00-2.0000000E+00 Z  7  52
 -2.0000000E+00-2.0000000E+00-2.0000000E+00-2.0000000E+00-2.0000000E+00 Z  7  53
 -2.0000000E+00-2.0000000E+00-2.0000000E+00-2.0000000E+00-2.0000000E+00 Z  7  54
 -2.0000000E+00-2.0000000E+00-2.0000000E+00-2.0000000E+00-2.0000000E+00 Z  7  55
 -2.0000000E+00-2.0000000E+00-2.0000000E+00-2.0000000E+00-2.0000000E+00 Z  7  56
 -2.0000000E+00-2.0000000E+00-2.0000000E+00-2.0000000E+00-2.0000000E+00 Z  7  57
 -2.0000000E+00-2.0000000E+00-2.0000000E+00-2.0000000E+00-2.0000000E+00 Z  7  58
 -2.0000000E+00-2.0000000E+00-2.0000000E+00-2.0000000E+00-2.0000000E+00 Z  7  59
 -2.0000000E+00-2.0000000E+00-2.0000000E+00-2.0000000E+00-2.0000000E+00 Z  7  60
 -2.0000000E+00-2.0000000E+00-2.0000000E+00-2.0000000E+00-2.0000000E+00 Z  7  61
 -2.0000000E+00-2.0000000E+00-2.0000000E+00-2.0000000E+00-2.0000000E+00 Z  7  62
 -2.0000000E+00-2.0000000E+00-2.0000000E+00-2.0000000E+00-2.0000000E+00 Z  7  63
 -2.0000000E+00-2.0000000E+00-2.0000000E+00-2.0000000E+00-2.0000000E+00 Z  7  64
 -2.0000000E+00-2.0000000E+00-2.0000000E+00-2.0000000E+00-2.0000000E+00 Z  7  65
 -2.0000000E+00-2.0000000E+00-2.0000000E+00-2.0000000E+00-2.0000000E+00 Z  7  66
 -2.0000000E+00-2.0000000E+00-2.0000000E+00-2.0000000E+00-2.0000000E+00 Z  7  67
 -2.0000000E+00-2.0000000E+00-2.0000000E+00-2.0000000E+00-2.0000000E+00 Z  7  68
 -2.0000000E+00-2.0000000E+00-2.0000000E+00-2.0000000E+00-2.0000000E+00 Z  7  69
 -2.0000000E+00-2.0000000E+00-2.0000000E+00-2.0000000E+00-2.0000000E+00 Z  7  70
 -2.0000000E+00-2.0000000E+00-2.0000000E+00-2.0000000E+00-2.0000000E+00 Z  7  71
 -2.0000000E+00-2.0000000E+00-2.0000000E+00-2.0000000E+00-2.0000000E+00 Z  7  72
 -2.0000000E+00-2.0000000E+00-2.0000000E+00-2.0000000E+00-2.0000000E+00 Z  7  73
 -2.0000000E+00-2.0000000E+00-2.0000000E+00-2.0000000E+00-2.0000000E+00 Z  7  74
 -2.0000000E+00-2.0000000E+00-2.0000000E+00-2.0000000E+00-2.0000000E+00 Z  7  75
 -2.0000000E+00-2.0000000E+00-2.0000000E+00-2.0000000E+00-2.0000000E+00 Z  7  76
 -2.0000000E+00-2.0000000E+00-2.0000000E+00-2.0000000E+00-2.0000000E+00 Z  7  77
 -2.0000000E+00-2.0000000E+00-2.0000000E+00-2.0000000E+00-2.0000000E+00 Z  7  78
 -2.0000000E+00-2.0000000E+00-2.0000000E+00-2.0000000E+00-2.0000000E+00 Z  7  79
 -2.0000000E+00-2.0000000E+00-2.0000000E+00-2.0000000E+00-2.0000000E+00 Z  7  80
 -2.0000000E+00-2.0000000E+00-2.0000000E+00-2.0000000E+00-2.0000000E+00 Z  7  81
 -2.0000000E+00-2.0000000E+00-2.0000000E+00-2.0000000E+00-2.0000000E+00 Z  7  82
 -2.0000000E+00-2.0000000E+00-2.0000000E+00-2.0000000E+00-2.0000000E+00 Z  7  83
 -2.0000000E+00-2.0000000E+00-2.0000000E+00-2.0000000E+00-2.0000000E+00 Z  7  84
 -2.0000000E+00-2.0000000E+00-2.0000000E+00-2.0000000E+00-2.0000000E+00 Z  7  85
 -2.0000000E+00-2.0000000E+00-2.0000000E+00-2.0000000E+00-2.0000000E+00 Z  7  86
 -2.0000000E+00-2.0000000E+00-2.0000000E+00-2.0000000E+00-2.0000000E+00 Z  7  87
 -2.0000000E+00-2.0000000E+00-2.0000000E+00-2.0000000E+00-2.0000000E+00 Z  7  88
 -2.0000000E+00                                                         Z  7  89



 THE FOLLOWING DATA IS THE NORMALIZED RADIAL WAVE FUNCTION FOR ORBITAL 100 , OUT TO MESH POINT 241

 100    241          0       -2.8312679E+01 2.0000000E+00 3.4928009E+01

  0.0000000E+00 4.0087402E-02 7.9528242E-02 1.1833055E-01 1.5650222E-01 Z  7   1
  1.9405109E-01 2.3098496E-01 2.6731151E-01 3.0303827E-01 3.3817288E-01 Z  7   2
  3.7272272E-01 4.0669510E-01 4.4009739E-01 4.7293672E-01 5.0522035E-01 Z  7   3
  5.3695518E-01 5.6814826E-01 5.9880650E-01 6.2893671E-01 6.5854555E-01 Z  7   4
  6.8763989E-01 7.1622616E-01 7.4431092E-01 7.7190059E-01 7.9900175E-01 Z  7   5
  8.2562047E-01 8.5176313E-01 8.7743568E-01 9.0264457E-01 9.2739558E-01 Z  7   6
  9.5169473E-01 9.7554803E-01 9.9896109E-01 1.0219398E+00 1.0444896E+00 Z  7   7
  1.0666165E+00 1.0883259E+00 1.1096233E+00 1.1305140E+00 1.1510036E+00 Z  7   8
  1.1710972E+00 1.2101177E+00 1.2476168E+00 1.2836347E+00 1.3182104E+00 Z  7   9
  1.3513825E+00 1.3831885E+00 1.4136649E+00 1.4428476E+00 1.4707712E+00 Z  7  10
  1.4974698E+00 1.5229766E+00 1.5473239E+00 1.5705435E+00 1.5926661E+00 Z  7  11
  1.6137221E+00 1.6337403E+00 1.6527501E+00 1.6707790E+00 1.6878545E+00 Z  7  12
  1.7040031E+00 1.7192509E+00 1.7336233E+00 1.7471448E+00 1.7598397E+00 Z  7  13
  1.7717311E+00 1.7828426E+00 1.7931961E+00 1.8028136E+00 1.8117163E+00 Z  7  14
  1.8199252E+00 1.8274603E+00 1.8343413E+00 1.8405875E+00 1.8462179E+00 Z  7  15
  1.8512504E+00 1.8557032E+00 1.8595935E+00 1.8629386E+00 1.8657546E+00 Z  7  16
  1.8680580E+00 1.8711888E+00 1.8724521E+00 1.8719634E+00 1.8698317E+00 Z  7  17
  1.8661612E+00 1.8610506E+00 1.8545941E+00 1.8468803E+00 1.8379942E+00 Z  7  18
  1.8280162E+00 1.8170222E+00 1.8050847E+00 1.7922728E+00 1.7786516E+00 Z  7  19
  1.7642829E+00 1.7492254E+00 1.7335346E+00 1.7172635E+00 1.7004619E+00 Z  7  20
  1.6831772E+00 1.6654545E+00 1.6473359E+00 1.6288619E+00 1.6100702E+00 Z  7  21
  1.5909970E+00 1.5716763E+00 1.5521402E+00 1.5324192E+00 1.5125418E+00 Z  7  22
  1.4925350E+00 1.4724245E+00 1.4522343E+00 1.4319868E+00 1.4117035E+00 Z  7  23
  1.3914043E+00 1.3711088E+00 1.3508340E+00 1.3305963E+00 1.3104116E+00 Z  7  24
  1.2902942E+00 1.2503154E+00 1.2107581E+00 1.1717076E+00 1.1332374E+00 Z  7  25
  1.0954101E+00 1.0582798E+00 1.0218905E+00 9.8627943E-01 9.5147645E-01 Z  7  26
  9.1750515E-01 8.8438374E-01 8.5212499E-01 8.2073754E-01 7.9022598E-01 Z  7  27
  7.6059127E-01 7.3183137E-01 7.0394152E-01 6.7691445E-01 6.5074092E-01 Z  7  28
  6.2540972E-01 6.0090840E-01 5.7722282E-01 5.5433786E-01 5.3223765E-01 Z  7  29
  5.1090521E-01 4.9032325E-01 4.7047374E-01 4.5133841E-01 4.3289873E-01 Z  7  30
  4.1513586E-01 3.9803106E-01 3.8156545E-01 3.6572030E-01 3.5047686E-01 Z  7  31
  3.3581668E-01 3.2172135E-01 3.0817279E-01 2.9515326E-01 2.8264517E-01 Z  7  32
  2.7063128E-01 2.4801934E-01 2.2718693E-01 2.0800962E-01 1.9036932E-01 Z  7  33
  1.7415439E-01 1.5925948E-01 1.4558570E-01 1.3304019E-01 1.2153617E-01 Z  7  34
  1.1099262E-01 1.0133401E-01 9.2490114E-02 8.4395714E-02 7.6990306E-02 Z  7  35
  7.0217833E-02 6.4026482E-02 5.8368333E-02 5.3199153E-02 4.8478164E-02 Z  7  36
  4.4167772E-02 4.0233366E-02 3.6643110E-02 3.3367727E-02 3.0380329E-02 Z  7  37
  2.7656211E-02 2.5172722E-02 2.2909077E-02 2.0846225E-02 1.8966710E-02 Z  7  38
  1.7254554E-02 1.5695116E-02 1.4275019E-02 1.2982012E-02 1.1804900E-02 Z  7  39
  1.0733452E-02 9.7583169E-03 8.8709574E-03 8.0635734E-03 7.3290481E-03 Z  7  40
  6.6608833E-03 5.5005234E-03 4.5409887E-03 3.7478358E-03 3.0924550E-03 Z  7  41
  2.5511000E-03 2.1040759E-03 1.7350565E-03 1.4305186E-03 1.1792645E-03 Z  7  42
  9.7202888E-04 8.0114562E-04 6.6025677E-04 5.4410775E-04 4.4836185E-04 Z  7  43
  3.6944103E-04 3.0439338E-04 2.5078401E-04 2.0660457E-04 1.7019871E-04 Z  7  44
  1.4020049E-04 1.1548364E-04 9.5119525E-05 7.8342549E-05 6.4521570E-05 Z  7  45
  5.3136355E-05 4.3758075E-05 3.6033318E-05 2.9670817E-05 2.4430528E-05 Z  7  46
  2.0114663E-05 1.6560236E-05 1.3632949E-05 1.1222151E-05 9.2366754E-06 Z  7  47
  7.6014035E-06 6.2544404E-06 5.1447819E-06 4.2303932E-06 3.4766247E-06 Z  7  48
  2.8548995E-06                                                         Z  7  49



 THE FOLLOWING DATA IS THE NORMALIZED RADIAL WAVE FUNCTION FOR ORBITAL 200 , OUT TO MESH POINT 321

 200    321          0       -1.4590189E+00 2.0000000E+00 8.0702772E+00

  0.0000000E+00 9.2623271E-03 1.8374933E-02 2.7339343E-02 3.6157072E-02 Z  7   1
  4.4829611E-02 5.3358469E-02 6.1745107E-02 6.9990993E-02 7.8097582E-02 Z  7   2
  8.6066328E-02 9.3898632E-02 1.0159595E-01 1.0915966E-01 1.1659116E-01 Z  7   3
  1.2389185E-01 1.3106306E-01 1.3810618E-01 1.4502256E-01 1.5181354E-01 Z  7   4
  1.5848041E-01 1.6502449E-01 1.7144711E-01 1.7774953E-01 1.8393303E-01 Z  7   5
  1.8999889E-01 1.9594835E-01 2.0178266E-01 2.0750305E-01 2.1311072E-01 Z  7   6
  2.1860690E-01 2.2399276E-01 2.2926956E-01 2.3443840E-01 2.3950045E-01 Z  7   7
  2.4445687E-01 2.4930884E-01 2.5405747E-01 2.5870386E-01 2.6324910E-01 Z  7   8
  2.6769438E-01 2.7628914E-01 2.8449684E-01 2.9232579E-01 2.9978439E-01 Z  7   9
  3.0688062E-01 3.1362253E-01 3.2001787E-01 3.2607430E-01 3.3179924E-01 Z  7  10
  3.3720022E-01 3.4228426E-01 3.4705856E-01 3.5152999E-01 3.5570532E-01 Z  7  11
  3.5959128E-01 3.6319438E-01 3.6652100E-01 3.6957741E-01 3.7236974E-01 Z  7  12
  3.7490407E-01 3.7718633E-01 3.7922215E-01 3.8101748E-01 3.8257763E-01 Z  7  13
  3.8390824E-01 3.8501447E-01 3.8590178E-01 3.8657513E-01 3.8703969E-01 Z  7  14
  3.8730031E-01 3.8736182E-01 3.8722906E-01 3.8690659E-01 3.8639897E-01 Z  7  15
  3.8571072E-01 3.8484621E-01 3.8380966E-01 3.8260540E-01 3.8123748E-01 Z  7  16
  3.7970999E-01 3.7619191E-01 3.7208211E-01 3.6741006E-01 3.6220425E-01 Z  7  17
  3.5649201E-01 3.5029957E-01 3.4365228E-01 3.3657438E-01 3.2908922E-01 Z  7  18
  3.2121921E-01 3.1298590E-01 3.0441004E-01 2.9551160E-01 2.8630969E-01 Z  7  19
  2.7682278E-01 2.6706854E-01 2.5706401E-01 2.4682549E-01 2.3636873E-01 Z  7  20
  2.2570887E-01 2.1486038E-01 2.0383723E-01 1.9265282E-01 1.8132003E-01 Z  7  21
  1.6985118E-01 1.5825820E-01 1.4655249E-01 1.3474500E-01 1.2284620E-01 Z  7  22
  1.1086622E-01 9.8814741E-02 8.6701050E-02 7.4534036E-02 6.2322278E-02 Z  7  23
  5.0073940E-02 3.7796892E-02 2.5498640E-02 1.3186405E-02 8.6708402E-04 Z  7  24
 -1.1452715E-02-3.6068730E-02-6.0614284E-02-8.5046105E-02-1.0932473E-01 Z  7  25
 -1.3341424E-01-1.5728194E-01-1.8089825E-01-2.0423646E-01-2.2727236E-01 Z  7  26
 -2.4998434E-01-2.7235296E-01-2.9436094E-01-3.1599283E-01-3.3723515E-01 Z  7  27
 -3.5807601E-01-3.7850508E-01-3.9851344E-01-4.1809356E-01-4.3723908E-01 Z  7  28
 -4.5594478E-01-4.7420654E-01-4.9202111E-01-5.0938630E-01-5.2630061E-01 Z  7  29
 -5.4276335E-01-5.5877465E-01-5.7433510E-01-5.8944601E-01-6.0410923E-01 Z  7  30
 -6.1832714E-01-6.3210255E-01-6.4543873E-01-6.5833938E-01-6.7080849E-01 Z  7  31
 -6.8285036E-01-6.9446987E-01-7.0567161E-01-7.1646118E-01-7.2684371E-01 Z  7  32
 -7.3682481E-01-7.5560629E-01-7.7285373E-01-7.8861701E-01-8.0294776E-01 Z  7  33
 -8.1589848E-01-8.2752204E-01-8.3787185E-01-8.4700102E-01-8.5496259E-01 Z  7  34
 -8.6180872E-01-8.6759126E-01-8.7236077E-01-8.7616688E-01-8.7905818E-01 Z  7  35
 -8.8108212E-01-8.8228464E-01-8.8271028E-01-8.8240248E-01-8.8140315E-01 Z  7  36
 -8.7975252E-01-8.7748957E-01-8.7465209E-01-8.7127584E-01-8.6739564E-01 Z  7  37
 -8.6304480E-01-8.5825485E-01-8.5305673E-01-8.4747946E-01-8.4155083E-01 Z  7  38
 -8.3529770E-01-8.2874531E-01-8.2191789E-01-8.1483865E-01-8.0752939E-01 Z  7  39
 -8.0001110E-01-7.9230368E-01-7.8442591E-01-7.7639580E-01-7.6823026E-01 Z  7  40
 -7.5994539E-01-7.4307793E-01-7.2590584E-01-7.0852959E-01-6.9103849E-01 Z  7  41
 -6.7351240E-01-6.5602154E-01-6.3862818E-01-6.2138683E-01-6.0434550E-01 Z  7  42
 -5.8754587E-01-5.7102275E-01-5.5479133E-01-5.3886002E-01-5.2323520E-01 Z  7  43
 -5.0792235E-01-4.9292558E-01-4.7824797E-01-4.6389160E-01-4.4985771E-01 Z  7  44
 -4.3614668E-01-4.2275825E-01-4.0969139E-01-3.9694449E-01-3.8451558E-01 Z  7  45
 -3.7240189E-01-3.6060044E-01-3.4910789E-01-3.3792031E-01-3.2703379E-01 Z  7  46
 -3.1644392E-01-3.0614606E-01-2.9613551E-01-2.8640735E-01-2.7695641E-01 Z  7  47
 -2.6777756E-01-2.5886542E-01-2.5021455E-01-2.4181956E-01-2.3367494E-01 Z  7  48
 -2.2577514E-01-2.1068779E-01-1.9651321E-01-1.8320750E-01-1.7072734E-01 Z  7  49
 -1.5903023E-01-1.4807481E-01-1.3782084E-01-1.2822951E-01-1.1926335E-01 Z  7  50
 -1.1088637E-01-1.0306405E-01-9.5763445E-02-8.8953063E-02-8.2602933E-02 Z  7  51
 -7.6684602E-02-7.1171030E-02-6.6036656E-02-6.1257228E-02-5.6809891E-02 Z  7  52
 -5.2673027E-02-4.8826296E-02-4.5250528E-02-4.1927688E-02-3.8840823E-02 Z  7  53
 -3.5974022E-02-3.3312354E-02-3.0841814E-02-2.8549274E-02-2.6422460E-02 Z  7  54
 -2.4449868E-02-2.2620751E-02-2.0925066E-02-1.9353425E-02-1.7897069E-02 Z  7  55
 -1.6547823E-02-1.5298059E-02-1.4140671E-02-1.3069035E-02-1.2076978E-02 Z  7  56
 -1.1158756E-02-9.5228367E-03-8.1227794E-03-6.9253324E-03-5.9017865E-03 Z  7  57
 -5.0273831E-03-4.2807921E-03-3.6436566E-03-3.1001952E-03-2.6368510E-03 Z  7  58
 -2.2419882E-03-1.9056274E-03-1.6192173E-03-1.3754350E-03-1.1680124E-03 Z  7  59
 -9.9158951E-04-8.4158464E-04-7.1408367E-04-6.0574460E-04-5.1371532E-04 Z  7  60
 -4.3556315E-04-3.6921402E-04-3.1290035E-04-2.6511634E-04-2.2457984E-04 Z  7  61
 -1.9019948E-04-1.6104653E-04-1.3633110E-04-1.1538141E-04-9.7626398E-05 Z  7  62
 -8.2580744E-05-6.9832015E-05-5.9029833E-05-4.9876569E-05-4.2119394E-05 Z  7  63
 -3.5543504E-05-2.9966408E-05-2.5232956E-05-2.1211188E-05-1.7788730E-05 Z  7  64
 -1.4869748E-05                                                         Z  7  65



 THE FOLLOWING DATA IS THE NORMALIZED RADIAL WAVE FUNCTION FOR ORBITAL 210 , OUT TO MESH POINT 321

 210    321          1       -6.6009629E-01 3.0000000E+00 9.9409552E+00

  0.0000000E+00 1.3254791E-05 5.2805153E-05 1.1833242E-04 2.0952102E-04 Z  7   1
  3.2605851E-04 4.6763546E-04 6.3394557E-04 8.2468550E-04 1.0395549E-03 Z  7   2
  1.2782565E-03 1.5404961E-03 1.8259821E-03 2.1344260E-03 2.4655426E-03 Z  7   3
  2.8190485E-03 3.1946646E-03 3.5921135E-03 4.0111211E-03 4.4514150E-03 Z  7   4
  4.9127284E-03 5.3947940E-03 5.8973487E-03 6.4201322E-03 6.9628879E-03 Z  7   5
  7.5253583E-03 8.1072925E-03 8.7084388E-03 9.3285516E-03 9.9673858E-03 Z  7   6
  1.0624697E-02 1.1300248E-02 1.1993799E-02 1.2705117E-02 1.3433969E-02 Z  7   7
  1.4180125E-02 1.4943357E-02 1.5723437E-02 1.6520146E-02 1.7333264E-02 Z  7   8
  1.8162567E-02 1.9868881E-02 2.1637382E-02 2.3466403E-02 2.5354313E-02 Z  7   9
  2.7299510E-02 2.9300431E-02 3.1355537E-02 3.3463333E-02 3.5622343E-02 Z  7  10
  3.7831128E-02 4.0088270E-02 4.2392392E-02 4.4742145E-02 4.7136199E-02 Z  7  11
  4.9573254E-02 5.2052040E-02 5.4571308E-02 5.7129845E-02 5.9726439E-02 Z  7  12
  6.2359948E-02 6.5029189E-02 6.7733072E-02 7.0470482E-02 7.3240340E-02 Z  7  13
  7.6041587E-02 7.8873202E-02 8.1734151E-02 8.4623463E-02 8.7540157E-02 Z  7  14
  9.0483278E-02 9.3451887E-02 9.6445084E-02 9.9461958E-02 1.0250164E-01 Z  7  15
  1.0556327E-01 1.0864601E-01 1.1174901E-01 1.1487148E-01 1.1801264E-01 Z  7  16
  1.2117168E-01 1.2754045E-01 1.3397188E-01 1.4046030E-01 1.4700027E-01 Z  7  17
  1.5358658E-01 1.6021420E-01 1.6687831E-01 1.7357431E-01 1.8029779E-01 Z  7  18
  1.8704447E-01 1.9381028E-01 2.0059130E-01 2.0738377E-01 2.1418415E-01 Z  7  19
  2.2098893E-01 2.2779484E-01 2.3459873E-01 2.4139754E-01 2.4818842E-01 Z  7  20
  2.5496855E-01 2.6173529E-01 2.6848611E-01 2.7521858E-01 2.8193039E-01 Z  7  21
  2.8861928E-01 2.9528317E-01 3.0192009E-01 3.0852804E-01 3.1510529E-01 Z  7  22
  3.2164997E-01 3.2816052E-01 3.3463529E-01 3.4107283E-01 3.4747168E-01 Z  7  23
  3.5383061E-01 3.6014819E-01 3.6642331E-01 3.7265474E-01 3.7884149E-01 Z  7  24
  3.8498247E-01 3.9712337E-01 4.0907049E-01 4.2081764E-01 4.3235937E-01 Z  7  25
  4.4369105E-01 4.5480856E-01 4.6570846E-01 4.7638798E-01 4.8684469E-01 Z  7  26
  4.9707672E-01 5.0708264E-01 5.1686132E-01 5.2641207E-01 5.3573447E-01 Z  7  27
  5.4482859E-01 5.5369455E-01 5.6233281E-01 5.7074398E-01 5.7892913E-01 Z  7  28
  5.8688933E-01 5.9462577E-01 6.0213995E-01 6.0943353E-01 6.1650825E-01 Z  7  29
  6.2336594E-01 6.3000870E-01 6.3643855E-01 6.4265782E-01 6.4866877E-01 Z  7  30
  6.5447390E-01 6.6007566E-01 6.6547662E-01 6.7067933E-01 6.7568672E-01 Z  7  31
  6.8050122E-01 6.8512589E-01 6.8956357E-01 6.9381708E-01 6.9788933E-01 Z  7  32
  7.0178324E-01 7.0904815E-01 7.1563601E-01 7.2157097E-01 7.2687739E-01 Z  7  33
  7.3157942E-01 7.3570120E-01 7.3926669E-01 7.4229950E-01 7.4482280E-01 Z  7  34
  7.4685943E-01 7.4843186E-01 7.4956185E-01 7.5027072E-01 7.5057918E-01 Z  7  35
  7.5050759E-01 7.5007540E-01 7.4930161E-01 7.4820465E-01 7.4680215E-01 Z  7  36
  7.4511141E-01 7.4314892E-01 7.4093050E-01 7.3847157E-01 7.3578686E-01 Z  7  37
  7.3289043E-01 7.2979599E-01 7.2651654E-01 7.2306460E-01 7.1945196E-01 Z  7  38
  7.1569031E-01 7.1179068E-01 7.0776325E-01 7.0361829E-01 6.9936520E-01 Z  7  39
  6.9501328E-01 6.9057125E-01 6.8604738E-01 6.8144959E-01 6.7678559E-01 Z  7  40
  6.7206240E-01 6.6246605E-01 6.5271151E-01 6.4284497E-01 6.3290840E-01 Z  7  41
  6.2293953E-01 6.1297250E-01 6.0303760E-01 5.9316242E-01 5.8337158E-01 Z  7  42
  5.7368702E-01 5.6412709E-01 5.5469358E-01 5.4538339E-01 5.3619367E-01 Z  7  43
  5.2712184E-01 5.1816571E-01 5.0932348E-01 5.0059325E-01 4.9197379E-01 Z  7  44
  4.8346367E-01 4.7506189E-01 4.6676734E-01 4.5857918E-01 4.5049658E-01 Z  7  45
  4.4251883E-01 4.3464532E-01 4.2687538E-01 4.1920844E-01 4.1164395E-01 Z  7  46
  4.0418145E-01 3.9682034E-01 3.8956013E-01 3.8240045E-01 3.7534064E-01 Z  7  47
  3.6838025E-01 3.6151883E-01 3.5475582E-01 3.4809065E-01 3.4152284E-01 Z  7  48
  3.3505175E-01 3.2239756E-01 3.1012329E-01 2.9822373E-01 2.8669351E-01 Z  7  49
  2.7552682E-01 2.6471773E-01 2.5425994E-01 2.4414693E-01 2.3437192E-01 Z  7  50
  2.2492804E-01 2.1580812E-01 2.0700501E-01 1.9851124E-01 1.9031945E-01 Z  7  51
  1.8242204E-01 1.7481150E-01 1.6748017E-01 1.6042049E-01 1.5362485E-01 Z  7  52
  1.4708568E-01 1.4079550E-01 1.3474679E-01 1.2893224E-01 1.2334453E-01 Z  7  53
  1.1797647E-01 1.1282098E-01 1.0787107E-01 1.0311992E-01 9.8560795E-02 Z  7  54
  9.4187118E-02 8.9992449E-02 8.5970491E-02 8.2115084E-02 7.8420244E-02 Z  7  55
  7.4880116E-02 7.1489021E-02 6.8241388E-02 6.5131851E-02 6.2155176E-02 Z  7  56
  5.9306275E-02 5.3972255E-02 4.9092162E-02 4.4630732E-02 4.0554978E-02 Z  7  57
  3.6834113E-02 3.3439469E-02 3.0344380E-02 2.7524117E-02 2.4955753E-02 Z  7  58
  2.2618083E-02 2.0491503E-02 1.8557938E-02 1.6800720E-02 1.5204508E-02 Z  7  59
  1.3755199E-02 1.2439830E-02 1.1246511E-02 1.0164335E-02 9.1833146E-03 Z  7  60
  8.2943058E-03 7.4889422E-03 6.7595774E-03 6.0992287E-03 5.5015204E-03 Z  7  61
  4.9606347E-03 4.4712676E-03 4.0285843E-03 3.6281806E-03 3.2660447E-03 Z  7  62
  2.9385246E-03 2.6422951E-03 2.3743305E-03 2.1318777E-03 1.9124295E-03 Z  7  63
  1.7137044E-03 1.5336251E-03 1.3702981E-03 1.2219971E-03 1.0871459E-03 Z  7  64
  9.6430385E-04                                                         Z  7  65
1


 TOTAL CHARGE DENSITY OUTPUT


  0.0000000E+00 3.3855815E-03 1.3324767E-02 2.9499162E-02 5.1600683E-02 T  7   1
  7.9331353E-02 1.1240301E-01 1.5053703E-01 1.9346391E-01 2.4092351E-01 T  7   2
  2.9266417E-01 3.4844285E-01 4.0802491E-01 4.7118363E-01 5.3770041E-01 T  7   3
  6.0736394E-01 6.7997056E-01 7.5532377E-01 8.3323413E-01 9.1351861E-01 T  7   4
  9.9600172E-01 1.0805132E+00 1.1668900E+00 1.2549744E+00 1.3446157E+00 T  7   5
  1.4356673E+00 1.5279895E+00 1.6214467E+00 1.7159106E+00 1.8112555E+00 T  7   6
  1.9073623E+00 2.0041165E+00 2.1014071E+00 2.1991286E+00 2.2971795E+00 T  7   7
  2.3954632E+00 2.4938860E+00 2.5923598E+00 2.6907980E+00 2.7891200E+00 T  7   8
  2.8872473E+00 3.0826252E+00 3.2763767E+00 3.4679966E+00 3.6570270E+00 T  7   9
  3.8430567E+00 4.0257144E+00 4.2046700E+00 4.3796268E+00 4.5503244E+00 T  7  10
  4.7165327E+00 4.8780537E+00 5.0347128E+00 5.1863661E+00 5.3328891E+00 T  7  11
  5.4741821E+00 5.6101632E+00 5.7407756E+00 5.8659711E+00 5.9857259E+00 T  7  12
  6.1000252E+00 6.2088728E+00 6.3122816E+00 6.4102769E+00 6.5028949E+00 T  7  13
  6.5901804E+00 6.6721907E+00 6.7489862E+00 6.8206382E+00 6.8872213E+00 T  7  14
  6.9488201E+00 7.0055203E+00 7.0574136E+00 7.1045957E+00 7.1471691E+00 T  7  15
  7.1852322E+00 7.2188940E+00 7.2482591E+00 7.2734408E+00 7.2945457E+00 T  7  16
  7.3116879E+00 7.3345346E+00 7.3428898E+00 7.3376617E+00 7.3197522E+00 T  7  17
  7.2900553E+00 7.2494440E+00 7.1987777E+00 7.1388822E+00 7.0705667E+00 T  7  18
  6.9946070E+00 6.9117470E+00 6.8227029E+00 6.7281618E+00 6.6287742E+00 T  7  19
  6.5251584E+00 6.4179015E+00 6.3075581E+00 6.1946516E+00 6.0796738E+00 T  7  20
  5.9630871E+00 5.8453231E+00 5.7267847E+00 5.6078482E+00 5.4888606E+00 T  7  21
  5.3701448E+00 5.2520003E+00 5.1347013E+00 5.0184984E+00 4.9036217E+00 T  7  22
  4.7902803E+00 4.6786647E+00 4.5689454E+00 4.4612751E+00 4.3557911E+00 T  7  23
  4.2526150E+00 4.1518559E+00 4.0536036E+00 3.9579358E+00 3.8649211E+00 T  7  24
  3.7746148E+00 3.6023002E+00 3.4412346E+00 3.2915256E+00 3.1531615E+00 T  7  25
  3.0260305E+00 2.9099398E+00 2.8046219E+00 2.7097557E+00 2.6249738E+00 T  7  26
  2.5498714E+00 2.4840198E+00 2.4269676E+00 2.3782520E+00 2.3374038E+00 T  7  27
  2.3039496E+00 2.2774196E+00 2.2573478E+00 2.2432768E+00 2.2347603E+00 T  7  28
  2.2313633E+00 2.2326651E+00 2.2382593E+00 2.2477574E+00 2.2607858E+00 T  7  29
  2.2769876E+00 2.2960248E+00 2.3175747E+00 2.3413332E+00 2.3670120E+00 T  7  30
  2.3943405E+00 2.4230642E+00 2.4529443E+00 2.4837565E+00 2.5152936E+00 T  7  31
  2.5473607E+00 2.5797784E+00 2.6123796E+00 2.6450105E+00 2.6775286E+00 T  7  32
  2.7098033E+00 2.7731566E+00 2.8342385E+00 2.8923635E+00 2.9469833E+00 T  7  33
  2.9976654E+00 3.0440812E+00 3.0859945E+00 3.1232467E+00 3.1557472E+00 T  7  34
  3.1834643E+00 3.2064171E+00 3.2246644E+00 3.2383006E+00 3.2474489E+00 T  7  35
  3.2522573E+00 3.2528906E+00 3.2495275E+00 3.2423592E+00 3.2315836E+00 T  7  36
  3.2174034E+00 3.2000241E+00 3.1796520E+00 3.1564908E+00 3.1307433E+00 T  7  37
  3.1026075E+00 3.0722766E+00 3.0399401E+00 3.0057793E+00 2.9699683E+00 T  7  38
  2.9326777E+00 2.8940682E+00 2.8542919E+00 2.8134971E+00 2.7718213E+00 T  7  39
  2.7293963E+00 2.6863468E+00 2.6427884E+00 2.5988317E+00 2.5545790E+00 T  7  40
  2.5101261E+00 2.4209740E+00 2.3320167E+00 2.2438054E+00 2.1568067E+00 T  7  41
  2.0714118E+00 1.9879432E+00 1.9066609E+00 1.8277723E+00 1.7514369E+00 T  7  42
  1.6777725E+00 1.6068534E+00 1.5386426E+00 1.4730699E+00 1.4100616E+00 T  7  43
  1.3495429E+00 1.2914386E+00 1.2356737E+00 1.1821717E+00 1.1308587E+00 T  7  44
  1.0816593E+00 1.0345006E+00 9.8930931E-01 9.4601452E-01 9.0454602E-01 T  7  45
  8.6483508E-01 8.2681501E-01 7.9042041E-01 7.5558740E-01 7.2225440E-01 T  7  46
  6.9036150E-01 6.5984994E-01 6.3066375E-01 6.0274863E-01 5.7605153E-01 T  7  47
  5.5052167E-01 5.2611017E-01 5.0276971E-01 4.8045471E-01 4.5912153E-01 T  7  48
  4.3872783E-01 4.0059924E-01 3.6576426E-01 3.3394215E-01 3.0487520E-01 T  7  49
  2.7832630E-01 2.5407872E-01 2.3193353E-01 2.1170878E-01 1.9323808E-01 T  7  50
  1.7636944E-01 1.6096383E-01 1.4689450E-01 1.3404542E-01 1.2231097E-01 T  7  51
  1.1159446E-01 1.0180780E-01 9.2870504E-02 8.4709093E-02 7.7256508E-02 T  7  52
  7.0451483E-02 6.4238131E-02 5.8565311E-02 5.3386427E-02 4.8658837E-02 T  7  53
  4.4343606E-02 4.0405147E-02 3.6810938E-02 3.3531275E-02 3.0538982E-02 T  7  54
  2.7809234E-02 2.5319319E-02 2.3048492E-02 2.0977771E-02 1.9089814E-02 T  7  55
  1.7368756E-02 1.5800102E-02 1.4370579E-02 1.3068074E-02 1.1881505E-02 T  7  56
  1.0800738E-02 8.9203818E-03 7.3620807E-03 6.0716271E-03 5.0037806E-03 T  7  57
  4.1208053E-03 3.3912444E-03 2.7888967E-03 2.2919537E-03 1.8822748E-03 T  7  58
  1.5447862E-03 1.2669680E-03 1.0384349E-03 8.5057621E-04 6.9625967E-04 T  7  59
  5.6958292E-04 4.6566466E-04 3.8047184E-04 3.1067501E-04 2.5352760E-04 T  7  60
  2.0676595E-04 1.6852541E-04 1.3727148E-04 1.1174235E-04 9.0901056E-05 T  7  61
  7.3896037E-05 6.0028571E-05 4.8725648E-05 3.9517709E-05 3.2020205E-05 T  7  62
  2.5918418E-05 2.0954923E-05 1.6919306E-05 1.3639682E-05 1.0975707E-05 T  7  63
  8.8128754E-06 7.0578130E-06 5.6344238E-06 4.4807307E-06 3.5462915E-06 T  7  64
  2.7900880E-06 0.0000000E+00 0.0000000E+00 0.0000000E+00 0.0000000E+00 T  7  65
  0.0000000E+00 0.0000000E+00 0.0000000E+00 0.0000000E+00 0.0000000E+00 T  7  66
  0.0000000E+00 0.0000000E+00 0.0000000E+00 0.0000000E+00 0.0000000E+00 T  7  67
  0.0000000E+00 0.0000000E+00 0.0000000E+00 0.0000000E+00 0.0000000E+00 T  7  68
  0.0000000E+00 0.0000000E+00 0.0000000E+00 0.0000000E+00 0.0000000E+00 T  7  69
  0.0000000E+00 0.0000000E+00 0.0000000E+00 0.0000000E+00 0.0000000E+00 T  7  70
  0.0000000E+00 0.0000000E+00 0.0000000E+00 0.0000000E+00 0.0000000E+00 T  7  71
  0.0000000E+00 0.0000000E+00 0.0000000E+00 0.0000000E+00 0.0000000E+00 T  7  72
  0.0000000E+00 0.0000000E+00 0.0000000E+00 0.0000000E+00 0.0000000E+00 T  7  73
  0.0000000E+00 0.0000000E+00 0.0000000E+00 0.0000000E+00 0.0000000E+00 T  7  74
  0.0000000E+00 0.0000000E+00 0.0000000E+00 0.0000000E+00 0.0000000E+00 T  7  75
  0.0000000E+00 0.0000000E+00 0.0000000E+00 0.0000000E+00 0.0000000E+00 T  7  76
  0.0000000E+00 0.0000000E+00 0.0000000E+00 0.0000000E+00 0.0000000E+00 T  7  77
  0.0000000E+00 0.0000000E+00 0.0000000E+00 0.0000000E+00 0.0000000E+00 T  7  78
  0.0000000E+00 0.0000000E+00 0.0000000E+00 0.0000000E+00 0.0000000E+00 T  7  79
  0.0000000E+00 0.0000000E+00 0.0000000E+00 0.0000000E+00 0.0000000E+00 T  7  80
  0.0000000E+00 0.0000000E+00 0.0000000E+00 0.0000000E+00 0.0000000E+00 T  7  81
  0.0000000E+00 0.0000000E+00 0.0000000E+00 0.0000000E+00 0.0000000E+00 T  7  82
  0.0000000E+00 0.0000000E+00 0.0000000E+00 0.0000000E+00 0.0000000E+00 T  7  83
  0.0000000E+00 0.0000000E+00 0.0000000E+00 0.0000000E+00 0.0000000E+00 T  7  84
  0.0000000E+00 0.0000000E+00 0.0000000E+00 0.0000000E+00 0.0000000E+00 T  7  85
  0.0000000E+00 0.0000000E+00 0.0000000E+00 0.0000000E+00 0.0000000E+00 T  7  86
  0.0000000E+00 0.0000000E+00 0.0000000E+00 0.0000000E+00 0.0000000E+00 T  7  87
  0.0000000E+00 0.0000000E+00 0.0000000E+00 0.0000000E+00 0.0000000E+00 T  7  88
  0.0000000E+00                                                         T  7  89
1


 CORE CHARGE DENSITY OUTPUT


  0.0000000E+00 3.3855811E-03 1.3324759E-02 2.9499119E-02 5.1600553E-02 C  7   1
  7.9331033E-02 1.1240236E-01 1.5053582E-01 1.9346187E-01 2.4092026E-01 C  7   2
  2.9265928E-01 3.4843573E-01 4.0801489E-01 4.7116995E-01 5.3768218E-01 C  7   3
  6.0734010E-01 6.7993993E-01 7.5528508E-01 8.3318585E-01 9.1345918E-01 C  7   4
  9.9592930E-01 1.0804260E+00 1.1667857E+00 1.2548507E+00 1.3444703E+00 C  7   5
  1.4354974E+00 1.5277923E+00 1.6212193E+00 1.7156495E+00 1.8109574E+00 C  7   6
  1.9070237E+00 2.0037334E+00 2.1009755E+00 2.1986444E+00 2.2966380E+00 C  7   7
  2.3948600E+00 2.4932160E+00 2.5916181E+00 2.6899793E+00 2.7882187E+00 C  7   8
  2.8862576E+00 3.0814409E+00 3.2749722E+00 3.4663446E+00 3.6550984E+00 C  7   9
  3.8408208E+00 4.0231390E+00 4.2017202E+00 4.3762674E+00 4.5465174E+00 C  7  10
  4.7122393E+00 4.8732324E+00 5.0293217E+00 5.1803603E+00 5.3262239E+00 C  7  11
  5.4668097E+00 5.6020350E+00 5.7318416E+00 5.8561797E+00 5.9750242E+00 C  7  12
  6.0883589E+00 6.1961865E+00 6.2985182E+00 6.3953786E+00 6.4868026E+00 C  7  13
  6.5728335E+00 6.6535277E+00 6.7289448E+00 6.7991548E+00 6.8642316E+00 C  7  14
  6.9242582E+00 6.9793205E+00 7.0295086E+00 7.0749178E+00 7.1156492E+00 C  7  15
  7.1518016E+00 7.1834822E+00 7.2107954E+00 7.2338543E+00 7.2527647E+00 C  7  16
  7.2676401E+00 7.2857351E+00 7.2890444E+00 7.2784743E+00 7.2549248E+00 C  7  17
  7.2192888E+00 7.1724381E+00 7.1152325E+00 7.0484982E+00 6.9730449E+00 C  7  18
  6.8896499E+00 6.7990599E+00 6.7019925E+00 6.5991378E+00 6.4911494E+00 C  7  19
  6.3786502E+00 6.2622299E+00 6.1424484E+00 6.0198331E+00 5.8948812E+00 C  7  20
  5.7680602E+00 5.6398072E+00 5.5105305E+00 5.3806124E+00 5.2504063E+00 C  7  21
  5.1202416E+00 4.9904237E+00 4.8612342E+00 4.7329297E+00 4.6057477E+00 C  7  22
  4.4799042E+00 4.3555965E+00 4.2330031E+00 4.1122832E+00 3.9935815E+00 C  7  23
  3.8770266E+00 3.7627358E+00 3.6508055E+00 3.5413210E+00 3.4343584E+00 C  7  24
  3.3299804E+00 3.1291792E+00 2.9392185E+00 2.7602632E+00 2.5923576E+00 C  7  25
  2.4354453E+00 2.2893872E+00 2.1539688E+00 2.0289192E+00 1.9139204E+00 C  7  26
  1.8086158E+00 1.7126215E+00 1.6255307E+00 1.5469232E+00 1.4763694E+00 C  7  27
  1.4134350E+00 1.3576865E+00 1.3086933E+00 1.2660308E+00 1.2292836E+00 C  7  28
  1.1980460E+00 1.1719255E+00 1.1505419E+00 1.1335297E+00 1.1205385E+00 C  7  29
  1.1112323E+00 1.1052920E+00 1.1024127E+00 1.1023059E+00 1.1046985E+00 C  7  30
  1.1093324E+00 1.1159647E+00 1.1243668E+00 1.1343241E+00 1.1456361E+00 C  7  31
  1.1581149E+00 1.1715860E+00 1.1858858E+00 1.2008642E+00 1.2163801E+00 C  7  32
  1.2323042E+00 1.2649089E+00 1.2978337E+00 1.3303696E+00 1.3619311E+00 C  7  33
  1.3920401E+00 1.4203125E+00 1.4464488E+00 1.4702209E+00 1.4914641E+00 C  7  34
  1.5100673E+00 1.5259663E+00 1.5391355E+00 1.5495821E+00 1.5573416E+00 C  7  35
  1.5624725E+00 1.5650511E+00 1.5651686E+00 1.5629286E+00 1.5584433E+00 C  7  36
  1.5518305E+00 1.5432134E+00 1.5327179E+00 1.5204700E+00 1.5065963E+00 C  7  37
  1.4912224E+00 1.4744701E+00 1.4564612E+00 1.4373120E+00 1.4171350E+00 C  7  38
  1.3960400E+00 1.3741302E+00 1.3515056E+00 1.3282611E+00 1.3044862E+00 C  7  39
  1.2802659E+00 1.2556808E+00 1.2308054E+00 1.2057109E+00 1.1804628E+00 C  7  40
  1.1551226E+00 1.1043901E+00 1.0539198E+00 1.0040565E+00 9.5508754E-01 C  7  41
  9.0725088E-01 8.6073738E-01 8.1569791E-01 7.7224731E-01 7.3046976E-01 C  7  42
  6.9042224E-01 6.5213525E-01 6.1558771E-01 5.8074087E-01 5.4755056E-01 C  7  43
  5.1597053E-01 4.8595145E-01 4.5744237E-01 4.3039092E-01 4.0474397E-01 C  7  44
  3.8044786E-01 3.5744911E-01 3.3569410E-01 3.1512985E-01 2.9570445E-01 C  7  45
  2.7736634E-01 2.6006535E-01 2.4375264E-01 2.2838026E-01 2.1390219E-01 C  7  46
  2.0027351E-01 1.8745081E-01 1.7539249E-01 1.6405834E-01 1.5340970E-01 C  7  47
  1.4340964E-01 1.3402261E-01 1.2521464E-01 1.1695340E-01 1.0920796E-01 C  7  48
  1.0194883E-01 8.8778690E-02 7.7234879E-02 6.7129977E-02 5.8295652E-02 C  7  49
  5.0581228E-02 4.3852296E-02 3.7989169E-02 3.2885615E-02 2.8447494E-02 C  7  50
  2.4591574E-02 2.1244397E-02 1.8341275E-02 1.5825294E-02 1.3646489E-02 C  7  51
  1.1761056E-02 1.0130631E-02 8.7216804E-03 7.5048958E-03 6.4547276E-03 C  7  52
  5.5488953E-03 4.7680144E-03 4.0952205E-03 3.5158619E-03 3.0172190E-03 C  7  53
  2.5882605E-03 2.2194260E-03 1.9024350E-03 1.6301222E-03 1.3962927E-03 C  7  54
  1.1955921E-03 1.0233967E-03 8.7571674E-04 7.4911013E-04 6.4061017E-04 C  7  55
  5.4766092E-04 4.6806122E-04 3.9991716E-04 3.4159934E-04 2.9170679E-04 C  7  56
  2.4903566E-04 1.8136884E-04 1.3195910E-04 9.5920455E-05 6.9662165E-05 C  7  57
  5.0549163E-05 3.6650363E-05 2.6552467E-05 1.9222420E-05 1.3905967E-05 C  7  58
  1.0053022E-05 7.2628318E-06 5.2437294E-06 3.7836430E-06 2.7285059E-06 C  7  59
  1.9664994E-06 1.4165294E-06 1.0198310E-06 7.3385303E-07 5.2780683E-07 C  7  60
  3.7943053E-07 2.7263798E-07 1.9581326E-07 1.4057335E-07 1.0087221E-07 C  7  61
  7.2351689E-08 5.1871968E-08 3.7172338E-08 2.6625738E-08 1.9061828E-08 C  7  62
  1.3639158E-08 9.7530206E-09 6.9690422E-09 4.9753441E-09 3.5480867E-09 C  7  63
  2.5266813E-09 1.7959713E-09 1.2734040E-09 8.9982899E-10 6.3287786E-10 C  7  64
  4.4221882E-10 0.0000000E+00 0.0000000E+00 0.0000000E+00 0.0000000E+00 C  7  65
  0.0000000E+00 0.0000000E+00 0.0000000E+00 0.0000000E+00 0.0000000E+00 C  7  66
  0.0000000E+00 0.0000000E+00 0.0000000E+00 0.0000000E+00 0.0000000E+00 C  7  67
  0.0000000E+00 0.0000000E+00 0.0000000E+00 0.0000000E+00 0.0000000E+00 C  7  68
  0.0000000E+00 0.0000000E+00 0.0000000E+00 0.0000000E+00 0.0000000E+00 C  7  69
  0.0000000E+00 0.0000000E+00 0.0000000E+00 0.0000000E+00 0.0000000E+00 C  7  70
  0.0000000E+00 0.0000000E+00 0.0000000E+00 0.0000000E+00 0.0000000E+00 C  7  71
  0.0000000E+00 0.0000000E+00 0.0000000E+00 0.0000000E+00 0.0000000E+00 C  7  72
  0.0000000E+00 0.0000000E+00 0.0000000E+00 0.0000000E+00 0.0000000E+00 C  7  73
  0.0000000E+00 0.0000000E+00 0.0000000E+00 0.0000000E+00 0.0000000E+00 C  7  74
  0.0000000E+00 0.0000000E+00 0.0000000E+00 0.0000000E+00 0.0000000E+00 C  7  75
  0.0000000E+00 0.0000000E+00 0.0000000E+00 0.0000000E+00 0.0000000E+00 C  7  76
  0.0000000E+00 0.0000000E+00 0.0000000E+00 0.0000000E+00 0.0000000E+00 C  7  77
  0.0000000E+00 0.0000000E+00 0.0000000E+00 0.0000000E+00 0.0000000E+00 C  7  78
  0.0000000E+00 0.0000000E+00 0.0000000E+00 0.0000000E+00 0.0000000E+00 C  7  79
  0.0000000E+00 0.0000000E+00 0.0000000E+00 0.0000000E+00 0.0000000E+00 C  7  80
  0.0000000E+00 0.0000000E+00 0.0000000E+00 0.0000000E+00 0.0000000E+00 C  7  81
  0.0000000E+00 0.0000000E+00 0.0000000E+00 0.0000000E+00 0.0000000E+00 C  7  82
  0.0000000E+00 0.0000000E+00 0.0000000E+00 0.0000000E+00 0.0000000E+00 C  7  83
  0.0000000E+00 0.0000000E+00 0.0000000E+00 0.0000000E+00 0.0000000E+00 C  7  84
  0.0000000E+00 0.0000000E+00 0.0000000E+00 0.0000000E+00 0.0000000E+00 C  7  85
  0.0000000E+00 0.0000000E+00 0.0000000E+00 0.0000000E+00 0.0000000E+00 C  7  86
  0.0000000E+00 0.0000000E+00 0.0000000E+00 0.0000000E+00 0.0000000E+00 C  7  87
  0.0000000E+00 0.0000000E+00 0.0000000E+00 0.0000000E+00 0.0000000E+00 C  7  88
  0.0000000E+00                                                         C  7  89
