 NITROGEN                                                                



      KEY   TOL     THRESH   MESH  IPRATT  MAXIT  KUT   RADION     RATIO      ALPHA
       0   0.0010  0.000010  441      1     50     0   0.0000000  1.0000000  0.7000000

       100  2.000000       -29.737
       200  2.000000        -1.696
       210  3.000000        -0.845
  ITER    Z       DELTA        I(DEL)    X(DEL)    I(CUT)    X(CUT)
    1    7.0  2.00003457E+00     360    50.4600      441   204.6998


       100  2.000000       -28.630
       200  2.000000        -1.434
       210  3.000000        -0.614
  ITER    Z       DELTA        I(DEL)    X(DEL)    I(CUT)    X(CUT)
    2    7.0  1.00002396E+00     360    50.4600      212     3.9800


       100  2.000000       -28.493
       200  2.000000        -1.479
       210  3.000000        -0.671
  ITER    Z       DELTA        I(DEL)    X(DEL)    I(CUT)    X(CUT)
    3    7.0  8.67688656E-02     224     4.9400      213     4.0600


       100  2.000000       -28.372
       200  2.000000        -1.459
       210  3.000000        -0.658
  ITER    Z       DELTA        I(DEL)    X(DEL)    I(CUT)    X(CUT)
    4    7.0  2.26620436E-02     225     5.0200      212     3.9800


       100  2.000000       -28.335
       200  2.000000        -1.462
       210  3.000000        -0.661
  ITER    Z       DELTA        I(DEL)    X(DEL)    I(CUT)    X(CUT)
    5    7.0  1.10450983E-02     221     4.7000      212     3.9800


       100  2.000000       -28.321
       200  2.000000        -1.459
       210  3.000000        -0.660
  ITER    Z       DELTA        I(DEL)    X(DEL)    I(CUT)    X(CUT)
    6    7.0  3.63862514E-03     221     4.7000      212     3.9800


       100  2.000000       -28.314
       200  2.000000        -1.459
       210  3.000000        -0.660
  ITER    Z       DELTA        I(DEL)    X(DEL)    I(CUT)    X(CUT)
    7    7.0  1.33013725E-03     205     3.4200      212     3.9800


       100  2.000000       -28.313
       200  2.000000        -1.459
       210  3.000000        -0.660
  ITER    Z       DELTA        I(DEL)    X(DEL)    I(CUT)    X(CUT)
    8    7.0  6.18934631E-04     206     3.5000      212     3.9800


