 HERMAN-S MODIFIED POTENTIAL RV(R) ON 441 pt GRID, IN HARTREE AUs, IDEALLY = -Z U
 441 GRID STARTS WITH dx=0.0025 AND DOUBLES AFTER EVERY 40 POINTS.
NITROGEN                                                                
   7.0000
   3
-7.0000000E+00-6.9860888E+00-6.9721031E+00-6.9580584E+00-6.9439473E+00
-6.9297724E+00-6.9155483E+00-6.9012718E+00-6.8869591E+00-6.8725815E+00
-6.8581595E+00-6.8437152E+00-6.8292251E+00-6.8147130E+00-6.8001966E+00
-6.7856460E+00-6.7710481E+00-6.7564650E+00-6.7418423E+00-6.7272182E+00
-6.7125826E+00-6.6979666E+00-6.6833181E+00-6.6686764E+00-6.6540251E+00
-6.6393886E+00-6.6247416E+00-6.6101122E+00-6.5954971E+00-6.5808907E+00
-6.5663071E+00-6.5517092E+00-6.5371475E+00-6.5226088E+00-6.5080576E+00
-6.4935551E+00-6.4790878E+00-6.4646063E+00-6.4501500E+00-6.4357476E+00
-6.4213686E+00-6.3927040E+00-6.3641648E+00-6.3357878E+00-6.3075256E+00
-6.2794085E+00-6.2514372E+00-6.2236519E+00-6.1960373E+00-6.1686068E+00
-6.1413522E+00-6.1143074E+00-6.0874567E+00-6.0607224E+00-6.0342364E+00
-6.0078850E+00-5.9817286E+00-5.9558053E+00-5.9300823E+00-5.9045258E+00
-5.8792391E+00-5.8541250E+00-5.8292112E+00-5.8045034E+00-5.7800398E+00
-5.7557058E+00-5.7316246E+00-5.7076807E+00-5.6839767E+00-5.6604285E+00
-5.6371264E+00-5.6140375E+00-5.5911713E+00-5.5684528E+00-5.5459256E+00
-5.5235767E+00-5.5013776E+00-5.4793649E+00-5.4575872E+00-5.4360046E+00
-5.4146204E+00-5.3723288E+00-5.3307738E+00-5.2899094E+00-5.2496510E+00
-5.2100701E+00-5.1711020E+00-5.1327500E+00-5.0949855E+00-5.0578251E+00
-5.0211792E+00-4.9851246E+00-4.9495044E+00-4.9143963E+00-4.8797970E+00
-4.8456144E+00-4.8119378E+00-4.7786942E+00-4.7459240E+00-4.7135634E+00
-4.6816239E+00-4.6499906E+00-4.6187983E+00-4.5879297E+00-4.5574384E+00
-4.5272584E+00-4.4974899E+00-4.4679866E+00-4.4387984E+00-4.4099426E+00
-4.3814182E+00-4.3531561E+00-4.3251839E+00-4.2974939E+00-4.2700663E+00
-4.2429295E+00-4.2160597E+00-4.1894541E+00-4.1631064E+00-4.1370115E+00
-4.1111703E+00-4.0602379E+00-4.0102601E+00-3.9612346E+00-3.9131770E+00
-3.8660619E+00-3.8198609E+00-3.7745998E+00-3.7302508E+00-3.6868119E+00
-3.6442680E+00-3.6026130E+00-3.5618277E+00-3.5219059E+00-3.4828227E+00
-3.4445624E+00-3.4070992E+00-3.3704157E+00-3.3344789E+00-3.2992673E+00
-3.2647481E+00-3.2309003E+00-3.1976879E+00-3.1650872E+00-3.1330669E+00
-3.1016052E+00-3.0706692E+00-3.0402391E+00-3.0102859E+00-2.9807949E+00
-2.9517369E+00-2.9230981E+00-2.8948555E+00-2.8669984E+00-2.8395042E+00
-2.8123653E+00-2.7855623E+00-2.7590919E+00-2.7329335E+00-2.7070870E+00
-2.6815338E+00-2.6312978E+00-2.5821671E+00-2.5340981E+00-2.4870529E+00
-2.4410019E+00-2.3959181E+00-2.3517804E+00-2.3085675E+00-2.2662659E+00
-2.2248578E+00-2.1843495E+00-2.1446867E+00-2.1058803E+00-2.0679231E+00
-2.0307875E+00-1.9944582E+00-1.9589525E+00-1.9242262E+00-1.8902807E+00
-1.8570995E+00-1.8246746E+00-1.7929900E+00-1.7620296E+00-1.7317761E+00
-1.7022278E+00-1.6733522E+00-1.6451581E+00-1.6176015E+00-1.5907031E+00
-1.5644171E+00-1.5387576E+00-1.5136869E+00-1.4892166E+00-1.4652948E+00
-1.4419475E+00-1.4191363E+00-1.3968619E+00-1.3751009E+00-1.3538585E+00
-1.3331014E+00-1.2930286E+00-1.2547822E+00-1.2182829E+00-1.1834352E+00
-1.1501644E+00-1.1183887E+00-1.0880438E+00-1.0590467E+00-1.0313470E+00
-1.0048752E+00-1.0000000E+00-1.0000000E+00-1.0000000E+00-1.0000000E+00
-1.0000000E+00-1.0000000E+00-1.0000000E+00-1.0000000E+00-1.0000000E+00
-1.0000000E+00-1.0000000E+00-1.0000000E+00-1.0000000E+00-1.0000000E+00
-1.0000000E+00-1.0000000E+00-1.0000000E+00-1.0000000E+00-1.0000000E+00
-1.0000000E+00-1.0000000E+00-1.0000000E+00-1.0000000E+00-1.0000000E+00
-1.0000000E+00-1.0000000E+00-1.0000000E+00-1.0000000E+00-1.0000000E+00
-1.0000000E+00-1.0000000E+00-1.0000000E+00-1.0000000E+00-1.0000000E+00
-1.0000000E+00-1.0000000E+00-1.0000000E+00-1.0000000E+00-1.0000000E+00
-1.0000000E+00-1.0000000E+00-1.0000000E+00-1.0000000E+00-1.0000000E+00
-1.0000000E+00-1.0000000E+00-1.0000000E+00-1.0000000E+00-1.0000000E+00
-1.0000000E+00-1.0000000E+00-1.0000000E+00-1.0000000E+00-1.0000000E+00
-1.0000000E+00-1.0000000E+00-1.0000000E+00-1.0000000E+00-1.0000000E+00
-1.0000000E+00-1.0000000E+00-1.0000000E+00-1.0000000E+00-1.0000000E+00
-1.0000000E+00-1.0000000E+00-1.0000000E+00-1.0000000E+00-1.0000000E+00
-1.0000000E+00-1.0000000E+00-1.0000000E+00-1.0000000E+00-1.0000000E+00
-1.0000000E+00-1.0000000E+00-1.0000000E+00-1.0000000E+00-1.0000000E+00
-1.0000000E+00-1.0000000E+00-1.0000000E+00-1.0000000E+00-1.0000000E+00
-1.0000000E+00-1.0000000E+00-1.0000000E+00-1.0000000E+00-1.0000000E+00
-1.0000000E+00-1.0000000E+00-1.0000000E+00-1.0000000E+00-1.0000000E+00
-1.0000000E+00-1.0000000E+00-1.0000000E+00-1.0000000E+00-1.0000000E+00
-1.0000000E+00-1.0000000E+00-1.0000000E+00-1.0000000E+00-1.0000000E+00
-1.0000000E+00-1.0000000E+00-1.0000000E+00-1.0000000E+00-1.0000000E+00
-1.0000000E+00-1.0000000E+00-1.0000000E+00-1.0000000E+00-1.0000000E+00
-1.0000000E+00-1.0000000E+00-1.0000000E+00-1.0000000E+00-1.0000000E+00
-1.0000000E+00-1.0000000E+00-1.0000000E+00-1.0000000E+00-1.0000000E+00
-1.0000000E+00-1.0000000E+00-1.0000000E+00-1.0000000E+00-1.0000000E+00
-1.0000000E+00-1.0000000E+00-1.0000000E+00-1.0000000E+00-1.0000000E+00
-1.0000000E+00-1.0000000E+00-1.0000000E+00-1.0000000E+00-1.0000000E+00
-1.0000000E+00-1.0000000E+00-1.0000000E+00-1.0000000E+00-1.0000000E+00
-1.0000000E+00-1.0000000E+00-1.0000000E+00-1.0000000E+00-1.0000000E+00
-1.0000000E+00-1.0000000E+00-1.0000000E+00-1.0000000E+00-1.0000000E+00
-1.0000000E+00-1.0000000E+00-1.0000000E+00-1.0000000E+00-1.0000000E+00
-1.0000000E+00-1.0000000E+00-1.0000000E+00-1.0000000E+00-1.0000000E+00
-1.0000000E+00-1.0000000E+00-1.0000000E+00-1.0000000E+00-1.0000000E+00
-1.0000000E+00-1.0000000E+00-1.0000000E+00-1.0000000E+00-1.0000000E+00
-1.0000000E+00-1.0000000E+00-1.0000000E+00-1.0000000E+00-1.0000000E+00
-1.0000000E+00-1.0000000E+00-1.0000000E+00-1.0000000E+00-1.0000000E+00
-1.0000000E+00-1.0000000E+00-1.0000000E+00-1.0000000E+00-1.0000000E+00
-1.0000000E+00-1.0000000E+00-1.0000000E+00-1.0000000E+00-1.0000000E+00
-1.0000000E+00-1.0000000E+00-1.0000000E+00-1.0000000E+00-1.0000000E+00
-1.0000000E+00-1.0000000E+00-1.0000000E+00-1.0000000E+00-1.0000000E+00
-1.0000000E+00-1.0000000E+00-1.0000000E+00-1.0000000E+00-1.0000000E+00
-1.0000000E+00-1.0000000E+00-1.0000000E+00-1.0000000E+00-1.0000000E+00
-1.0000000E+00-1.0000000E+00-1.0000000E+00-1.0000000E+00-1.0000000E+00
-1.0000000E+00-1.0000000E+00-1.0000000E+00-1.0000000E+00-1.0000000E+00
-1.0000000E+00-1.0000000E+00-1.0000000E+00-1.0000000E+00-1.0000000E+00
-1.0000000E+00
