HERMAN-S
NITROGEN                                                                
   7.0000
   3
   0
 241
   1.0000
 0.0000000E+00 4.0087402E-02 7.9528242E-02 1.1833055E-01 1.5650222E-01
 1.9405109E-01 2.3098496E-01 2.6731151E-01 3.0303827E-01 3.3817288E-01
 3.7272272E-01 4.0669510E-01 4.4009739E-01 4.7293672E-01 5.0522035E-01
 5.3695518E-01 5.6814826E-01 5.9880650E-01 6.2893671E-01 6.5854555E-01
 6.8763989E-01 7.1622616E-01 7.4431092E-01 7.7190059E-01 7.9900175E-01
 8.2562047E-01 8.5176313E-01 8.7743568E-01 9.0264457E-01 9.2739558E-01
 9.5169473E-01 9.7554803E-01 9.9896109E-01 1.0219398E+00 1.0444896E+00
 1.0666165E+00 1.0883259E+00 1.1096233E+00 1.1305140E+00 1.1510036E+00
 1.1710972E+00 1.2101177E+00 1.2476168E+00 1.2836347E+00 1.3182104E+00
 1.3513825E+00 1.3831885E+00 1.4136649E+00 1.4428476E+00 1.4707712E+00
 1.4974698E+00 1.5229766E+00 1.5473239E+00 1.5705435E+00 1.5926661E+00
 1.6137221E+00 1.6337403E+00 1.6527501E+00 1.6707790E+00 1.6878545E+00
 1.7040031E+00 1.7192509E+00 1.7336233E+00 1.7471448E+00 1.7598397E+00
 1.7717311E+00 1.7828426E+00 1.7931961E+00 1.8028136E+00 1.8117163E+00
 1.8199252E+00 1.8274603E+00 1.8343413E+00 1.8405875E+00 1.8462179E+00
 1.8512504E+00 1.8557032E+00 1.8595935E+00 1.8629386E+00 1.8657546E+00
 1.8680580E+00 1.8711888E+00 1.8724521E+00 1.8719634E+00 1.8698317E+00
 1.8661612E+00 1.8610506E+00 1.8545941E+00 1.8468803E+00 1.8379942E+00
 1.8280162E+00 1.8170222E+00 1.8050847E+00 1.7922728E+00 1.7786516E+00
 1.7642829E+00 1.7492254E+00 1.7335346E+00 1.7172635E+00 1.7004619E+00
 1.6831772E+00 1.6654545E+00 1.6473359E+00 1.6288619E+00 1.6100702E+00
 1.5909970E+00 1.5716763E+00 1.5521402E+00 1.5324192E+00 1.5125418E+00
 1.4925350E+00 1.4724245E+00 1.4522343E+00 1.4319868E+00 1.4117035E+00
 1.3914043E+00 1.3711088E+00 1.3508340E+00 1.3305963E+00 1.3104116E+00
 1.2902942E+00 1.2503154E+00 1.2107581E+00 1.1717076E+00 1.1332374E+00
 1.0954101E+00 1.0582798E+00 1.0218905E+00 9.8627943E-01 9.5147645E-01
 9.1750515E-01 8.8438374E-01 8.5212499E-01 8.2073754E-01 7.9022598E-01
 7.6059127E-01 7.3183137E-01 7.0394152E-01 6.7691445E-01 6.5074092E-01
 6.2540972E-01 6.0090840E-01 5.7722282E-01 5.5433786E-01 5.3223765E-01
 5.1090521E-01 4.9032325E-01 4.7047374E-01 4.5133841E-01 4.3289873E-01
 4.1513586E-01 3.9803106E-01 3.8156545E-01 3.6572030E-01 3.5047686E-01
 3.3581668E-01 3.2172135E-01 3.0817279E-01 2.9515326E-01 2.8264517E-01
 2.7063128E-01 2.4801934E-01 2.2718693E-01 2.0800962E-01 1.9036932E-01
 1.7415439E-01 1.5925948E-01 1.4558570E-01 1.3304019E-01 1.2153617E-01
 1.1099262E-01 1.0133401E-01 9.2490114E-02 8.4395714E-02 7.6990306E-02
 7.0217833E-02 6.4026482E-02 5.8368333E-02 5.3199153E-02 4.8478164E-02
 4.4167772E-02 4.0233366E-02 3.6643110E-02 3.3367727E-02 3.0380329E-02
 2.7656211E-02 2.5172722E-02 2.2909077E-02 2.0846225E-02 1.8966710E-02
 1.7254554E-02 1.5695116E-02 1.4275019E-02 1.2982012E-02 1.1804900E-02
 1.0733452E-02 9.7583169E-03 8.8709574E-03 8.0635734E-03 7.3290481E-03
 6.6608833E-03 5.5005234E-03 4.5409887E-03 3.7478358E-03 3.0924550E-03
 2.5511000E-03 2.1040759E-03 1.7350565E-03 1.4305186E-03 1.1792645E-03
 9.7202888E-04 8.0114562E-04 6.6025677E-04 5.4410775E-04 4.4836185E-04
 3.6944103E-04 3.0439338E-04 2.5078401E-04 2.0660457E-04 1.7019871E-04
 1.4020049E-04 1.1548364E-04 9.5119525E-05 7.8342549E-05 6.4521570E-05
 5.3136355E-05 4.3758075E-05 3.6033318E-05 2.9670817E-05 2.4430528E-05
 2.0114663E-05 1.6560236E-05 1.3632949E-05 1.1222151E-05 9.2366754E-06
 7.6014035E-06 6.2544404E-06 5.1447819E-06 4.2303932E-06 3.4766247E-06
 2.8548995E-06
   0
 321
   1.0000
 0.0000000E+00 9.2623271E-03 1.8374933E-02 2.7339343E-02 3.6157072E-02
 4.4829611E-02 5.3358469E-02 6.1745107E-02 6.9990993E-02 7.8097582E-02
 8.6066328E-02 9.3898632E-02 1.0159595E-01 1.0915966E-01 1.1659116E-01
 1.2389185E-01 1.3106306E-01 1.3810618E-01 1.4502256E-01 1.5181354E-01
 1.5848041E-01 1.6502449E-01 1.7144711E-01 1.7774953E-01 1.8393303E-01
 1.8999889E-01 1.9594835E-01 2.0178266E-01 2.0750305E-01 2.1311072E-01
 2.1860690E-01 2.2399276E-01 2.2926956E-01 2.3443840E-01 2.3950045E-01
 2.4445687E-01 2.4930884E-01 2.5405747E-01 2.5870386E-01 2.6324910E-01
 2.6769438E-01 2.7628914E-01 2.8449684E-01 2.9232579E-01 2.9978439E-01
 3.0688062E-01 3.1362253E-01 3.2001787E-01 3.2607430E-01 3.3179924E-01
 3.3720022E-01 3.4228426E-01 3.4705856E-01 3.5152999E-01 3.5570532E-01
 3.5959128E-01 3.6319438E-01 3.6652100E-01 3.6957741E-01 3.7236974E-01
 3.7490407E-01 3.7718633E-01 3.7922215E-01 3.8101748E-01 3.8257763E-01
 3.8390824E-01 3.8501447E-01 3.8590178E-01 3.8657513E-01 3.8703969E-01
 3.8730031E-01 3.8736182E-01 3.8722906E-01 3.8690659E-01 3.8639897E-01
 3.8571072E-01 3.8484621E-01 3.8380966E-01 3.8260540E-01 3.8123748E-01
 3.7970999E-01 3.7619191E-01 3.7208211E-01 3.6741006E-01 3.6220425E-01
 3.5649201E-01 3.5029957E-01 3.4365228E-01 3.3657438E-01 3.2908922E-01
 3.2121921E-01 3.1298590E-01 3.0441004E-01 2.9551160E-01 2.8630969E-01
 2.7682278E-01 2.6706854E-01 2.5706401E-01 2.4682549E-01 2.3636873E-01
 2.2570887E-01 2.1486038E-01 2.0383723E-01 1.9265282E-01 1.8132003E-01
 1.6985118E-01 1.5825820E-01 1.4655249E-01 1.3474500E-01 1.2284620E-01
 1.1086622E-01 9.8814741E-02 8.6701050E-02 7.4534036E-02 6.2322278E-02
 5.0073940E-02 3.7796892E-02 2.5498640E-02 1.3186405E-02 8.6708402E-04
-1.1452715E-02-3.6068730E-02-6.0614284E-02-8.5046105E-02-1.0932473E-01
-1.3341424E-01-1.5728194E-01-1.8089825E-01-2.0423646E-01-2.2727236E-01
-2.4998434E-01-2.7235296E-01-2.9436094E-01-3.1599283E-01-3.3723515E-01
-3.5807601E-01-3.7850508E-01-3.9851344E-01-4.1809356E-01-4.3723908E-01
-4.5594478E-01-4.7420654E-01-4.9202111E-01-5.0938630E-01-5.2630061E-01
-5.4276335E-01-5.5877465E-01-5.7433510E-01-5.8944601E-01-6.0410923E-01
-6.1832714E-01-6.3210255E-01-6.4543873E-01-6.5833938E-01-6.7080849E-01
-6.8285036E-01-6.9446987E-01-7.0567161E-01-7.1646118E-01-7.2684371E-01
-7.3682481E-01-7.5560629E-01-7.7285373E-01-7.8861701E-01-8.0294776E-01
-8.1589848E-01-8.2752204E-01-8.3787185E-01-8.4700102E-01-8.5496259E-01
-8.6180872E-01-8.6759126E-01-8.7236077E-01-8.7616688E-01-8.7905818E-01
-8.8108212E-01-8.8228464E-01-8.8271028E-01-8.8240248E-01-8.8140315E-01
-8.7975252E-01-8.7748957E-01-8.7465209E-01-8.7127584E-01-8.6739564E-01
-8.6304480E-01-8.5825485E-01-8.5305673E-01-8.4747946E-01-8.4155083E-01
-8.3529770E-01-8.2874531E-01-8.2191789E-01-8.1483865E-01-8.0752939E-01
-8.0001110E-01-7.9230368E-01-7.8442591E-01-7.7639580E-01-7.6823026E-01
-7.5994539E-01-7.4307793E-01-7.2590584E-01-7.0852959E-01-6.9103849E-01
-6.7351240E-01-6.5602154E-01-6.3862818E-01-6.2138683E-01-6.0434550E-01
-5.8754587E-01-5.7102275E-01-5.5479133E-01-5.3886002E-01-5.2323520E-01
-5.0792235E-01-4.9292558E-01-4.7824797E-01-4.6389160E-01-4.4985771E-01
-4.3614668E-01-4.2275825E-01-4.0969139E-01-3.9694449E-01-3.8451558E-01
-3.7240189E-01-3.6060044E-01-3.4910789E-01-3.3792031E-01-3.2703379E-01
-3.1644392E-01-3.0614606E-01-2.9613551E-01-2.8640735E-01-2.7695641E-01
-2.6777756E-01-2.5886542E-01-2.5021455E-01-2.4181956E-01-2.3367494E-01
-2.2577514E-01-2.1068779E-01-1.9651321E-01-1.8320750E-01-1.7072734E-01
-1.5903023E-01-1.4807481E-01-1.3782084E-01-1.2822951E-01-1.1926335E-01
-1.1088637E-01-1.0306405E-01-9.5763445E-02-8.8953063E-02-8.2602933E-02
-7.6684602E-02-7.1171030E-02-6.6036656E-02-6.1257228E-02-5.6809891E-02
-5.2673027E-02-4.8826296E-02-4.5250528E-02-4.1927688E-02-3.8840823E-02
-3.5974022E-02-3.3312354E-02-3.0841814E-02-2.8549274E-02-2.6422460E-02
-2.4449868E-02-2.2620751E-02-2.0925066E-02-1.9353425E-02-1.7897069E-02
-1.6547823E-02-1.5298059E-02-1.4140671E-02-1.3069035E-02-1.2076978E-02
-1.1158756E-02-9.5228367E-03-8.1227794E-03-6.9253324E-03-5.9017865E-03
-5.0273831E-03-4.2807921E-03-3.6436566E-03-3.1001952E-03-2.6368510E-03
-2.2419882E-03-1.9056274E-03-1.6192173E-03-1.3754350E-03-1.1680124E-03
-9.9158951E-04-8.4158464E-04-7.1408367E-04-6.0574460E-04-5.1371532E-04
-4.3556315E-04-3.6921402E-04-3.1290035E-04-2.6511634E-04-2.2457984E-04
-1.9019948E-04-1.6104653E-04-1.3633110E-04-1.1538141E-04-9.7626398E-05
-8.2580744E-05-6.9832015E-05-5.9029833E-05-4.9876569E-05-4.2119394E-05
-3.5543504E-05-2.9966408E-05-2.5232956E-05-2.1211188E-05-1.7788730E-05
-1.4869748E-05
   1
 321
   0.5000
 0.0000000E+00 1.3254791E-05 5.2805153E-05 1.1833242E-04 2.0952102E-04
 3.2605851E-04 4.6763546E-04 6.3394557E-04 8.2468550E-04 1.0395549E-03
 1.2782565E-03 1.5404961E-03 1.8259821E-03 2.1344260E-03 2.4655426E-03
 2.8190485E-03 3.1946646E-03 3.5921135E-03 4.0111211E-03 4.4514150E-03
 4.9127284E-03 5.3947940E-03 5.8973487E-03 6.4201322E-03 6.9628879E-03
 7.5253583E-03 8.1072925E-03 8.7084388E-03 9.3285516E-03 9.9673858E-03
 1.0624697E-02 1.1300248E-02 1.1993799E-02 1.2705117E-02 1.3433969E-02
 1.4180125E-02 1.4943357E-02 1.5723437E-02 1.6520146E-02 1.7333264E-02
 1.8162567E-02 1.9868881E-02 2.1637382E-02 2.3466403E-02 2.5354313E-02
 2.7299510E-02 2.9300431E-02 3.1355537E-02 3.3463333E-02 3.5622343E-02
 3.7831128E-02 4.0088270E-02 4.2392392E-02 4.4742145E-02 4.7136199E-02
 4.9573254E-02 5.2052040E-02 5.4571308E-02 5.7129845E-02 5.9726439E-02
 6.2359948E-02 6.5029189E-02 6.7733072E-02 7.0470482E-02 7.3240340E-02
 7.6041587E-02 7.8873202E-02 8.1734151E-02 8.4623463E-02 8.7540157E-02
 9.0483278E-02 9.3451887E-02 9.6445084E-02 9.9461958E-02 1.0250164E-01
 1.0556327E-01 1.0864601E-01 1.1174901E-01 1.1487148E-01 1.1801264E-01
 1.2117168E-01 1.2754045E-01 1.3397188E-01 1.4046030E-01 1.4700027E-01
 1.5358658E-01 1.6021420E-01 1.6687831E-01 1.7357431E-01 1.8029779E-01
 1.8704447E-01 1.9381028E-01 2.0059130E-01 2.0738377E-01 2.1418415E-01
 2.2098893E-01 2.2779484E-01 2.3459873E-01 2.4139754E-01 2.4818842E-01
 2.5496855E-01 2.6173529E-01 2.6848611E-01 2.7521858E-01 2.8193039E-01
 2.8861928E-01 2.9528317E-01 3.0192009E-01 3.0852804E-01 3.1510529E-01
 3.2164997E-01 3.2816052E-01 3.3463529E-01 3.4107283E-01 3.4747168E-01
 3.5383061E-01 3.6014819E-01 3.6642331E-01 3.7265474E-01 3.7884149E-01
 3.8498247E-01 3.9712337E-01 4.0907049E-01 4.2081764E-01 4.3235937E-01
 4.4369105E-01 4.5480856E-01 4.6570846E-01 4.7638798E-01 4.8684469E-01
 4.9707672E-01 5.0708264E-01 5.1686132E-01 5.2641207E-01 5.3573447E-01
 5.4482859E-01 5.5369455E-01 5.6233281E-01 5.7074398E-01 5.7892913E-01
 5.8688933E-01 5.9462577E-01 6.0213995E-01 6.0943353E-01 6.1650825E-01
 6.2336594E-01 6.3000870E-01 6.3643855E-01 6.4265782E-01 6.4866877E-01
 6.5447390E-01 6.6007566E-01 6.6547662E-01 6.7067933E-01 6.7568672E-01
 6.8050122E-01 6.8512589E-01 6.8956357E-01 6.9381708E-01 6.9788933E-01
 7.0178324E-01 7.0904815E-01 7.1563601E-01 7.2157097E-01 7.2687739E-01
 7.3157942E-01 7.3570120E-01 7.3926669E-01 7.4229950E-01 7.4482280E-01
 7.4685943E-01 7.4843186E-01 7.4956185E-01 7.5027072E-01 7.5057918E-01
 7.5050759E-01 7.5007540E-01 7.4930161E-01 7.4820465E-01 7.4680215E-01
 7.4511141E-01 7.4314892E-01 7.4093050E-01 7.3847157E-01 7.3578686E-01
 7.3289043E-01 7.2979599E-01 7.2651654E-01 7.2306460E-01 7.1945196E-01
 7.1569031E-01 7.1179068E-01 7.0776325E-01 7.0361829E-01 6.9936520E-01
 6.9501328E-01 6.9057125E-01 6.8604738E-01 6.8144959E-01 6.7678559E-01
 6.7206240E-01 6.6246605E-01 6.5271151E-01 6.4284497E-01 6.3290840E-01
 6.2293953E-01 6.1297250E-01 6.0303760E-01 5.9316242E-01 5.8337158E-01
 5.7368702E-01 5.6412709E-01 5.5469358E-01 5.4538339E-01 5.3619367E-01
 5.2712184E-01 5.1816571E-01 5.0932348E-01 5.0059325E-01 4.9197379E-01
 4.8346367E-01 4.7506189E-01 4.6676734E-01 4.5857918E-01 4.5049658E-01
 4.4251883E-01 4.3464532E-01 4.2687538E-01 4.1920844E-01 4.1164395E-01
 4.0418145E-01 3.9682034E-01 3.8956013E-01 3.8240045E-01 3.7534064E-01
 3.6838025E-01 3.6151883E-01 3.5475582E-01 3.4809065E-01 3.4152284E-01
 3.3505175E-01 3.2239756E-01 3.1012329E-01 2.9822373E-01 2.8669351E-01
 2.7552682E-01 2.6471773E-01 2.5425994E-01 2.4414693E-01 2.3437192E-01
 2.2492804E-01 2.1580812E-01 2.0700501E-01 1.9851124E-01 1.9031945E-01
 1.8242204E-01 1.7481150E-01 1.6748017E-01 1.6042049E-01 1.5362485E-01
 1.4708568E-01 1.4079550E-01 1.3474679E-01 1.2893224E-01 1.2334453E-01
 1.1797647E-01 1.1282098E-01 1.0787107E-01 1.0311992E-01 9.8560795E-02
 9.4187118E-02 8.9992449E-02 8.5970491E-02 8.2115084E-02 7.8420244E-02
 7.4880116E-02 7.1489021E-02 6.8241388E-02 6.5131851E-02 6.2155176E-02
 5.9306275E-02 5.3972255E-02 4.9092162E-02 4.4630732E-02 4.0554978E-02
 3.6834113E-02 3.3439469E-02 3.0344380E-02 2.7524117E-02 2.4955753E-02
 2.2618083E-02 2.0491503E-02 1.8557938E-02 1.6800720E-02 1.5204508E-02
 1.3755199E-02 1.2439830E-02 1.1246511E-02 1.0164335E-02 9.1833146E-03
 8.2943058E-03 7.4889422E-03 6.7595774E-03 6.0992287E-03 5.5015204E-03
 4.9606347E-03 4.4712676E-03 4.0285843E-03 3.6281806E-03 3.2660447E-03
 2.9385246E-03 2.6422951E-03 2.3743305E-03 2.1318777E-03 1.9124295E-03
 1.7137044E-03 1.5336251E-03 1.3702981E-03 1.2219971E-03 1.0871459E-03
 9.6430385E-04
