 ZINC                                                                    



      KEY   TOL     THRESH   MESH  IPRATT  MAXIT  KUT   RADION     RATIO      ALPHA
       0   0.0030  0.000100  441      1     50     0   0.0000000  1.0000000  0.7000000

       100  2.000000      -698.400
       200  2.000000       -85.120
       210  6.000000       -75.550
       300  2.000000        -9.793
       310  6.000000        -6.661
       320 10.000000        -1.258
       400  2.000000        -0.618
  ITER    Z       DELTA        I(DEL)    X(DEL)    I(CUT)    X(CUT)
    1   30.0  9.61416245E-01     183     2.3800      265    10.1400


       100  2.000000      -693.153
       200  2.000000       -83.190
       210  6.000000       -73.478
       300  2.000000        -8.988
       310  6.000000        -5.879
       320 10.000000        -0.600
       400  2.000000        -0.505
  ITER    Z       DELTA        I(DEL)    X(DEL)    I(CUT)    X(CUT)
    2   30.0  7.56157875E-01     171     1.9000      257     8.8600


       100  2.000000      -692.398
       200  2.000000       -83.905
       210  6.000000       -74.192
       300  2.000000        -9.521
       310  6.000000        -6.405
       320 10.000000        -1.074
       400  2.000000        -0.561
  ITER    Z       DELTA        I(DEL)    X(DEL)    I(CUT)    X(CUT)
    3   30.0  6.19700432E-01     179     2.2200      258     9.0200


       100  2.000000      -690.844
       200  2.000000       -82.992
       210  6.000000       -73.243
       300  2.000000        -9.043
       310  6.000000        -5.941
       320 10.000000        -0.688
       400  2.000000        -0.513
  ITER    Z       DELTA        I(DEL)    X(DEL)    I(CUT)    X(CUT)
    4   30.0  4.68980789E-01     173     1.9800      256     8.7000


       100  2.000000      -691.260
       200  2.000000       -83.580
       210  6.000000       -73.838
       300  2.000000        -9.392
       310  6.000000        -6.282
       320 10.000000        -0.990
       400  2.000000        -0.547
  ITER    Z       DELTA        I(DEL)    X(DEL)    I(CUT)    X(CUT)
    5   30.0  3.86193275E-01     178     2.1800      257     8.8600


       100  2.000000      -690.564
       200  2.000000       -83.055
       210  6.000000       -73.300
       300  2.000000        -9.100
       310  6.000000        -5.998
       320 10.000000        -0.747
       400  2.000000        -0.520
  ITER    Z       DELTA        I(DEL)    X(DEL)    I(CUT)    X(CUT)
    6   30.0  2.96928406E-01     175     2.0600      256     8.7000


       100  2.000000      -690.957
       200  2.000000       -83.446
       210  6.000000       -73.699
       300  2.000000        -9.322
       310  6.000000        -6.216
       320 10.000000        -0.938
       400  2.000000        -0.541
  ITER    Z       DELTA        I(DEL)    X(DEL)    I(CUT)    X(CUT)
    7   30.0  2.42129326E-01     177     2.1400      257     8.8600


       100  2.000000      -690.570
       200  2.000000       -83.123
       210  6.000000       -73.370
       300  2.000000        -9.141
       310  6.000000        -6.038
       320 10.000000        -0.785
       400  2.000000        -0.524
  ITER    Z       DELTA        I(DEL)    X(DEL)    I(CUT)    X(CUT)
    8   30.0  1.88765526E-01     175     2.0600      256     8.7000


       100  2.000000      -690.845
       200  2.000000       -83.374
       210  6.000000       -73.626
       300  2.000000        -9.283
       310  6.000000        -6.176
       320 10.000000        -0.906
       400  2.000000        -0.537
  ITER    Z       DELTA        I(DEL)    X(DEL)    I(CUT)    X(CUT)
    9   30.0  1.52658463E-01     176     2.1000      256     8.7000


       100  2.000000      -690.609
       200  2.000000       -83.171
       210  6.000000       -73.419
       300  2.000000        -9.167
       310  6.000000        -6.064
       320 10.000000        -0.809
       400  2.000000        -0.527
  ITER    Z       DELTA        I(DEL)    X(DEL)    I(CUT)    X(CUT)
   10   30.0  1.20059013E-01     176     2.1000      256     8.7000


       100  2.000000      -690.795
       200  2.000000       -83.332
       210  6.000000       -73.582
       300  2.000000        -9.258
       310  6.000000        -6.153
       320 10.000000        -0.886
       400  2.000000        -0.535
  ITER    Z       DELTA        I(DEL)    X(DEL)    I(CUT)    X(CUT)
   11   30.0  9.65023041E-02     176     2.1000      256     8.7000


       100  2.000000      -690.643
       200  2.000000       -83.203
       210  6.000000       -73.451
       300  2.000000        -9.185
       310  6.000000        -6.082
       320 10.000000        -0.825
       400  2.000000        -0.529
  ITER    Z       DELTA        I(DEL)    X(DEL)    I(CUT)    X(CUT)
   12   30.0  7.63483047E-02     176     2.1000      256     8.7000


       100  2.000000      -690.776
       200  2.000000       -83.306
       210  6.000000       -73.556
       300  2.000000        -9.243
       310  6.000000        -6.138
       320 10.000000        -0.874
       400  2.000000        -0.534
  ITER    Z       DELTA        I(DEL)    X(DEL)    I(CUT)    X(CUT)
   13   30.0  6.13279343E-02     176     2.1000      256     8.7000


       100  2.000000      -690.670
       200  2.000000       -83.223
       210  6.000000       -73.472
       300  2.000000        -9.196
       310  6.000000        -6.093
       320 10.000000        -0.835
       400  2.000000        -0.530
  ITER    Z       DELTA        I(DEL)    X(DEL)    I(CUT)    X(CUT)
   14   30.0  4.87060547E-02     176     2.1000      256     8.7000


       100  2.000000      -690.749
       200  2.000000       -83.288
       210  6.000000       -73.539
       300  2.000000        -9.233
       310  6.000000        -6.128
       320 10.000000        -0.866
       400  2.000000        -0.533
  ITER    Z       DELTA        I(DEL)    X(DEL)    I(CUT)    X(CUT)
   15   30.0  3.89528275E-02     175     2.0600      256     8.7000


       100  2.000000      -690.681
       200  2.000000       -83.236
       210  6.000000       -73.486
       300  2.000000        -9.203
       310  6.000000        -6.100
       320 10.000000        -0.841
       400  2.000000        -0.530
  ITER    Z       DELTA        I(DEL)    X(DEL)    I(CUT)    X(CUT)
   16   30.0  3.10049057E-02     176     2.1000      256     8.7000


       100  2.000000      -690.733
       200  2.000000       -83.277
       210  6.000000       -73.529
       300  2.000000        -9.227
       310  6.000000        -6.123
       320 10.000000        -0.861
       400  2.000000        -0.532
  ITER    Z       DELTA        I(DEL)    X(DEL)    I(CUT)    X(CUT)
   17   30.0  2.48613358E-02     176     2.1000      256     8.7000


       100  2.000000      -690.688
       200  2.000000       -83.244
       210  6.000000       -73.494
       300  2.000000        -9.208
       310  6.000000        -6.104
       320 10.000000        -0.845
       400  2.000000        -0.531
  ITER    Z       DELTA        I(DEL)    X(DEL)    I(CUT)    X(CUT)
   18   30.0  1.98268890E-02     177     2.1400      256     8.7000


       100  2.000000      -690.722
       200  2.000000       -83.272
       210  6.000000       -73.524
       300  2.000000        -9.223
       310  6.000000        -6.119
       320 10.000000        -0.857
       400  2.000000        -0.532
  ITER    Z       DELTA        I(DEL)    X(DEL)    I(CUT)    X(CUT)
   19   30.0  1.60875320E-02     176     2.1000      256     8.7000


       100  2.000000      -690.691
       200  2.000000       -83.249
       210  6.000000       -73.500
       300  2.000000        -9.211
       310  6.000000        -6.107
       320 10.000000        -0.847
       400  2.000000        -0.531
  ITER    Z       DELTA        I(DEL)    X(DEL)    I(CUT)    X(CUT)
   20   30.0  1.30443573E-02     176     2.1000      256     8.7000


       100  2.000000      -690.711
       200  2.000000       -83.269
       210  6.000000       -73.521
       300  2.000000        -9.221
       310  6.000000        -6.117
       320 10.000000        -0.856
       400  2.000000        -0.532
  ITER    Z       DELTA        I(DEL)    X(DEL)    I(CUT)    X(CUT)
   21   30.0  1.06124878E-02     176     2.1000      256     8.7000


       100  2.000000      -690.692
       200  2.000000       -83.253
       210  6.000000       -73.504
       300  2.000000        -9.213
       310  6.000000        -6.109
       320 10.000000        -0.849
       400  2.000000        -0.531
  ITER    Z       DELTA        I(DEL)    X(DEL)    I(CUT)    X(CUT)
   22   30.0  8.63170624E-03     176     2.1000      256     8.7000


       100  2.000000      -690.704
       200  2.000000       -83.265
       210  6.000000       -73.516
       300  2.000000        -9.219
       310  6.000000        -6.115
       320 10.000000        -0.854
       400  2.000000        -0.532
  ITER    Z       DELTA        I(DEL)    X(DEL)    I(CUT)    X(CUT)
   23   30.0  6.97612762E-03     177     2.1400      256     8.7000


       100  2.000000      -690.693
       200  2.000000       -83.255
       210  6.000000       -73.505
       300  2.000000        -9.214
       310  6.000000        -6.110
       320 10.000000        -0.850
       400  2.000000        -0.531
  ITER    Z       DELTA        I(DEL)    X(DEL)    I(CUT)    X(CUT)
   24   30.0  5.66291809E-03     177     2.1400      256     8.7000


       100  2.000000      -690.701
       200  2.000000       -83.264
       210  6.000000       -73.515
       300  2.000000        -9.218
       310  6.000000        -6.114
       320 10.000000        -0.854
       400  2.000000        -0.532
  ITER    Z       DELTA        I(DEL)    X(DEL)    I(CUT)    X(CUT)
   25   30.0  5.32150269E-03     141     1.1000      256     8.7000


       100  2.000000      -690.693
       200  2.000000       -83.256
       210  6.000000       -73.506
       300  2.000000        -9.214
       310  6.000000        -6.110
       320 10.000000        -0.850
       400  2.000000        -0.531
  ITER    Z       DELTA        I(DEL)    X(DEL)    I(CUT)    X(CUT)
   26   30.0  4.55284119E-03     176     2.1000      256     8.7000


       100  2.000000      -690.700
       200  2.000000       -83.263
       210  6.000000       -73.513
       300  2.000000        -9.218
       310  6.000000        -6.114
       320 10.000000        -0.853
       400  2.000000        -0.532
  ITER    Z       DELTA        I(DEL)    X(DEL)    I(CUT)    X(CUT)
   27   30.0  4.01496887E-03     139     1.0600      256     8.7000


       100  2.000000      -690.694
       200  2.000000       -83.256
       210  6.000000       -73.507
       300  2.000000        -9.215
       310  6.000000        -6.111
       320 10.000000        -0.851
       400  2.000000        -0.531
  ITER    Z       DELTA        I(DEL)    X(DEL)    I(CUT)    X(CUT)
   28   30.0  3.47995758E-03     173     1.9800      256     8.7000


       100  2.000000      -690.699
       200  2.000000       -83.262
       210  6.000000       -73.512
       300  2.000000        -9.218
       310  6.000000        -6.114
       320 10.000000        -0.853
       400  2.000000        -0.532
  ITER    Z       DELTA        I(DEL)    X(DEL)    I(CUT)    X(CUT)
   29   30.0  3.96919250E-03     148     1.2400      256     8.7000


       100  2.000000      -690.694
       200  2.000000       -83.256
       210  6.000000       -73.507
       300  2.000000        -9.215
       310  6.000000        -6.111
       320 10.000000        -0.851
       400  2.000000        -0.531
  ITER    Z       DELTA        I(DEL)    X(DEL)    I(CUT)    X(CUT)
   30   30.0  3.29399109E-03     172     1.9400      256     8.7000


       100  2.000000      -690.699
       200  2.000000       -83.261
       210  6.000000       -73.511
       300  2.000000        -9.217
       310  6.000000        -6.113
       320 10.000000        -0.853
       400  2.000000        -0.532
  ITER    Z       DELTA        I(DEL)    X(DEL)    I(CUT)    X(CUT)
   31   30.0  3.16619873E-03     150     1.2800      256     8.7000


       100  2.000000      -690.695
       200  2.000000       -83.257
       210  6.000000       -73.507
       300  2.000000        -9.215
       310  6.000000        -6.111
       320 10.000000        -0.851
       400  2.000000        -0.531
  ITER    Z       DELTA        I(DEL)    X(DEL)    I(CUT)    X(CUT)
   32   30.0  2.66170502E-03     177     2.1400      256     8.7000


