HERMAN-S
ZINC                                                                    
  30.0000
   7
   0
 201
   1.0000
 0.0000000E+00 2.2513756E-01 4.4075736E-01 6.4716375E-01 8.4465230E-01
 1.0335106E+00 1.2140179E+00 1.3864455E+00 1.5510571E+00 1.7081088E+00
 1.8578490E+00 2.0005195E+00 2.1363547E+00 2.2655823E+00 2.3884234E+00
 2.5050924E+00 2.6157973E+00 2.7207415E+00 2.8201199E+00 2.9141231E+00
 3.0029364E+00 3.0867383E+00 3.1657028E+00 3.2399993E+00 3.3097906E+00
 3.3752358E+00 3.4364884E+00 3.4936981E+00 3.5470090E+00 3.5965624E+00
 3.6424937E+00 3.6849349E+00 3.7240136E+00 3.7598546E+00 3.7925775E+00
 3.8222983E+00 3.8491299E+00 3.8731830E+00 3.8945622E+00 3.9133708E+00
 3.9297080E+00 3.9553506E+00 3.9722250E+00 3.9810214E+00 3.9823852E+00
 3.9769228E+00 3.9652021E+00 3.9477546E+00 3.9250774E+00 3.8976369E+00
 3.8658686E+00 3.8301797E+00 3.7909503E+00 3.7485352E+00 3.7032669E+00
 3.6554539E+00 3.6053843E+00 3.5533264E+00 3.4995303E+00 3.4442284E+00
 3.3876367E+00 3.3299546E+00 3.2713690E+00 3.2120512E+00 3.1521609E+00
 3.0918453E+00 3.0312402E+00 2.9704719E+00 2.9096541E+00 2.8488944E+00
 2.7882895E+00 2.7279513E+00 2.6679387E+00 2.6083255E+00 2.5491793E+00
 2.4905620E+00 2.4325278E+00 2.3751268E+00 2.3184044E+00 2.2624004E+00
 2.2071497E+00 2.0990305E+00 1.9942536E+00 1.8929712E+00 1.7952894E+00
 1.7012743E+00 1.6109592E+00 1.5243471E+00 1.4414178E+00 1.3621300E+00
 1.2864259E+00 1.2142336E+00 1.1454703E+00 1.0800432E+00 1.0178533E+00
 9.5879614E-01 9.0276313E-01 8.4964383E-01 7.9932564E-01 7.5169593E-01
 7.0664227E-01 6.6405314E-01 6.2381864E-01 5.8583093E-01 5.4998440E-01
 5.1617634E-01 4.8430672E-01 4.5427874E-01 4.2599893E-01 3.9937699E-01
 3.7432617E-01 3.5076308E-01 3.2860765E-01 3.0778345E-01 2.8821719E-01
 2.6983905E-01 2.5258228E-01 2.3638354E-01 2.2118238E-01 2.0692134E-01
 1.9354597E-01 1.6924819E-01 1.4790665E-01 1.2917891E-01 1.1275891E-01
 9.8373793E-02 8.5780777E-02 7.4764334E-02 6.5133408E-02 5.6718946E-02
 4.9371578E-02 4.2959485E-02 3.7366521E-02 3.2490417E-02 2.8241271E-02
 2.4540093E-02 2.1317558E-02 1.8512875E-02 1.6072782E-02 1.3950641E-02
 1.2105648E-02 1.0502134E-02 9.1089206E-03 7.8987833E-03 6.8479627E-03
 5.9357299E-03 5.1440117E-03 4.4570556E-03 3.8611400E-03 3.3443165E-03
 2.8961850E-03 2.5076959E-03 2.1709790E-03 1.8791904E-03 1.6263818E-03
 1.4073842E-03 1.2177076E-03 1.0534532E-03 9.1123517E-04 7.8811526E-04
 6.8154384E-04 5.0955144E-04 3.8080057E-04 2.8446826E-04 2.1242588E-04
 1.5857263E-04 1.1833283E-04 8.8276858E-05 6.5835651E-05 4.9085709E-05
 3.6587746E-05 2.7265231E-05 2.0313346E-05 1.5130669E-05 1.1267935E-05
 8.3896721E-06 6.2454619E-06 4.6484420E-06 3.4592144E-06 2.5738220E-06
 1.9147587E-06 1.4242542E-06 1.0592581E-06 7.8769858E-07 5.8568605E-07
 4.3543056E-07 3.2368641E-07 2.4059338E-07 1.7881274E-07 1.3288326E-07
 9.8741580E-08 7.3364781E-08 5.4504397E-08 4.0488072E-08 3.0072158E-08
 2.2331877E-08 1.6579577E-08 1.2303919E-08 9.1246140E-09 6.7587367E-09
 4.9956381E-09
   0
 241
   1.0000
 0.0000000E+00 6.9217414E-02 1.3548739E-01 1.9888352E-01 2.5947782E-01
 3.1734103E-01 3.7254238E-01 4.2514953E-01 4.7522900E-01 5.2284575E-01
 5.6806350E-01 6.1094445E-01 6.5154976E-01 6.8993908E-01 7.2617096E-01
 7.6030260E-01 7.9238987E-01 8.2248777E-01 8.5064960E-01 8.7692815E-01
 9.0137446E-01 9.2403889E-01 9.4497055E-01 9.6421736E-01 9.8182642E-01
 9.9784344E-01 1.0123137E+00 1.0252811E+00 1.0367882E+00 1.0468775E+00
 1.0555897E+00 1.0629653E+00 1.0690434E+00 1.0738623E+00 1.0774597E+00
 1.0798724E+00 1.0811360E+00 1.0812858E+00 1.0803560E+00 1.0783801E+00
 1.0753907E+00 1.0664991E+00 1.0539286E+00 1.0379155E+00 1.0186849E+00
 9.9645251E-01 9.7142333E-01 9.4379342E-01 9.1374969E-01 8.8147050E-01
 8.4712565E-01 8.1087697E-01 7.7287900E-01 7.3327857E-01 6.9221568E-01
 6.4982349E-01 6.0622889E-01 5.6155229E-01 5.1590848E-01 4.6940631E-01
 4.2214936E-01 3.7423581E-01 3.2575908E-01 2.7680755E-01 2.2746515E-01
 1.7781135E-01 1.2792139E-01 7.7866517E-02 2.7714083E-02-2.2472255E-02
-7.2632402E-02-1.2270964E-01-1.7265052E-01-2.2240469E-01-2.7192476E-01
-3.2116622E-01-3.7008727E-01-4.1864869E-01-4.6681386E-01-5.1454830E-01
-5.6182009E-01-6.5485799E-01-7.4571323E-01-8.3420146E-01-9.2016613E-01
-1.0034758E+00-1.0840224E+00-1.1617178E+00-1.2364936E+00-1.3082982E+00
-1.3770956E+00-1.4428631E+00-1.5055913E+00-1.5652816E+00-1.6219459E+00
-1.6756047E+00-1.7262869E+00-1.7740275E+00-1.8188695E+00-1.8608594E+00
-1.9000500E+00-1.9364972E+00-1.9702613E+00-2.0014048E+00-2.0299931E+00
-2.0560937E+00-2.0797753E+00-2.1011081E+00-2.1201639E+00-2.1370139E+00
-2.1517305E+00-2.1643863E+00-2.1750529E+00-2.1838028E+00-2.1907070E+00
-2.1958358E+00-2.1992602E+00-2.2010481E+00-2.2012682E+00-2.1999872E+00
-2.1972709E+00-2.1877882E+00-2.1733191E+00-2.1543400E+00-2.1313038E+00
-2.1046381E+00-2.0747478E+00-2.0420117E+00-2.0067859E+00-1.9694021E+00
-1.9301695E+00-1.8893747E+00-1.8472834E+00-1.8041403E+00-1.7601712E+00
-1.7155821E+00-1.6705631E+00-1.6252855E+00-1.5799066E+00-1.5345676E+00
-1.4893969E+00-1.4445269E+00-1.4000424E+00-1.3560351E+00-1.3125858E+00
-1.2697655E+00-1.2276363E+00-1.1862524E+00-1.1456592E+00-1.1058962E+00
-1.0669961E+00-1.0289853E+00-9.9188513E-01-9.5571196E-01-9.2047763E-01
-8.8619006E-01-8.5285294E-01-8.2046759E-01-7.8903157E-01-7.5854015E-01
-7.2898614E-01-6.7265123E-01-6.1993200E-01-5.7071048E-01-5.2485174E-01
-4.8220912E-01-4.4262752E-01-4.0594783E-01-3.7200898E-01-3.4065035E-01
-3.1171370E-01-2.8504437E-01-2.6049256E-01-2.3791400E-01-2.1717052E-01
-1.9813062E-01-1.8066946E-01-1.6466908E-01-1.5001841E-01-1.3661318E-01
-1.2435571E-01-1.1315484E-01-1.0292556E-01-9.3588822E-02-8.5071251E-02
-7.7304870E-02-7.0226766E-02-6.3778818E-02-5.7907403E-02-5.2563109E-02
-4.7700450E-02-4.3277618E-02-3.9256196E-02-3.5600938E-02-3.2279525E-02
-2.9262340E-02-2.6522290E-02-2.4034567E-02-2.1776507E-02-1.9727400E-02
-1.7868327E-02-1.4652997E-02-1.2009712E-02-9.8383185E-03-8.0557885E-03
-6.5933978E-03-5.3943414E-03-4.4117193E-03-3.6068568E-03-2.9478939E-03
-2.4086083E-03-1.9674357E-03-1.6066551E-03-1.3117163E-03-1.0706779E-03
-8.7374670E-04-7.1289530E-04-5.8154651E-04-4.7431464E-04-3.8679098E-04
-3.1536826E-04-2.5709587E-04-2.0956135E-04-1.7079270E-04-1.3917849E-04
-1.1340237E-04-9.2389200E-05-7.5261145E-05-6.1301565E-05-4.9925584E-05
-4.0655923E-05-3.3103195E-05-2.6949741E-05-2.1936467E-05-1.7852048E-05
-1.4524151E-05-1.1812216E-05-9.6015992E-06-7.7987625E-06-6.3273587E-06
-5.1250290E-06
   1
 241
   1.0000
 0.0000000E+00 3.9168683E-04 1.5501146E-03 3.4507599E-03 6.0696597E-03
 9.3833981E-03 1.3369099E-02 1.8004416E-02 2.3267522E-02 2.9137092E-02
 3.5592306E-02 4.2612832E-02 5.0178811E-02 5.8270849E-02 6.6870026E-02
 7.5957865E-02 8.5516319E-02 9.5527790E-02 1.0597505E-01 1.1684138E-01
 1.2811041E-01 1.3976613E-01 1.5179294E-01 1.6417566E-01 1.7689946E-01
 1.8994986E-01 2.0331271E-01 2.1697427E-01 2.3092107E-01 2.4514005E-01
 2.5961840E-01 2.7434367E-01 2.8930372E-01 3.0448669E-01 3.1988111E-01
 3.3547559E-01 3.5125926E-01 3.6722139E-01 3.8335159E-01 3.9963967E-01
 4.1607574E-01 4.4935361E-01 4.8311117E-01 5.1727808E-01 5.5178767E-01
 5.8657700E-01 6.2158614E-01 6.5675861E-01 6.9204098E-01 7.2738272E-01
 7.6273596E-01 7.9805583E-01 8.3329993E-01 8.6842817E-01 9.0340298E-01
 9.3818891E-01 9.7275299E-01 1.0070639E+00 1.0410923E+00 1.0748111E+00
 1.1081948E+00 1.1412195E+00 1.1738633E+00 1.2061052E+00 1.2379265E+00
 1.2693096E+00 1.3002378E+00 1.3306965E+00 1.3606718E+00 1.3901510E+00
 1.4191228E+00 1.4475768E+00 1.4755036E+00 1.5028948E+00 1.5297431E+00
 1.5560416E+00 1.5817848E+00 1.6069678E+00 1.6315862E+00 1.6556364E+00
 1.6791158E+00 1.7243538E+00 1.7672905E+00 1.8079246E+00 1.8462631E+00
 1.8823191E+00 1.9161133E+00 1.9476711E+00 1.9770230E+00 2.0042043E+00
 2.0292542E+00 2.0522137E+00 2.0731287E+00 2.0920463E+00 2.1090157E+00
 2.1240883E+00 2.1373162E+00 2.1487532E+00 2.1584532E+00 2.1664720E+00
 2.1728642E+00 2.1776848E+00 2.1809902E+00 2.1828349E+00 2.1832738E+00
 2.1823616E+00 2.1801519E+00 2.1766982E+00 2.1720524E+00 2.1662664E+00
 2.1593909E+00 2.1514759E+00 2.1425698E+00 2.1327205E+00 2.1219745E+00
 2.1103771E+00 2.0979733E+00 2.0848060E+00 2.0709171E+00 2.0563483E+00
 2.0411386E+00 2.0089509E+00 1.9746486E+00 1.9385082E+00 1.9007884E+00
 1.8617305E+00 1.8215576E+00 1.7804779E+00 1.7386824E+00 1.6963476E+00
 1.6536365E+00 1.6107150E+00 1.5677013E+00 1.5247185E+00 1.4818786E+00
 1.4392828E+00 1.3970217E+00 1.3551772E+00 1.3138216E+00 1.2730192E+00
 1.2328265E+00 1.1932932E+00 1.1544619E+00 1.1163694E+00 1.0790466E+00
 1.0425197E+00 1.0068094E+00 9.7193271E-01 9.3790233E-01 9.0472734E-01
 8.7241375E-01 8.4096414E-01 8.1037885E-01 7.8065550E-01 7.5178957E-01
 7.2377473E-01 6.9660276E-01 6.7026395E-01 6.4474708E-01 6.2004006E-01
 5.9612948E-01 5.5064017E-01 5.0815713E-01 4.6854967E-01 4.3168157E-01
 3.9741367E-01 3.6560568E-01 3.3611834E-01 3.0881435E-01 2.8355974E-01
 2.6022443E-01 2.3868319E-01 2.1881579E-01 2.0050745E-01 1.8364902E-01
 1.6813710E-01 1.5387399E-01 1.4076763E-01 1.2873155E-01 1.1768469E-01
 1.0755125E-01 9.8260403E-02 8.9746185E-02 8.1947222E-02 7.4806489E-02
 6.8271063E-02 6.2291939E-02 5.6823727E-02 5.1824491E-02 4.7255479E-02
 4.3080963E-02 3.9267987E-02 3.5786197E-02 3.2607671E-02 2.9706705E-02
 2.7059698E-02 2.4644952E-02 2.2442561E-02 2.0434259E-02 1.8603295E-02
 1.6934318E-02 1.4027407E-02 1.1614525E-02 9.6129077E-03 7.9533681E-03
 6.5781293E-03 5.4390118E-03 4.4958703E-03 3.7152914E-03 3.0694855E-03
 2.5353588E-03 2.0937326E-03 1.7286908E-03 1.4270311E-03 1.1778089E-03
 9.7195513E-04 8.0195913E-04 6.6160201E-04 5.4573745E-04 4.5010779E-04
 3.7119168E-04 3.0607783E-04 2.5235963E-04 2.0804862E-04 1.7150179E-04
 1.4136219E-04 1.1650912E-04 9.6017327E-05 7.9123027E-05 6.5195723E-05
 5.3715157E-05 4.4252007E-05 3.6452067E-05 3.0023108E-05 2.4724079E-05
 2.0356118E-05 1.6755188E-05 1.3785956E-05 1.1336755E-05 9.3154094E-06
 7.6458055E-06
   0
 321
   1.0000
 0.0000000E+00 2.6624406E-02 5.2114088E-02 7.6496415E-02 9.9798225E-02
 1.2204587E-01 1.4326517E-01 1.6348153E-01 1.8271974E-01 2.0100422E-01
 2.1835887E-01 2.3480710E-01 2.5037190E-01 2.6507574E-01 2.7894071E-01
 2.9198846E-01 3.0424014E-01 3.1571651E-01 3.2643795E-01 3.3642429E-01
 3.4569517E-01 3.5426968E-01 3.6216649E-01 3.6940402E-01 3.7600020E-01
 3.8197264E-01 3.8733858E-01 3.9211482E-01 3.9631799E-01 3.9996424E-01
 4.0306944E-01 4.0564907E-01 4.0771824E-01 4.0929198E-01 4.1038468E-01
 4.1101077E-01 4.1118410E-01 4.1091833E-01 4.1022679E-01 4.0912265E-01
 4.0761867E-01 4.0346110E-01 3.9785117E-01 3.9088187E-01 3.8264215E-01
 3.7321734E-01 3.6268899E-01 3.5113510E-01 3.3863041E-01 3.2524633E-01
 3.1105122E-01 2.9611027E-01 2.8048602E-01 2.6423809E-01 2.4742340E-01
 2.3009641E-01 2.1230903E-01 1.9411083E-01 1.7554910E-01 1.5666889E-01
 1.3751318E-01 1.1812293E-01 9.8537110E-02 7.8792840E-02 5.8925424E-02
 3.8968440E-02 1.8953782E-02-1.0882344E-03-2.1128854E-02-4.1140787E-02
-6.1098181E-02-8.0976538E-02-1.0075267E-01-1.2040465E-01-1.3991179E-01
-1.5925454E-01-1.7841442E-01-1.9737415E-01-2.1611734E-01-2.3462866E-01
-2.5289378E-01-2.8863218E-01-3.2323503E-01-3.5661745E-01-3.8870677E-01
-4.1944101E-01-4.4876802E-01-4.7664517E-01-5.0303793E-01-5.2791959E-01
-5.5127043E-01-5.7307720E-01-5.9333229E-01-6.1203372E-01-6.2918407E-01
-6.4479053E-01-6.5886384E-01-6.7141861E-01-6.8247277E-01-6.9204664E-01
-7.0016342E-01-7.0684856E-01-7.1212953E-01-7.1603513E-01-7.1859628E-01
-7.1984482E-01-7.1981382E-01-7.1853745E-01-7.1605045E-01-7.1238798E-01
-7.0758617E-01-7.0168138E-01-6.9471008E-01-6.8670875E-01-6.7771435E-01
-6.6776353E-01-6.5689284E-01-6.4513856E-01-6.3253689E-01-6.1912370E-01
-6.0493439E-01-5.7436693E-01-5.4110903E-01-5.0542706E-01-4.6757752E-01
-4.2780712E-01-3.8635206E-01-3.4343764E-01-2.9927814E-01-2.5407660E-01
-2.0802490E-01-1.6130395E-01-1.1408373E-01-6.6523485E-02-1.8772030E-02
 2.9031968E-02 7.6759703E-02 1.2429181E-01 1.7151813E-01 2.1833727E-01
 2.6465613E-01 3.1038979E-01 3.5546076E-01 3.9979899E-01 4.4334128E-01
 4.8603079E-01 5.2781707E-01 5.6865519E-01 6.0850602E-01 6.4733541E-01
 6.8511385E-01 7.2181678E-01 7.5742370E-01 7.9191792E-01 8.2528645E-01
 8.5751998E-01 8.8861209E-01 9.1855967E-01 9.4736195E-01 9.7502100E-01
 1.0015410E+00 1.0511916E+00 1.0963877E+00 1.1372297E+00 1.1738385E+00
 1.2063529E+00 1.2349250E+00 1.2597173E+00 1.2808996E+00 1.2986466E+00
 1.3131356E+00 1.3245454E+00 1.3330534E+00 1.3388355E+00 1.3420652E+00
 1.3429110E+00 1.3415375E+00 1.3381035E+00 1.3327633E+00 1.3256638E+00
 1.3169469E+00 1.3067474E+00 1.2951941E+00 1.2824094E+00 1.2685090E+00
 1.2536030E+00 1.2377946E+00 1.2211813E+00 1.2038552E+00 1.1859021E+00
 1.1674026E+00 1.1484324E+00 1.1290616E+00 1.1093559E+00 1.0893763E+00
 1.0691795E+00 1.0488181E+00 1.0283407E+00 1.0077921E+00 9.8721373E-01
 9.6664387E-01 9.2566597E-01 8.8510394E-01 8.4516162E-01 8.0600631E-01
 7.6777327E-01 7.3059332E-01 6.9452626E-01 6.5963429E-01 6.2596166E-01
 5.9353739E-01 5.6237715E-01 5.3248566E-01 5.0385839E-01 4.7648275E-01
 4.5033991E-01 4.2540586E-01 4.0165222E-01 3.7904721E-01 3.5755658E-01
 3.3714414E-01 3.1777215E-01 2.9940224E-01 2.8199524E-01 2.6551214E-01
 2.4991383E-01 2.3516175E-01 2.2121777E-01 2.0804468E-01 1.9560599E-01
 1.8386628E-01 1.7279111E-01 1.6234724E-01 1.5250252E-01 1.4322604E-01
 1.3448806E-01 1.2626004E-01 1.1851467E-01 1.1122582E-01 1.0436852E-01
 9.7918972E-02 8.6153507E-02 7.5760774E-02 6.6588603E-02 5.8500059E-02
 5.1372312E-02 4.5095444E-02 3.9571304E-02 3.4712400E-02 3.0440904E-02
 2.6687680E-02 2.3391405E-02 2.0497739E-02 1.7958608E-02 1.5731506E-02
 1.3778882E-02 1.2067363E-02 1.0567389E-02 9.2529776E-03 8.1013069E-03
 7.0923432E-03 6.2085013E-03 5.4343473E-03 4.7563375E-03 4.1625905E-03
 3.6426836E-03 3.1874769E-03 2.7889535E-03 2.4400852E-03 2.1347115E-03
 1.8674306E-03 1.6335098E-03 1.4288005E-03 1.2496677E-03 1.0929275E-03
 9.5578999E-04 8.3581125E-04 7.3085126E-04 6.3903548E-04 5.5872253E-04
 4.8847526E-04 3.7333174E-04 2.8527624E-04 2.1795071E-04 1.6648557E-04
 1.2715216E-04 9.7096337E-05 7.4133881E-05 5.6593715E-05 4.3197604E-05
 3.2968073E-05 2.5157769E-05 1.9195415E-05 1.4644404E-05 1.1171113E-05
 8.5206711E-06 6.4983815E-06 4.9555556E-06 3.7786510E-06 2.8809775E-06
 2.1963576E-06 1.6742780E-06 1.2761880E-06 9.7266991E-07 7.4127792E-07
 5.6488813E-07 4.3043792E-07 3.2796379E-07 2.4986716E-07 1.9035330E-07
 1.4500370E-07 1.1044950E-07 8.4122313E-08 6.4064167E-08 4.8782564E-08
 3.7139795E-08 2.8268644E-08 2.1508015E-08 1.6353843E-08 1.2421664E-08
 9.4180361E-09
   1
 321
   1.0000
 0.0000000E+00 1.4881548E-04 5.8893650E-04 1.3110278E-03 2.3059556E-03
 3.5647836E-03 5.0787698E-03 6.8393634E-03 8.8382000E-03 1.1067103E-02
 1.3518068E-02 1.6183278E-02 1.9055083E-02 2.2126004E-02 2.5388734E-02
 2.8836124E-02 3.2461192E-02 3.6257107E-02 4.0217195E-02 4.4334937E-02
 4.8603952E-02 5.3018019E-02 5.7571050E-02 6.2257092E-02 6.7070343E-02
 7.2005130E-02 7.7055901E-02 8.2217246E-02 8.7483868E-02 9.2850603E-02
 9.8312415E-02 1.0386436E-01 1.0950164E-01 1.1521956E-01 1.2101352E-01
 1.2687905E-01 1.3281178E-01 1.3880748E-01 1.4486194E-01 1.5097110E-01
 1.5713102E-01 1.6958776E-01 1.8220229E-01 1.9494630E-01 2.0779283E-01
 2.2071622E-01 2.3369218E-01 2.4669757E-01 2.5971049E-01 2.7271014E-01
 2.8567690E-01 2.9859203E-01 3.1143790E-01 3.2419798E-01 3.3685637E-01
 3.4939831E-01 3.6180979E-01 3.7407759E-01 3.8618934E-01 3.9813343E-01
 4.0989894E-01 4.2147562E-01 4.3285391E-01 4.4402486E-01 4.5498025E-01
 4.6571228E-01 4.7621381E-01 4.8647815E-01 4.9649927E-01 5.0627142E-01
 5.1578957E-01 5.2504897E-01 5.3404534E-01 5.4277486E-01 5.5123389E-01
 5.5941957E-01 5.6732905E-01 5.7495999E-01 5.8231020E-01 5.8937806E-01
 5.9616214E-01 6.0887450E-01 6.2044114E-01 6.3086009E-01 6.4013267E-01
 6.4826387E-01 6.5526140E-01 6.6113573E-01 6.6589963E-01 6.6956812E-01
 6.7215806E-01 6.7368805E-01 6.7417812E-01 6.7364997E-01 6.7212582E-01
 6.6962945E-01 6.6618532E-01 6.6181850E-01 6.5655452E-01 6.5041989E-01
 6.4344108E-01 6.3564503E-01 6.2705868E-01 6.1770940E-01 6.0762441E-01
 5.9683079E-01 5.8535588E-01 5.7322663E-01 5.6046987E-01 5.4711223E-01
 5.3318006E-01 5.1869941E-01 5.0369602E-01 4.8819533E-01 4.7222221E-01
 4.5580131E-01 4.3895677E-01 4.2171234E-01 4.0409118E-01 3.8611612E-01
 3.6780944E-01 3.3028823E-01 2.9169607E-01 2.5219360E-01 2.1193315E-01
 1.7105916E-01 1.2970780E-01 8.8007443E-02 4.6078507E-02 4.0338510E-03
-3.8021129E-02-7.9988249E-02-1.2177632E-01-1.6330090E-01-2.0448402E-01
-2.4525386E-01-2.8554463E-01-3.2529619E-01-3.6445373E-01-4.0296769E-01
-4.4079334E-01-4.7789052E-01-5.1422352E-01-5.4976064E-01-5.8447427E-01
-6.1834013E-01-6.5133774E-01-6.8344951E-01-7.1466100E-01-7.4496067E-01
-7.7433956E-01-8.0279100E-01-8.3031082E-01-8.5689694E-01-8.8254929E-01
-9.0726936E-01-9.3106067E-01-9.5392817E-01-9.7587794E-01-9.9691790E-01
-1.0170567E+00-1.0546722E+00-1.0888152E+00-1.1195897E+00-1.1471096E+00
-1.1714975E+00-1.1928816E+00-1.2113940E+00-1.2271694E+00-1.2403440E+00
-1.2510542E+00-1.2594349E+00-1.2656198E+00-1.2697395E+00-1.2719220E+00
-1.2722915E+00-1.2709688E+00-1.2680701E+00-1.2637074E+00-1.2579876E+00
-1.2510139E+00-1.2428844E+00-1.2336925E+00-1.2235273E+00-1.2124734E+00
-1.2006103E+00-1.1880140E+00-1.1747556E+00-1.1609024E+00-1.1465181E+00
-1.1316618E+00-1.1163896E+00-1.1007540E+00-1.0848039E+00-1.0685853E+00
-1.0521410E+00-1.0355108E+00-1.0187320E+00-1.0018390E+00-9.8486435E-01
-9.6783757E-01-9.3373591E-01-8.9973092E-01-8.6598939E-01-8.3265197E-01
-7.9983640E-01-7.6765370E-01-7.3616958E-01-7.0544755E-01-6.7553782E-01
-6.4647859E-01-6.1829793E-01-5.9101474E-01-5.6464070E-01-5.3918058E-01
-5.1463354E-01-4.9099416E-01-4.6825290E-01-4.4639692E-01-4.2541066E-01
-4.0527606E-01-3.8597354E-01-3.6748171E-01-3.4977823E-01-3.3283997E-01
-3.1664315E-01-3.0116346E-01-2.8637668E-01-2.7225828E-01-2.5878406E-01
-2.4592982E-01-2.3367183E-01-2.2198667E-01-2.1085133E-01-2.0024340E-01
-1.9014099E-01-1.8052272E-01-1.7136796E-01-1.6265650E-01-1.5436901E-01
-1.4648661E-01-1.3186513E-01-1.1865462E-01-1.0672768E-01-9.5966876E-02
-8.6264119E-02-7.7520341E-02-6.9644824E-02-6.2554814E-02-5.6174815E-02
-5.0436165E-02-4.5276474E-02-4.0639114E-02-3.6472768E-02-3.2730963E-02
-2.9371630E-02-2.6356248E-02-2.3649709E-02-2.1220447E-02-1.9040119E-02
-1.7083272E-02-1.5327052E-02-1.3750939E-02-1.2336506E-02-1.1067208E-02
-9.9281911E-03-8.9061148E-03-7.9890043E-03-7.1661053E-03-6.4277663E-03
-5.7653184E-03-5.1709800E-03-4.6377666E-03-4.1594086E-03-3.7302747E-03
-3.3453128E-03-2.9999863E-03-2.6902251E-03-2.4123746E-03-2.1631548E-03
-1.9396220E-03-1.5593664E-03-1.2535198E-03-1.0075517E-03-8.0976216E-04
-6.5073307E-04-5.2288297E-04-4.2011036E-04-3.3750533E-04-2.7111729E-04
-2.1776804E-04-1.7490106E-04-1.4046006E-04-1.1279155E-04-9.0565816E-05
-7.2713818E-05-5.8376139E-05-4.6861947E-05-3.7616013E-05-3.0192097E-05
-2.4231631E-05-1.9446506E-05-1.5605248E-05-1.2521909E-05-1.0047121E-05
-8.0609152E-06-6.4669421E-06-5.1878255E-06-4.1614353E-06-3.3378842E-06
-2.6771211E-06-2.1469900E-06-1.7216782E-06-1.3804643E-06-1.1067157E-06
-8.8708020E-07-7.1083952E-07-5.6938865E-07-4.5581746E-07-3.6457530E-07
-2.9120025E-07
   2
 321
   1.0000
 0.0000000E+00 1.1002965E-07 8.7400184E-07 2.9288890E-06 6.8935069E-06
 1.3368898E-05 2.2938711E-05 3.6169578E-05 5.3611464E-05 7.5798045E-05
 1.0324705E-04 1.3646060E-04 1.7592558E-04 2.2211393E-04 2.7548295E-04
 3.3647570E-04 4.0552128E-04 4.8303511E-04 5.6941918E-04 6.6506251E-04
 7.7034126E-04 8.8561908E-04 1.0112474E-03 1.1475658E-03 1.2949019E-03
 1.4535721E-03 1.6238815E-03 1.8061246E-03 2.0005845E-03 2.2075344E-03
 2.4272376E-03 2.6599462E-03 2.9059034E-03 3.1653431E-03 3.4384893E-03
 3.7255564E-03 4.0267515E-03 4.3422710E-03 4.6723043E-03 5.0170310E-03
 5.3766244E-03 6.1410586E-03 6.9668302E-03 7.8550410E-03 8.8066794E-03
 9.8226266E-03 1.0903661E-02 1.2050458E-02 1.3263601E-02 1.4543586E-02
 1.5890820E-02 1.7305631E-02 1.8788267E-02 2.0338899E-02 2.1957638E-02
 2.3644518E-02 2.5399514E-02 2.7222535E-02 2.9113444E-02 3.1072035E-02
 3.3098068E-02 3.5191234E-02 3.7351191E-02 3.9577551E-02 4.1869879E-02
 4.4227712E-02 4.6650533E-02 4.9137805E-02 5.1688954E-02 5.4303370E-02
 5.6980416E-02 5.9719432E-02 6.2519722E-02 6.5380588E-02 6.8301283E-02
 7.1281046E-02 7.4319117E-02 7.7414691E-02 8.0566943E-02 8.3775081E-02
 8.7038241E-02 9.3726188E-02 1.0062385E-01 1.0772406E-01 1.1501956E-01
 1.2250300E-01 1.3016693E-01 1.3800392E-01 1.4600639E-01 1.5416686E-01
 1.6247781E-01 1.7093179E-01 1.7952134E-01 1.8823914E-01 1.9707781E-01
 2.0603016E-01 2.1508904E-01 2.2424741E-01 2.3349833E-01 2.4283500E-01
 2.5225067E-01 2.6173878E-01 2.7129284E-01 2.8090656E-01 2.9057369E-01
 3.0028820E-01 3.1004414E-01 3.1983578E-01 3.2965744E-01 3.3950362E-01
 3.4936890E-01 3.5924807E-01 3.6913610E-01 3.7902799E-01 3.8891903E-01
 3.9880446E-01 4.0867984E-01 4.1854075E-01 4.2838287E-01 4.3820220E-01
 4.4799474E-01 4.6748415E-01 4.8682186E-01 5.0598085E-01 5.2493596E-01
 5.4366386E-01 5.6214327E-01 5.8035451E-01 5.9827989E-01 6.1590296E-01
 6.3320911E-01 6.5018517E-01 6.6681957E-01 6.8310165E-01 6.9902259E-01
 7.1457434E-01 7.2975022E-01 7.4454457E-01 7.5895274E-01 7.7297097E-01
 7.8659642E-01 7.9982716E-01 8.1266195E-01 8.2510018E-01 8.3714223E-01
 8.4878856E-01 8.6004084E-01 8.7090081E-01 8.8137078E-01 8.9145374E-01
 9.0115273E-01 9.1047162E-01 9.1941422E-01 9.2798513E-01 9.3618870E-01
 9.4402993E-01 9.5151418E-01 9.5864642E-01 9.6543235E-01 9.7187787E-01
 9.7798884E-01 9.8923135E-01 9.9920940E-01 1.0079745E+00 1.0155785E+00
 1.0220739E+00 1.0275130E+00 1.0319483E+00 1.0354316E+00 1.0380133E+00
 1.0397434E+00 1.0406706E+00 1.0408419E+00 1.0403029E+00 1.0390977E+00
 1.0372688E+00 1.0348568E+00 1.0319008E+00 1.0284380E+00 1.0245041E+00
 1.0201327E+00 1.0153563E+00 1.0102051E+00 1.0047084E+00 9.9889326E-01
 9.9278575E-01 9.8641020E-01 9.7978985E-01 9.7294605E-01 9.6589941E-01
 9.5866919E-01 9.5127350E-01 9.4372916E-01 9.3605185E-01 9.2825681E-01
 9.2035776E-01 9.1236794E-01 9.0429932E-01 8.9616358E-01 8.8797110E-01
 8.7973207E-01 8.6315048E-01 8.4648579E-01 8.2979572E-01 8.1313050E-01
 7.9653335E-01 7.8004116E-01 7.6368582E-01 7.4749416E-01 7.3148900E-01
 7.1568936E-01 7.0011151E-01 6.8476850E-01 6.6967106E-01 6.5482771E-01
 6.4024544E-01 6.2592912E-01 6.1188257E-01 5.9810817E-01 5.8460730E-01
 5.7138050E-01 5.5842716E-01 5.4574639E-01 5.3333640E-01 5.2119493E-01
 5.0931948E-01 4.9770680E-01 4.8635375E-01 4.7525656E-01 4.6441141E-01
 4.5381433E-01 4.4346112E-01 4.3334746E-01 4.2346904E-01 4.1382131E-01
 4.0439996E-01 3.9520031E-01 3.8621792E-01 3.7744829E-01 3.6888692E-01
 3.6052939E-01 3.4440812E-01 3.2904974E-01 3.1442019E-01 3.0048683E-01
 2.8721794E-01 2.7458310E-01 2.6255319E-01 2.5110015E-01 2.4019739E-01
 2.2981943E-01 2.1994199E-01 2.1054204E-01 2.0159757E-01 1.9308774E-01
 1.8499245E-01 1.7728941E-01 1.6995502E-01 1.6296728E-01 1.5630594E-01
 1.4995223E-01 1.4388873E-01 1.3809933E-01 1.3256906E-01 1.2728395E-01
 1.2223104E-01 1.1739819E-01 1.1277410E-01 1.0834817E-01 1.0411049E-01
 1.0005175E-01 9.6163221E-02 9.2436709E-02 8.8864490E-02 8.5439272E-02
 8.2154259E-02 7.9002939E-02 7.5979225E-02 7.3077358E-02 7.0291869E-02
 6.7617595E-02 6.2583387E-02 5.7938516E-02 5.3650338E-02 4.9689371E-02
 4.6028893E-02 4.2644668E-02 3.9514627E-02 3.6618683E-02 3.3938490E-02
 3.1457279E-02 2.9159691E-02 2.7031662E-02 2.5060274E-02 2.3233665E-02
 2.1540930E-02 1.9972021E-02 1.8517690E-02 1.7169409E-02 1.5919313E-02
 1.4760140E-02 1.3685183E-02 1.2688242E-02 1.1763591E-02 1.0905926E-02
 1.0110342E-02 9.3723005E-03 8.6875968E-03 8.0523333E-03 7.4629048E-03
 6.9159651E-03 6.4084134E-03 5.9373737E-03 5.5001779E-03 5.0943517E-03
 4.7175973E-03 4.3677823E-03 4.0429272E-03 3.7411926E-03 3.4608701E-03
 3.2003711E-03
   0
 401
   1.0000
 0.0000000E+00 5.6976359E-03 1.1152416E-02 1.6370172E-02 2.1356625E-02
 2.6117396E-02 3.0657994E-02 3.4983829E-02 3.9100192E-02 4.3012295E-02
 4.6725236E-02 5.0244018E-02 5.3573526E-02 5.6718595E-02 5.9683912E-02
 6.2474106E-02 6.5093704E-02 6.7547128E-02 6.9838732E-02 7.1972772E-02
 7.3953435E-02 7.5784788E-02 7.7470839E-02 7.9015523E-02 8.0422662E-02
 8.1696056E-02 8.2839362E-02 8.3856188E-02 8.4750086E-02 8.5524522E-02
 8.6182877E-02 8.6728469E-02 8.7164566E-02 8.7494358E-02 8.7720938E-02
 8.7847374E-02 8.7876663E-02 8.7811723E-02 8.7655418E-02 8.7410554E-02
 8.7079875E-02 8.6171776E-02 8.4951960E-02 8.3440386E-02 8.1656158E-02
 7.9617567E-02 7.7342175E-02 7.4846715E-02 7.2147280E-02 6.9259211E-02
 6.6197209E-02 6.2975325E-02 5.9607007E-02 5.6105088E-02 5.2481852E-02
 4.8749026E-02 4.4917796E-02 4.0998850E-02 3.7002403E-02 3.2938179E-02
 2.8815450E-02 2.4643067E-02 2.0429447E-02 1.6182613E-02 1.1910203E-02
 7.6194741E-03 3.3173338E-03-9.8965946E-04-5.2952766E-03-9.5936079E-03
-1.3879048E-02-1.8146288E-02-2.2390302E-02-2.6606329E-02-3.0789880E-02
-3.4936707E-02-3.9042808E-02-4.3104418E-02-4.7117978E-02-5.1080160E-02
-5.4987837E-02-6.2628113E-02-7.0017561E-02-7.7137738E-02-8.3972774E-02
-9.0509117E-02-9.6735463E-02-1.0264245E-01-1.0822254E-01-1.1346991E-01
-1.1838026E-01-1.2295067E-01-1.2717953E-01-1.3106641E-01-1.3461187E-01
-1.3781752E-01-1.4068578E-01-1.4321990E-01-1.4542377E-01-1.4730200E-01
-1.4885972E-01-1.5010259E-01-1.5103664E-01-1.5166835E-01-1.5200461E-01
-1.5205251E-01-1.5181942E-01-1.5131295E-01-1.5054083E-01-1.4951102E-01
-1.4823155E-01-1.4671054E-01-1.4495620E-01-1.4297676E-01-1.4078043E-01
-1.3837552E-01-1.3577023E-01-1.3297276E-01-1.2999125E-01-1.2683378E-01
-1.2350839E-01-1.1638537E-01-1.0868439E-01-1.0046582E-01-9.1788046E-02
-8.2707323E-02-7.3277541E-02-6.3550286E-02-5.3574681E-02-4.3397378E-02
-3.3062596E-02-2.2612061E-02-1.2085085E-02-1.5185764E-03 9.0528969E-03
 1.9597054E-02 3.0083848E-02 4.0485371E-02 5.0775792E-02 6.0931310E-02
 7.0930004E-02 8.0751829E-02 9.0378471E-02 9.9793300E-02 1.0898130E-01
 1.1792893E-01 1.2662414E-01 1.3505620E-01 1.4321566E-01 1.5109433E-01
 1.5868513E-01 1.6598205E-01 1.7298014E-01 1.7967531E-01 1.8606447E-01
 1.9214524E-01 1.9791611E-01 2.0337622E-01 2.0852543E-01 2.1336420E-01
 2.1789354E-01 2.2603077E-01 2.3295531E-01 2.3869197E-01 2.4327098E-01
 2.4672712E-01 2.4909876E-01 2.5042701E-01 2.5075519E-01 2.5012800E-01
 2.4859124E-01 2.4619113E-01 2.4297400E-01 2.3898603E-01 2.3427276E-01
 2.2887912E-01 2.2284906E-01 2.1622539E-01 2.0904966E-01 2.0136221E-01
 1.9320187E-01 1.8460606E-01 1.7561072E-01 1.6625027E-01 1.5655762E-01
 1.4656420E-01 1.3629988E-01 1.2579316E-01 1.1507102E-01 1.0415908E-01
 9.3081601E-02 8.1861511E-02 7.0520453E-02 5.9078861E-02 4.7555968E-02
 3.5969879E-02 2.4337601E-02 1.2675104E-02 9.9735532E-04-1.0681623E-02
-2.2348715E-02-4.5599081E-02-6.8665348E-02-9.1471009E-02-1.1395022E-01
-1.3604674E-01-1.5771285E-01-1.7890857E-01-1.9960067E-01-2.1976197E-01
-2.3937079E-01-2.5841007E-01-2.7686709E-01-2.9473284E-01-3.1200150E-01
-3.2867023E-01-3.4473863E-01-3.6020857E-01-3.7508374E-01-3.8936958E-01
-4.0307295E-01-4.1620180E-01-4.2876527E-01-4.4077340E-01-4.5223680E-01
-4.6316689E-01-4.7357532E-01-4.8347452E-01-4.9287674E-01-5.0179499E-01
-5.1024193E-01-5.1823074E-01-5.2577430E-01-5.3288585E-01-5.3957826E-01
-5.4586440E-01-5.5175710E-01-5.5726910E-01-5.6241280E-01-5.6720060E-01
-5.7164466E-01-5.7954901E-01-5.8621854E-01-5.9174252E-01-5.9620589E-01
-5.9968996E-01-6.0227185E-01-6.0402495E-01-6.0501868E-01-6.0531855E-01
-6.0498649E-01-6.0408080E-01-6.0265684E-01-6.0076594E-01-5.9845686E-01
-5.9577429E-01-5.9274977E-01-5.8940405E-01-5.8575583E-01-5.8182371E-01
-5.7762557E-01-5.7317811E-01-5.6849831E-01-5.6360161E-01-5.5850363E-01
-5.5321902E-01-5.4776174E-01-5.4214555E-01-5.3638333E-01-5.3048772E-01
-5.2447045E-01-5.1834321E-01-5.1211691E-01-5.0580198E-01-4.9940842E-01
-4.9294594E-01-4.8642358E-01-4.7985002E-01-4.7323352E-01-4.6658209E-01
-4.5990315E-01-4.4649097E-01-4.3304995E-01-4.1962737E-01-4.0626577E-01
-3.9300296E-01-3.7987322E-01-3.6690527E-01-3.5412499E-01-3.4155479E-01
-3.2921413E-01-3.1711951E-01-3.0528483E-01-2.9372174E-01-2.8243953E-01
-2.7144566E-01-2.6074582E-01-2.5034398E-01-2.4024276E-01-2.3044342E-01
-2.2094606E-01-2.1174978E-01-2.0285265E-01-1.9425203E-01-1.8594451E-01
-1.7792605E-01-1.7019205E-01-1.6273747E-01-1.5555684E-01-1.4864434E-01
-1.4199395E-01-1.3559930E-01-1.2945393E-01-1.2355116E-01-1.1788430E-01
-1.1244652E-01-1.0723099E-01-1.0223087E-01-9.7439319E-02-9.2849538E-02
-8.8454813E-02-8.0223925E-02-7.2694585E-02-6.5816477E-02-5.9541427E-02
-5.3823512E-02-4.8619241E-02-4.3887600E-02-3.9590068E-02-3.5690587E-02
-3.2155540E-02-2.8953655E-02-2.6055941E-02-2.3435565E-02-2.1067766E-02
-1.8929733E-02-1.7000491E-02-1.5260790E-02-1.3692995E-02-1.2280965E-02
-1.1009959E-02-9.8665245E-03-8.8384021E-03-7.9144360E-03-7.0844833E-03
-6.3393279E-03-5.6706136E-03-5.0707618E-03-4.5329090E-03-4.0508448E-03
-3.6189531E-03-3.2321599E-03-2.8858839E-03-2.5759919E-03-2.2987565E-03
-2.0508203E-03-1.8291577E-03-1.6310473E-03-1.4540408E-03-1.2959365E-03
-1.1547565E-03-9.1627362E-04-7.2642579E-04-5.7544821E-04-4.5549832E-04
-3.6028656E-04-2.8477667E-04-2.2494128E-04-1.7756395E-04-1.4007901E-04
-1.1044216E-04-8.7026325E-05-6.8537782E-05-5.3948854E-05-4.2443949E-05
-3.3376349E-05-2.6233673E-05-2.0610276E-05-1.6185268E-05-1.2704977E-05
-9.9690042E-06-7.8191497E-06-6.1305923E-06-4.8049155E-06-3.7645573E-06
-2.9484324E-06-2.3084531E-06-1.8067828E-06-1.4136672E-06-1.1057164E-06
-8.6455231E-07-6.7574081E-07-5.2794911E-07-4.1228196E-07-3.2175933E-07
-2.5090435E-07-1.9541940E-07-1.5193096E-07-1.1778845E-07-9.0906141E-08
-6.9637970E-08
