  Z  CORE VAL  ION
 30.   5   2  0.000000
  
  
  
 THE FOLLOWING DATA IS THE MODIFIED HFS POTENTIAL, RV(R), GIVEN AT THE
 441 POINTS OF THE MESH, IN RYDBERG AUs, IDEALLY = -2Z U
  
 -6.0000000E+01-5.9836128E+01-5.9671333E+01-5.9505775E+01-5.9339626E+01 Z 30   1
 -5.9173019E+01-5.9006100E+01-5.8838974E+01-5.8671776E+01-5.8504593E+01 Z 30   2
 -5.8337524E+01-5.8170658E+01-5.8004074E+01-5.7837837E+01-5.7672028E+01 Z 30   3
 -5.7506687E+01-5.7341881E+01-5.7177650E+01-5.7014046E+01-5.6851097E+01 Z 30   4
 -5.6688847E+01-5.6527313E+01-5.6366531E+01-5.6206524E+01-5.6047310E+01 Z 30   5
 -5.5888901E+01-5.5731319E+01-5.5574562E+01-5.5418663E+01-5.5263603E+01 Z 30   6
 -5.5109413E+01-5.4956070E+01-5.4803596E+01-5.4651978E+01-5.4501232E+01 Z 30   7
 -5.4351334E+01-5.4202301E+01-5.4054115E+01-5.3906784E+01-5.3760292E+01 Z 30   8
 -5.3614639E+01-5.3325806E+01-5.3040245E+01-5.2757870E+01-5.2478626E+01 Z 30   9
 -5.2202438E+01-5.1929237E+01-5.1658951E+01-5.1391510E+01-5.1126842E+01 Z 30  10
 -5.0864887E+01-5.0605587E+01-5.0348869E+01-5.0094692E+01-4.9842995E+01 Z 30  11
 -4.9593731E+01-4.9346855E+01-4.9102318E+01-4.8860092E+01-4.8620132E+01 Z 30  12
 -4.8382412E+01-4.8146885E+01-4.7913536E+01-4.7682331E+01-4.7453239E+01 Z 30  13
 -4.7226234E+01-4.7001297E+01-4.6778389E+01-4.6557499E+01-4.6338593E+01 Z 30  14
 -4.6121643E+01-4.5906620E+01-4.5693512E+01-4.5482277E+01-4.5272896E+01 Z 30  15
 -4.5065323E+01-4.4859550E+01-4.4655529E+01-4.4453251E+01-4.4252666E+01 Z 30  16
 -4.4053757E+01-4.3660839E+01-4.3274254E+01-4.2893780E+01-4.2519188E+01 Z 30  17
 -4.2150295E+01-4.1786884E+01-4.1428799E+01-4.1075863E+01-4.0727940E+01 Z 30  18
 -4.0384872E+01-4.0046558E+01-3.9712864E+01-3.9383713E+01-3.9058975E+01 Z 30  19
 -3.8738594E+01-3.8422455E+01-3.8110512E+01-3.7802654E+01-3.7498840E+01 Z 30  20
 -3.7198982E+01-3.6903023E+01-3.6610886E+01-3.6322521E+01-3.6037853E+01 Z 30  21
 -3.5756836E+01-3.5479355E+01-3.5205406E+01-3.4934860E+01-3.4667694E+01 Z 30  22
 -3.4403824E+01-3.4143234E+01-3.3885811E+01-3.3631538E+01-3.3380360E+01 Z 30  23
 -3.3132191E+01-3.2886868E+01-3.2644409E+01-3.2404831E+01-3.2167862E+01 Z 30  24
 -3.1933640E+01-3.1473042E+01-3.1022501E+01-3.0581516E+01-3.0149799E+01 Z 30  25
 -2.9726860E+01-2.9312557E+01-2.8906307E+01-2.8507938E+01-2.8117115E+01 Z 30  26
 -2.7733473E+01-2.7356804E+01-2.6987030E+01-2.6623819E+01-2.6267059E+01 Z 30  27
 -2.5916794E+01-2.5572577E+01-2.5234367E+01-2.4902033E+01-2.4575462E+01 Z 30  28
 -2.4254391E+01-2.3938883E+01-2.3628771E+01-2.3323887E+01-2.3024147E+01 Z 30  29
 -2.2729530E+01-2.2439692E+01-2.2154648E+01-2.1874100E+01-2.1598042E+01 Z 30  30
 -2.1326199E+01-2.1058670E+01-2.0795183E+01-2.0535805E+01-2.0280396E+01 Z 30  31
 -2.0028702E+01-1.9780746E+01-1.9536304E+01-1.9295359E+01-1.9057831E+01 Z 30  32
 -1.8823631E+01-1.8364933E+01-1.7918915E+01-1.7485025E+01-1.7062790E+01 Z 30  33
 -1.6652151E+01-1.6252705E+01-1.5864252E+01-1.5486470E+01-1.5119217E+01 Z 30  34
 -1.4762251E+01-1.4415458E+01-1.4078456E+01-1.3751268E+01-1.3433598E+01 Z 30  35
 -1.3125267E+01-1.2826012E+01-1.2535731E+01-1.2254146E+01-1.1981130E+01 Z 30  36
 -1.1716318E+01-1.1459604E+01-1.1210688E+01-1.0969471E+01-1.0735533E+01 Z 30  37
 -1.0508934E+01-1.0289242E+01-1.0076391E+01-9.8700104E+00-9.6700668E+00 Z 30  38
 -9.4761696E+00-9.2882957E+00-9.1060686E+00-8.9294786E+00-8.7581654E+00 Z 30  39
 -8.5921001E+00-8.4309387E+00-8.2746849E+00-8.1229868E+00-7.9758673E+00 Z 30  40
 -7.8329644E+00-7.5596299E+00-7.3018074E+00-7.0583992E+00-6.8283873E+00 Z 30  41
 -6.6108475E+00-6.4049134E+00-6.2097631E+00-6.0246658E+00-5.8489323E+00 Z 30  42
 -5.6819472E+00-5.5231237E+00-5.3719254E+00-5.2278728E+00-5.0904908E+00 Z 30  43
 -4.9594026E+00-4.8341856E+00-4.7145309E+00-4.6000423E+00-4.4905005E+00 Z 30  44
 -4.3855476E+00-4.2849913E+00-4.1885433E+00-4.0960102E+00-4.0071440E+00 Z 30  45
 -3.9217820E+00-3.8397095E+00-3.7608211E+00-3.6848655E+00-3.6117766E+00 Z 30  46
 -3.5413442E+00-3.4734957E+00-3.4080667E+00-3.3449416E+00-3.2840405E+00 Z 30  47
 -3.2252183E+00-3.1683922E+00-3.1134984E+00-3.0603981E+00-3.0090363E+00 Z 30  48
 -2.9593496E+00-2.8646226E+00-2.7756643E+00-2.6919937E+00-2.6131902E+00 Z 30  49
 -2.5387936E+00-2.4685130E+00-2.4020154E+00-2.3390131E+00-2.2792172E+00 Z 30  50
 -2.2224498E+00-2.1684442E+00-2.1170914E+00-2.0681326E+00-2.0214980E+00 Z 30  51
 -2.0000000E+00-2.0000000E+00-2.0000000E+00-2.0000000E+00-2.0000000E+00 Z 30  52
 -2.0000000E+00-2.0000000E+00-2.0000000E+00-2.0000000E+00-2.0000000E+00 Z 30  53
 -2.0000000E+00-2.0000000E+00-2.0000000E+00-2.0000000E+00-2.0000000E+00 Z 30  54
 -2.0000000E+00-2.0000000E+00-2.0000000E+00-2.0000000E+00-2.0000000E+00 Z 30  55
 -2.0000000E+00-2.0000000E+00-2.0000000E+00-2.0000000E+00-2.0000000E+00 Z 30  56
 -2.0000000E+00-2.0000000E+00-2.0000000E+00-2.0000000E+00-2.0000000E+00 Z 30  57
 -2.0000000E+00-2.0000000E+00-2.0000000E+00-2.0000000E+00-2.0000000E+00 Z 30  58
 -2.0000000E+00-2.0000000E+00-2.0000000E+00-2.0000000E+00-2.0000000E+00 Z 30  59
 -2.0000000E+00-2.0000000E+00-2.0000000E+00-2.0000000E+00-2.0000000E+00 Z 30  60
 -2.0000000E+00-2.0000000E+00-2.0000000E+00-2.0000000E+00-2.0000000E+00 Z 30  61
 -2.0000000E+00-2.0000000E+00-2.0000000E+00-2.0000000E+00-2.0000000E+00 Z 30  62
 -2.0000000E+00-2.0000000E+00-2.0000000E+00-2.0000000E+00-2.0000000E+00 Z 30  63
 -2.0000000E+00-2.0000000E+00-2.0000000E+00-2.0000000E+00-2.0000000E+00 Z 30  64
 -2.0000000E+00-2.0000000E+00-2.0000000E+00-2.0000000E+00-2.0000000E+00 Z 30  65
 -2.0000000E+00-2.0000000E+00-2.0000000E+00-2.0000000E+00-2.0000000E+00 Z 30  66
 -2.0000000E+00-2.0000000E+00-2.0000000E+00-2.0000000E+00-2.0000000E+00 Z 30  67
 -2.0000000E+00-2.0000000E+00-2.0000000E+00-2.0000000E+00-2.0000000E+00 Z 30  68
 -2.0000000E+00-2.0000000E+00-2.0000000E+00-2.0000000E+00-2.0000000E+00 Z 30  69
 -2.0000000E+00-2.0000000E+00-2.0000000E+00-2.0000000E+00-2.0000000E+00 Z 30  70
 -2.0000000E+00-2.0000000E+00-2.0000000E+00-2.0000000E+00-2.0000000E+00 Z 30  71
 -2.0000000E+00-2.0000000E+00-2.0000000E+00-2.0000000E+00-2.0000000E+00 Z 30  72
 -2.0000000E+00-2.0000000E+00-2.0000000E+00-2.0000000E+00-2.0000000E+00 Z 30  73
 -2.0000000E+00-2.0000000E+00-2.0000000E+00-2.0000000E+00-2.0000000E+00 Z 30  74
 -2.0000000E+00-2.0000000E+00-2.0000000E+00-2.0000000E+00-2.0000000E+00 Z 30  75
 -2.0000000E+00-2.0000000E+00-2.0000000E+00-2.0000000E+00-2.0000000E+00 Z 30  76
 -2.0000000E+00-2.0000000E+00-2.0000000E+00-2.0000000E+00-2.0000000E+00 Z 30  77
 -2.0000000E+00-2.0000000E+00-2.0000000E+00-2.0000000E+00-2.0000000E+00 Z 30  78
 -2.0000000E+00-2.0000000E+00-2.0000000E+00-2.0000000E+00-2.0000000E+00 Z 30  79
 -2.0000000E+00-2.0000000E+00-2.0000000E+00-2.0000000E+00-2.0000000E+00 Z 30  80
 -2.0000000E+00-2.0000000E+00-2.0000000E+00-2.0000000E+00-2.0000000E+00 Z 30  81
 -2.0000000E+00-2.0000000E+00-2.0000000E+00-2.0000000E+00-2.0000000E+00 Z 30  82
 -2.0000000E+00-2.0000000E+00-2.0000000E+00-2.0000000E+00-2.0000000E+00 Z 30  83
 -2.0000000E+00-2.0000000E+00-2.0000000E+00-2.0000000E+00-2.0000000E+00 Z 30  84
 -2.0000000E+00-2.0000000E+00-2.0000000E+00-2.0000000E+00-2.0000000E+00 Z 30  85
 -2.0000000E+00-2.0000000E+00-2.0000000E+00-2.0000000E+00-2.0000000E+00 Z 30  86
 -2.0000000E+00-2.0000000E+00-2.0000000E+00-2.0000000E+00-2.0000000E+00 Z 30  87
 -2.0000000E+00-2.0000000E+00-2.0000000E+00-2.0000000E+00-2.0000000E+00 Z 30  88
 -2.0000000E+00                                                         Z 30  89



 THE FOLLOWING DATA IS THE NORMALIZED RADIAL WAVE FUNCTION FOR ORBITAL 100 , OUT TO MESH POINT 201

 100    201          0       -6.9069476E+02 2.0000000E+00 3.2288733E+02

  0.0000000E+00 2.2513756E-01 4.4075736E-01 6.4716375E-01 8.4465230E-01 Z 30   1
  1.0335106E+00 1.2140179E+00 1.3864455E+00 1.5510571E+00 1.7081088E+00 Z 30   2
  1.8578490E+00 2.0005195E+00 2.1363547E+00 2.2655823E+00 2.3884234E+00 Z 30   3
  2.5050924E+00 2.6157973E+00 2.7207415E+00 2.8201199E+00 2.9141231E+00 Z 30   4
  3.0029364E+00 3.0867383E+00 3.1657028E+00 3.2399993E+00 3.3097906E+00 Z 30   5
  3.3752358E+00 3.4364884E+00 3.4936981E+00 3.5470090E+00 3.5965624E+00 Z 30   6
  3.6424937E+00 3.6849349E+00 3.7240136E+00 3.7598546E+00 3.7925775E+00 Z 30   7
  3.8222983E+00 3.8491299E+00 3.8731830E+00 3.8945622E+00 3.9133708E+00 Z 30   8
  3.9297080E+00 3.9553506E+00 3.9722250E+00 3.9810214E+00 3.9823852E+00 Z 30   9
  3.9769228E+00 3.9652021E+00 3.9477546E+00 3.9250774E+00 3.8976369E+00 Z 30  10
  3.8658686E+00 3.8301797E+00 3.7909503E+00 3.7485352E+00 3.7032669E+00 Z 30  11
  3.6554539E+00 3.6053843E+00 3.5533264E+00 3.4995303E+00 3.4442284E+00 Z 30  12
  3.3876367E+00 3.3299546E+00 3.2713690E+00 3.2120512E+00 3.1521609E+00 Z 30  13
  3.0918453E+00 3.0312402E+00 2.9704719E+00 2.9096541E+00 2.8488944E+00 Z 30  14
  2.7882895E+00 2.7279513E+00 2.6679387E+00 2.6083255E+00 2.5491793E+00 Z 30  15
  2.4905620E+00 2.4325278E+00 2.3751268E+00 2.3184044E+00 2.2624004E+00 Z 30  16
  2.2071497E+00 2.0990305E+00 1.9942536E+00 1.8929712E+00 1.7952894E+00 Z 30  17
  1.7012743E+00 1.6109592E+00 1.5243471E+00 1.4414178E+00 1.3621300E+00 Z 30  18
  1.2864259E+00 1.2142336E+00 1.1454703E+00 1.0800432E+00 1.0178533E+00 Z 30  19
  9.5879614E-01 9.0276313E-01 8.4964383E-01 7.9932564E-01 7.5169593E-01 Z 30  20
  7.0664227E-01 6.6405314E-01 6.2381864E-01 5.8583093E-01 5.4998440E-01 Z 30  21
  5.1617634E-01 4.8430672E-01 4.5427874E-01 4.2599893E-01 3.9937699E-01 Z 30  22
  3.7432617E-01 3.5076308E-01 3.2860765E-01 3.0778345E-01 2.8821719E-01 Z 30  23
  2.6983905E-01 2.5258228E-01 2.3638354E-01 2.2118238E-01 2.0692134E-01 Z 30  24
  1.9354597E-01 1.6924819E-01 1.4790665E-01 1.2917891E-01 1.1275891E-01 Z 30  25
  9.8373793E-02 8.5780777E-02 7.4764334E-02 6.5133408E-02 5.6718946E-02 Z 30  26
  4.9371578E-02 4.2959485E-02 3.7366521E-02 3.2490417E-02 2.8241271E-02 Z 30  27
  2.4540093E-02 2.1317558E-02 1.8512875E-02 1.6072782E-02 1.3950641E-02 Z 30  28
  1.2105648E-02 1.0502134E-02 9.1089206E-03 7.8987833E-03 6.8479627E-03 Z 30  29
  5.9357299E-03 5.1440117E-03 4.4570556E-03 3.8611400E-03 3.3443165E-03 Z 30  30
  2.8961850E-03 2.5076959E-03 2.1709790E-03 1.8791904E-03 1.6263818E-03 Z 30  31
  1.4073842E-03 1.2177076E-03 1.0534532E-03 9.1123517E-04 7.8811526E-04 Z 30  32
  6.8154384E-04 5.0955144E-04 3.8080057E-04 2.8446826E-04 2.1242588E-04 Z 30  33
  1.5857263E-04 1.1833283E-04 8.8276858E-05 6.5835651E-05 4.9085709E-05 Z 30  34
  3.6587746E-05 2.7265231E-05 2.0313346E-05 1.5130669E-05 1.1267935E-05 Z 30  35
  8.3896721E-06 6.2454619E-06 4.6484420E-06 3.4592144E-06 2.5738220E-06 Z 30  36
  1.9147587E-06 1.4242542E-06 1.0592581E-06 7.8769858E-07 5.8568605E-07 Z 30  37
  4.3543056E-07 3.2368641E-07 2.4059338E-07 1.7881274E-07 1.3288326E-07 Z 30  38
  9.8741580E-08 7.3364781E-08 5.4504397E-08 4.0488072E-08 3.0072158E-08 Z 30  39
  2.2331877E-08 1.6579577E-08 1.2303919E-08 9.1246140E-09 6.7587367E-09 Z 30  40
  4.9956381E-09                                                         Z 30  41



 THE FOLLOWING DATA IS THE NORMALIZED RADIAL WAVE FUNCTION FOR ORBITAL 200 , OUT TO MESH POINT 241

 200    241          0       -8.3256615E+01 2.0000000E+00 9.9275284E+01

  0.0000000E+00 6.9217414E-02 1.3548739E-01 1.9888352E-01 2.5947782E-01 Z 30   1
  3.1734103E-01 3.7254238E-01 4.2514953E-01 4.7522900E-01 5.2284575E-01 Z 30   2
  5.6806350E-01 6.1094445E-01 6.5154976E-01 6.8993908E-01 7.2617096E-01 Z 30   3
  7.6030260E-01 7.9238987E-01 8.2248777E-01 8.5064960E-01 8.7692815E-01 Z 30   4
  9.0137446E-01 9.2403889E-01 9.4497055E-01 9.6421736E-01 9.8182642E-01 Z 30   5
  9.9784344E-01 1.0123137E+00 1.0252811E+00 1.0367882E+00 1.0468775E+00 Z 30   6
  1.0555897E+00 1.0629653E+00 1.0690434E+00 1.0738623E+00 1.0774597E+00 Z 30   7
  1.0798724E+00 1.0811360E+00 1.0812858E+00 1.0803560E+00 1.0783801E+00 Z 30   8
  1.0753907E+00 1.0664991E+00 1.0539286E+00 1.0379155E+00 1.0186849E+00 Z 30   9
  9.9645251E-01 9.7142333E-01 9.4379342E-01 9.1374969E-01 8.8147050E-01 Z 30  10
  8.4712565E-01 8.1087697E-01 7.7287900E-01 7.3327857E-01 6.9221568E-01 Z 30  11
  6.4982349E-01 6.0622889E-01 5.6155229E-01 5.1590848E-01 4.6940631E-01 Z 30  12
  4.2214936E-01 3.7423581E-01 3.2575908E-01 2.7680755E-01 2.2746515E-01 Z 30  13
  1.7781135E-01 1.2792139E-01 7.7866517E-02 2.7714083E-02-2.2472255E-02 Z 30  14
 -7.2632402E-02-1.2270964E-01-1.7265052E-01-2.2240469E-01-2.7192476E-01 Z 30  15
 -3.2116622E-01-3.7008727E-01-4.1864869E-01-4.6681386E-01-5.1454830E-01 Z 30  16
 -5.6182009E-01-6.5485799E-01-7.4571323E-01-8.3420146E-01-9.2016613E-01 Z 30  17
 -1.0034758E+00-1.0840224E+00-1.1617178E+00-1.2364936E+00-1.3082982E+00 Z 30  18
 -1.3770956E+00-1.4428631E+00-1.5055913E+00-1.5652816E+00-1.6219459E+00 Z 30  19
 -1.6756047E+00-1.7262869E+00-1.7740275E+00-1.8188695E+00-1.8608594E+00 Z 30  20
 -1.9000500E+00-1.9364972E+00-1.9702613E+00-2.0014048E+00-2.0299931E+00 Z 30  21
 -2.0560937E+00-2.0797753E+00-2.1011081E+00-2.1201639E+00-2.1370139E+00 Z 30  22
 -2.1517305E+00-2.1643863E+00-2.1750529E+00-2.1838028E+00-2.1907070E+00 Z 30  23
 -2.1958358E+00-2.1992602E+00-2.2010481E+00-2.2012682E+00-2.1999872E+00 Z 30  24
 -2.1972709E+00-2.1877882E+00-2.1733191E+00-2.1543400E+00-2.1313038E+00 Z 30  25
 -2.1046381E+00-2.0747478E+00-2.0420117E+00-2.0067859E+00-1.9694021E+00 Z 30  26
 -1.9301695E+00-1.8893747E+00-1.8472834E+00-1.8041403E+00-1.7601712E+00 Z 30  27
 -1.7155821E+00-1.6705631E+00-1.6252855E+00-1.5799066E+00-1.5345676E+00 Z 30  28
 -1.4893969E+00-1.4445269E+00-1.4000424E+00-1.3560351E+00-1.3125858E+00 Z 30  29
 -1.2697655E+00-1.2276363E+00-1.1862524E+00-1.1456592E+00-1.1058962E+00 Z 30  30
 -1.0669961E+00-1.0289853E+00-9.9188513E-01-9.5571196E-01-9.2047763E-01 Z 30  31
 -8.8619006E-01-8.5285294E-01-8.2046759E-01-7.8903157E-01-7.5854015E-01 Z 30  32
 -7.2898614E-01-6.7265123E-01-6.1993200E-01-5.7071048E-01-5.2485174E-01 Z 30  33
 -4.8220912E-01-4.4262752E-01-4.0594783E-01-3.7200898E-01-3.4065035E-01 Z 30  34
 -3.1171370E-01-2.8504437E-01-2.6049256E-01-2.3791400E-01-2.1717052E-01 Z 30  35
 -1.9813062E-01-1.8066946E-01-1.6466908E-01-1.5001841E-01-1.3661318E-01 Z 30  36
 -1.2435571E-01-1.1315484E-01-1.0292556E-01-9.3588822E-02-8.5071251E-02 Z 30  37
 -7.7304870E-02-7.0226766E-02-6.3778818E-02-5.7907403E-02-5.2563109E-02 Z 30  38
 -4.7700450E-02-4.3277618E-02-3.9256196E-02-3.5600938E-02-3.2279525E-02 Z 30  39
 -2.9262340E-02-2.6522290E-02-2.4034567E-02-2.1776507E-02-1.9727400E-02 Z 30  40
 -1.7868327E-02-1.4652997E-02-1.2009712E-02-9.8383185E-03-8.0557885E-03 Z 30  41
 -6.5933978E-03-5.3943414E-03-4.4117193E-03-3.6068568E-03-2.9478939E-03 Z 30  42
 -2.4086083E-03-1.9674357E-03-1.6066551E-03-1.3117163E-03-1.0706779E-03 Z 30  43
 -8.7374670E-04-7.1289530E-04-5.8154651E-04-4.7431464E-04-3.8679098E-04 Z 30  44
 -3.1536826E-04-2.5709587E-04-2.0956135E-04-1.7079270E-04-1.3917849E-04 Z 30  45
 -1.1340237E-04-9.2389200E-05-7.5261145E-05-6.1301565E-05-4.9925584E-05 Z 30  46
 -4.0655923E-05-3.3103195E-05-2.6949741E-05-2.1936467E-05-1.7852048E-05 Z 30  47
 -1.4524151E-05-1.1812216E-05-9.6015992E-06-7.7987625E-06-6.3273587E-06 Z 30  48
 -5.1250290E-06                                                         Z 30  49



 THE FOLLOWING DATA IS THE NORMALIZED RADIAL WAVE FUNCTION FOR ORBITAL 210 , OUT TO MESH POINT 241

 210    241          1       -7.3506905E+01 6.0000000E+00 7.8023206E+02

  0.0000000E+00 3.9168683E-04 1.5501146E-03 3.4507599E-03 6.0696597E-03 Z 30   1
  9.3833981E-03 1.3369099E-02 1.8004416E-02 2.3267522E-02 2.9137092E-02 Z 30   2
  3.5592306E-02 4.2612832E-02 5.0178811E-02 5.8270849E-02 6.6870026E-02 Z 30   3
  7.5957865E-02 8.5516319E-02 9.5527790E-02 1.0597505E-01 1.1684138E-01 Z 30   4
  1.2811041E-01 1.3976613E-01 1.5179294E-01 1.6417566E-01 1.7689946E-01 Z 30   5
  1.8994986E-01 2.0331271E-01 2.1697427E-01 2.3092107E-01 2.4514005E-01 Z 30   6
  2.5961840E-01 2.7434367E-01 2.8930372E-01 3.0448669E-01 3.1988111E-01 Z 30   7
  3.3547559E-01 3.5125926E-01 3.6722139E-01 3.8335159E-01 3.9963967E-01 Z 30   8
  4.1607574E-01 4.4935361E-01 4.8311117E-01 5.1727808E-01 5.5178767E-01 Z 30   9
  5.8657700E-01 6.2158614E-01 6.5675861E-01 6.9204098E-01 7.2738272E-01 Z 30  10
  7.6273596E-01 7.9805583E-01 8.3329993E-01 8.6842817E-01 9.0340298E-01 Z 30  11
  9.3818891E-01 9.7275299E-01 1.0070639E+00 1.0410923E+00 1.0748111E+00 Z 30  12
  1.1081948E+00 1.1412195E+00 1.1738633E+00 1.2061052E+00 1.2379265E+00 Z 30  13
  1.2693096E+00 1.3002378E+00 1.3306965E+00 1.3606718E+00 1.3901510E+00 Z 30  14
  1.4191228E+00 1.4475768E+00 1.4755036E+00 1.5028948E+00 1.5297431E+00 Z 30  15
  1.5560416E+00 1.5817848E+00 1.6069678E+00 1.6315862E+00 1.6556364E+00 Z 30  16
  1.6791158E+00 1.7243538E+00 1.7672905E+00 1.8079246E+00 1.8462631E+00 Z 30  17
  1.8823191E+00 1.9161133E+00 1.9476711E+00 1.9770230E+00 2.0042043E+00 Z 30  18
  2.0292542E+00 2.0522137E+00 2.0731287E+00 2.0920463E+00 2.1090157E+00 Z 30  19
  2.1240883E+00 2.1373162E+00 2.1487532E+00 2.1584532E+00 2.1664720E+00 Z 30  20
  2.1728642E+00 2.1776848E+00 2.1809902E+00 2.1828349E+00 2.1832738E+00 Z 30  21
  2.1823616E+00 2.1801519E+00 2.1766982E+00 2.1720524E+00 2.1662664E+00 Z 30  22
  2.1593909E+00 2.1514759E+00 2.1425698E+00 2.1327205E+00 2.1219745E+00 Z 30  23
  2.1103771E+00 2.0979733E+00 2.0848060E+00 2.0709171E+00 2.0563483E+00 Z 30  24
  2.0411386E+00 2.0089509E+00 1.9746486E+00 1.9385082E+00 1.9007884E+00 Z 30  25
  1.8617305E+00 1.8215576E+00 1.7804779E+00 1.7386824E+00 1.6963476E+00 Z 30  26
  1.6536365E+00 1.6107150E+00 1.5677013E+00 1.5247185E+00 1.4818786E+00 Z 30  27
  1.4392828E+00 1.3970217E+00 1.3551772E+00 1.3138216E+00 1.2730192E+00 Z 30  28
  1.2328265E+00 1.1932932E+00 1.1544619E+00 1.1163694E+00 1.0790466E+00 Z 30  29
  1.0425197E+00 1.0068094E+00 9.7193271E-01 9.3790233E-01 9.0472734E-01 Z 30  30
  8.7241375E-01 8.4096414E-01 8.1037885E-01 7.8065550E-01 7.5178957E-01 Z 30  31
  7.2377473E-01 6.9660276E-01 6.7026395E-01 6.4474708E-01 6.2004006E-01 Z 30  32
  5.9612948E-01 5.5064017E-01 5.0815713E-01 4.6854967E-01 4.3168157E-01 Z 30  33
  3.9741367E-01 3.6560568E-01 3.3611834E-01 3.0881435E-01 2.8355974E-01 Z 30  34
  2.6022443E-01 2.3868319E-01 2.1881579E-01 2.0050745E-01 1.8364902E-01 Z 30  35
  1.6813710E-01 1.5387399E-01 1.4076763E-01 1.2873155E-01 1.1768469E-01 Z 30  36
  1.0755125E-01 9.8260403E-02 8.9746185E-02 8.1947222E-02 7.4806489E-02 Z 30  37
  6.8271063E-02 6.2291939E-02 5.6823727E-02 5.1824491E-02 4.7255479E-02 Z 30  38
  4.3080963E-02 3.9267987E-02 3.5786197E-02 3.2607671E-02 2.9706705E-02 Z 30  39
  2.7059698E-02 2.4644952E-02 2.2442561E-02 2.0434259E-02 1.8603295E-02 Z 30  40
  1.6934318E-02 1.4027407E-02 1.1614525E-02 9.6129077E-03 7.9533681E-03 Z 30  41
  6.5781293E-03 5.4390118E-03 4.4958703E-03 3.7152914E-03 3.0694855E-03 Z 30  42
  2.5353588E-03 2.0937326E-03 1.7286908E-03 1.4270311E-03 1.1778089E-03 Z 30  43
  9.7195513E-04 8.0195913E-04 6.6160201E-04 5.4573745E-04 4.5010779E-04 Z 30  44
  3.7119168E-04 3.0607783E-04 2.5235963E-04 2.0804862E-04 1.7150179E-04 Z 30  45
  1.4136219E-04 1.1650912E-04 9.6017327E-05 7.9123027E-05 6.5195723E-05 Z 30  46
  5.3715157E-05 4.4252007E-05 3.6452067E-05 3.0023108E-05 2.4724079E-05 Z 30  47
  2.0356118E-05 1.6755188E-05 1.3785956E-05 1.1336755E-05 9.3154094E-06 Z 30  48
  7.6458055E-06                                                         Z 30  49



 THE FOLLOWING DATA IS THE NORMALIZED RADIAL WAVE FUNCTION FOR ORBITAL 300 , OUT TO MESH POINT 321

 300    321          0       -9.2151489E+00 2.0000000E+00 3.8186352E+01

  0.0000000E+00 2.6624406E-02 5.2114088E-02 7.6496415E-02 9.9798225E-02 Z 30   1
  1.2204587E-01 1.4326517E-01 1.6348153E-01 1.8271974E-01 2.0100422E-01 Z 30   2
  2.1835887E-01 2.3480710E-01 2.5037190E-01 2.6507574E-01 2.7894071E-01 Z 30   3
  2.9198846E-01 3.0424014E-01 3.1571651E-01 3.2643795E-01 3.3642429E-01 Z 30   4
  3.4569517E-01 3.5426968E-01 3.6216649E-01 3.6940402E-01 3.7600020E-01 Z 30   5
  3.8197264E-01 3.8733858E-01 3.9211482E-01 3.9631799E-01 3.9996424E-01 Z 30   6
  4.0306944E-01 4.0564907E-01 4.0771824E-01 4.0929198E-01 4.1038468E-01 Z 30   7
  4.1101077E-01 4.1118410E-01 4.1091833E-01 4.1022679E-01 4.0912265E-01 Z 30   8
  4.0761867E-01 4.0346110E-01 3.9785117E-01 3.9088187E-01 3.8264215E-01 Z 30   9
  3.7321734E-01 3.6268899E-01 3.5113510E-01 3.3863041E-01 3.2524633E-01 Z 30  10
  3.1105122E-01 2.9611027E-01 2.8048602E-01 2.6423809E-01 2.4742340E-01 Z 30  11
  2.3009641E-01 2.1230903E-01 1.9411083E-01 1.7554910E-01 1.5666889E-01 Z 30  12
  1.3751318E-01 1.1812293E-01 9.8537110E-02 7.8792840E-02 5.8925424E-02 Z 30  13
  3.8968440E-02 1.8953782E-02-1.0882344E-03-2.1128854E-02-4.1140787E-02 Z 30  14
 -6.1098181E-02-8.0976538E-02-1.0075267E-01-1.2040465E-01-1.3991179E-01 Z 30  15
 -1.5925454E-01-1.7841442E-01-1.9737415E-01-2.1611734E-01-2.3462866E-01 Z 30  16
 -2.5289378E-01-2.8863218E-01-3.2323503E-01-3.5661745E-01-3.8870677E-01 Z 30  17
 -4.1944101E-01-4.4876802E-01-4.7664517E-01-5.0303793E-01-5.2791959E-01 Z 30  18
 -5.5127043E-01-5.7307720E-01-5.9333229E-01-6.1203372E-01-6.2918407E-01 Z 30  19
 -6.4479053E-01-6.5886384E-01-6.7141861E-01-6.8247277E-01-6.9204664E-01 Z 30  20
 -7.0016342E-01-7.0684856E-01-7.1212953E-01-7.1603513E-01-7.1859628E-01 Z 30  21
 -7.1984482E-01-7.1981382E-01-7.1853745E-01-7.1605045E-01-7.1238798E-01 Z 30  22
 -7.0758617E-01-7.0168138E-01-6.9471008E-01-6.8670875E-01-6.7771435E-01 Z 30  23
 -6.6776353E-01-6.5689284E-01-6.4513856E-01-6.3253689E-01-6.1912370E-01 Z 30  24
 -6.0493439E-01-5.7436693E-01-5.4110903E-01-5.0542706E-01-4.6757752E-01 Z 30  25
 -4.2780712E-01-3.8635206E-01-3.4343764E-01-2.9927814E-01-2.5407660E-01 Z 30  26
 -2.0802490E-01-1.6130395E-01-1.1408373E-01-6.6523485E-02-1.8772030E-02 Z 30  27
  2.9031968E-02 7.6759703E-02 1.2429181E-01 1.7151813E-01 2.1833727E-01 Z 30  28
  2.6465613E-01 3.1038979E-01 3.5546076E-01 3.9979899E-01 4.4334128E-01 Z 30  29
  4.8603079E-01 5.2781707E-01 5.6865519E-01 6.0850602E-01 6.4733541E-01 Z 30  30
  6.8511385E-01 7.2181678E-01 7.5742370E-01 7.9191792E-01 8.2528645E-01 Z 30  31
  8.5751998E-01 8.8861209E-01 9.1855967E-01 9.4736195E-01 9.7502100E-01 Z 30  32
  1.0015410E+00 1.0511916E+00 1.0963877E+00 1.1372297E+00 1.1738385E+00 Z 30  33
  1.2063529E+00 1.2349250E+00 1.2597173E+00 1.2808996E+00 1.2986466E+00 Z 30  34
  1.3131356E+00 1.3245454E+00 1.3330534E+00 1.3388355E+00 1.3420652E+00 Z 30  35
  1.3429110E+00 1.3415375E+00 1.3381035E+00 1.3327633E+00 1.3256638E+00 Z 30  36
  1.3169469E+00 1.3067474E+00 1.2951941E+00 1.2824094E+00 1.2685090E+00 Z 30  37
  1.2536030E+00 1.2377946E+00 1.2211813E+00 1.2038552E+00 1.1859021E+00 Z 30  38
  1.1674026E+00 1.1484324E+00 1.1290616E+00 1.1093559E+00 1.0893763E+00 Z 30  39
  1.0691795E+00 1.0488181E+00 1.0283407E+00 1.0077921E+00 9.8721373E-01 Z 30  40
  9.6664387E-01 9.2566597E-01 8.8510394E-01 8.4516162E-01 8.0600631E-01 Z 30  41
  7.6777327E-01 7.3059332E-01 6.9452626E-01 6.5963429E-01 6.2596166E-01 Z 30  42
  5.9353739E-01 5.6237715E-01 5.3248566E-01 5.0385839E-01 4.7648275E-01 Z 30  43
  4.5033991E-01 4.2540586E-01 4.0165222E-01 3.7904721E-01 3.5755658E-01 Z 30  44
  3.3714414E-01 3.1777215E-01 2.9940224E-01 2.8199524E-01 2.6551214E-01 Z 30  45
  2.4991383E-01 2.3516175E-01 2.2121777E-01 2.0804468E-01 1.9560599E-01 Z 30  46
  1.8386628E-01 1.7279111E-01 1.6234724E-01 1.5250252E-01 1.4322604E-01 Z 30  47
  1.3448806E-01 1.2626004E-01 1.1851467E-01 1.1122582E-01 1.0436852E-01 Z 30  48
  9.7918972E-02 8.6153507E-02 7.5760774E-02 6.6588603E-02 5.8500059E-02 Z 30  49
  5.1372312E-02 4.5095444E-02 3.9571304E-02 3.4712400E-02 3.0440904E-02 Z 30  50
  2.6687680E-02 2.3391405E-02 2.0497739E-02 1.7958608E-02 1.5731506E-02 Z 30  51
  1.3778882E-02 1.2067363E-02 1.0567389E-02 9.2529776E-03 8.1013069E-03 Z 30  52
  7.0923432E-03 6.2085013E-03 5.4343473E-03 4.7563375E-03 4.1625905E-03 Z 30  53
  3.6426836E-03 3.1874769E-03 2.7889535E-03 2.4400852E-03 2.1347115E-03 Z 30  54
  1.8674306E-03 1.6335098E-03 1.4288005E-03 1.2496677E-03 1.0929275E-03 Z 30  55
  9.5578999E-04 8.3581125E-04 7.3085126E-04 6.3903548E-04 5.5872253E-04 Z 30  56
  4.8847526E-04 3.7333174E-04 2.8527624E-04 2.1795071E-04 1.6648557E-04 Z 30  57
  1.2715216E-04 9.7096337E-05 7.4133881E-05 5.6593715E-05 4.3197604E-05 Z 30  58
  3.2968073E-05 2.5157769E-05 1.9195415E-05 1.4644404E-05 1.1171113E-05 Z 30  59
  8.5206711E-06 6.4983815E-06 4.9555556E-06 3.7786510E-06 2.8809775E-06 Z 30  60
  2.1963576E-06 1.6742780E-06 1.2761880E-06 9.7266991E-07 7.4127792E-07 Z 30  61
  5.6488813E-07 4.3043792E-07 3.2796379E-07 2.4986716E-07 1.9035330E-07 Z 30  62
  1.4500370E-07 1.1044950E-07 8.4122313E-08 6.4064167E-08 4.8782564E-08 Z 30  63
  3.7139795E-08 2.8268644E-08 2.1508015E-08 1.6353843E-08 1.2421664E-08 Z 30  64
  9.4180361E-09                                                         Z 30  65



 THE FOLLOWING DATA IS THE NORMALIZED RADIAL WAVE FUNCTION FOR ORBITAL 310 , OUT TO MESH POINT 321

 310    321          1       -6.1111641E+00 6.0000000E+00 2.9643848E+02

  0.0000000E+00 1.4881548E-04 5.8893650E-04 1.3110278E-03 2.3059556E-03 Z 30   1
  3.5647836E-03 5.0787698E-03 6.8393634E-03 8.8382000E-03 1.1067103E-02 Z 30   2
  1.3518068E-02 1.6183278E-02 1.9055083E-02 2.2126004E-02 2.5388734E-02 Z 30   3
  2.8836124E-02 3.2461192E-02 3.6257107E-02 4.0217195E-02 4.4334937E-02 Z 30   4
  4.8603952E-02 5.3018019E-02 5.7571050E-02 6.2257092E-02 6.7070343E-02 Z 30   5
  7.2005130E-02 7.7055901E-02 8.2217246E-02 8.7483868E-02 9.2850603E-02 Z 30   6
  9.8312415E-02 1.0386436E-01 1.0950164E-01 1.1521956E-01 1.2101352E-01 Z 30   7
  1.2687905E-01 1.3281178E-01 1.3880748E-01 1.4486194E-01 1.5097110E-01 Z 30   8
  1.5713102E-01 1.6958776E-01 1.8220229E-01 1.9494630E-01 2.0779283E-01 Z 30   9
  2.2071622E-01 2.3369218E-01 2.4669757E-01 2.5971049E-01 2.7271014E-01 Z 30  10
  2.8567690E-01 2.9859203E-01 3.1143790E-01 3.2419798E-01 3.3685637E-01 Z 30  11
  3.4939831E-01 3.6180979E-01 3.7407759E-01 3.8618934E-01 3.9813343E-01 Z 30  12
  4.0989894E-01 4.2147562E-01 4.3285391E-01 4.4402486E-01 4.5498025E-01 Z 30  13
  4.6571228E-01 4.7621381E-01 4.8647815E-01 4.9649927E-01 5.0627142E-01 Z 30  14
  5.1578957E-01 5.2504897E-01 5.3404534E-01 5.4277486E-01 5.5123389E-01 Z 30  15
  5.5941957E-01 5.6732905E-01 5.7495999E-01 5.8231020E-01 5.8937806E-01 Z 30  16
  5.9616214E-01 6.0887450E-01 6.2044114E-01 6.3086009E-01 6.4013267E-01 Z 30  17
  6.4826387E-01 6.5526140E-01 6.6113573E-01 6.6589963E-01 6.6956812E-01 Z 30  18
  6.7215806E-01 6.7368805E-01 6.7417812E-01 6.7364997E-01 6.7212582E-01 Z 30  19
  6.6962945E-01 6.6618532E-01 6.6181850E-01 6.5655452E-01 6.5041989E-01 Z 30  20
  6.4344108E-01 6.3564503E-01 6.2705868E-01 6.1770940E-01 6.0762441E-01 Z 30  21
  5.9683079E-01 5.8535588E-01 5.7322663E-01 5.6046987E-01 5.4711223E-01 Z 30  22
  5.3318006E-01 5.1869941E-01 5.0369602E-01 4.8819533E-01 4.7222221E-01 Z 30  23
  4.5580131E-01 4.3895677E-01 4.2171234E-01 4.0409118E-01 3.8611612E-01 Z 30  24
  3.6780944E-01 3.3028823E-01 2.9169607E-01 2.5219360E-01 2.1193315E-01 Z 30  25
  1.7105916E-01 1.2970780E-01 8.8007443E-02 4.6078507E-02 4.0338510E-03 Z 30  26
 -3.8021129E-02-7.9988249E-02-1.2177632E-01-1.6330090E-01-2.0448402E-01 Z 30  27
 -2.4525386E-01-2.8554463E-01-3.2529619E-01-3.6445373E-01-4.0296769E-01 Z 30  28
 -4.4079334E-01-4.7789052E-01-5.1422352E-01-5.4976064E-01-5.8447427E-01 Z 30  29
 -6.1834013E-01-6.5133774E-01-6.8344951E-01-7.1466100E-01-7.4496067E-01 Z 30  30
 -7.7433956E-01-8.0279100E-01-8.3031082E-01-8.5689694E-01-8.8254929E-01 Z 30  31
 -9.0726936E-01-9.3106067E-01-9.5392817E-01-9.7587794E-01-9.9691790E-01 Z 30  32
 -1.0170567E+00-1.0546722E+00-1.0888152E+00-1.1195897E+00-1.1471096E+00 Z 30  33
 -1.1714975E+00-1.1928816E+00-1.2113940E+00-1.2271694E+00-1.2403440E+00 Z 30  34
 -1.2510542E+00-1.2594349E+00-1.2656198E+00-1.2697395E+00-1.2719220E+00 Z 30  35
 -1.2722915E+00-1.2709688E+00-1.2680701E+00-1.2637074E+00-1.2579876E+00 Z 30  36
 -1.2510139E+00-1.2428844E+00-1.2336925E+00-1.2235273E+00-1.2124734E+00 Z 30  37
 -1.2006103E+00-1.1880140E+00-1.1747556E+00-1.1609024E+00-1.1465181E+00 Z 30  38
 -1.1316618E+00-1.1163896E+00-1.1007540E+00-1.0848039E+00-1.0685853E+00 Z 30  39
 -1.0521410E+00-1.0355108E+00-1.0187320E+00-1.0018390E+00-9.8486435E-01 Z 30  40
 -9.6783757E-01-9.3373591E-01-8.9973092E-01-8.6598939E-01-8.3265197E-01 Z 30  41
 -7.9983640E-01-7.6765370E-01-7.3616958E-01-7.0544755E-01-6.7553782E-01 Z 30  42
 -6.4647859E-01-6.1829793E-01-5.9101474E-01-5.6464070E-01-5.3918058E-01 Z 30  43
 -5.1463354E-01-4.9099416E-01-4.6825290E-01-4.4639692E-01-4.2541066E-01 Z 30  44
 -4.0527606E-01-3.8597354E-01-3.6748171E-01-3.4977823E-01-3.3283997E-01 Z 30  45
 -3.1664315E-01-3.0116346E-01-2.8637668E-01-2.7225828E-01-2.5878406E-01 Z 30  46
 -2.4592982E-01-2.3367183E-01-2.2198667E-01-2.1085133E-01-2.0024340E-01 Z 30  47
 -1.9014099E-01-1.8052272E-01-1.7136796E-01-1.6265650E-01-1.5436901E-01 Z 30  48
 -1.4648661E-01-1.3186513E-01-1.1865462E-01-1.0672768E-01-9.5966876E-02 Z 30  49
 -8.6264119E-02-7.7520341E-02-6.9644824E-02-6.2554814E-02-5.6174815E-02 Z 30  50
 -5.0436165E-02-4.5276474E-02-4.0639114E-02-3.6472768E-02-3.2730963E-02 Z 30  51
 -2.9371630E-02-2.6356248E-02-2.3649709E-02-2.1220447E-02-1.9040119E-02 Z 30  52
 -1.7083272E-02-1.5327052E-02-1.3750939E-02-1.2336506E-02-1.1067208E-02 Z 30  53
 -9.9281911E-03-8.9061148E-03-7.9890043E-03-7.1661053E-03-6.4277663E-03 Z 30  54
 -5.7653184E-03-5.1709800E-03-4.6377666E-03-4.1594086E-03-3.7302747E-03 Z 30  55
 -3.3453128E-03-2.9999863E-03-2.6902251E-03-2.4123746E-03-2.1631548E-03 Z 30  56
 -1.9396220E-03-1.5593664E-03-1.2535198E-03-1.0075517E-03-8.0976216E-04 Z 30  57
 -6.5073307E-04-5.2288297E-04-4.2011036E-04-3.3750533E-04-2.7111729E-04 Z 30  58
 -2.1776804E-04-1.7490106E-04-1.4046006E-04-1.1279155E-04-9.0565816E-05 Z 30  59
 -7.2713818E-05-5.8376139E-05-4.6861947E-05-3.7616013E-05-3.0192097E-05 Z 30  60
 -2.4231631E-05-1.9446506E-05-1.5605248E-05-1.2521909E-05-1.0047121E-05 Z 30  61
 -8.0609152E-06-6.4669421E-06-5.1878255E-06-4.1614353E-06-3.3378842E-06 Z 30  62
 -2.6771211E-06-2.1469900E-06-1.7216782E-06-1.3804643E-06-1.1067157E-06 Z 30  63
 -8.8708020E-07-7.1083952E-07-5.6938865E-07-4.5581746E-07-3.6457530E-07 Z 30  64
 -2.9120025E-07                                                         Z 30  65



 THE FOLLOWING DATA IS THE NORMALIZED RADIAL WAVE FUNCTION FOR ORBITAL 320 , OUT TO MESH POINT 321

 320    321          2       -8.5089129E-01 1.0000000E+01 3.0659885E+02

  0.0000000E+00 1.1002965E-07 8.7400184E-07 2.9288890E-06 6.8935069E-06 Z 30   1
  1.3368898E-05 2.2938711E-05 3.6169578E-05 5.3611464E-05 7.5798045E-05 Z 30   2
  1.0324705E-04 1.3646060E-04 1.7592558E-04 2.2211393E-04 2.7548295E-04 Z 30   3
  3.3647570E-04 4.0552128E-04 4.8303511E-04 5.6941918E-04 6.6506251E-04 Z 30   4
  7.7034126E-04 8.8561908E-04 1.0112474E-03 1.1475658E-03 1.2949019E-03 Z 30   5
  1.4535721E-03 1.6238815E-03 1.8061246E-03 2.0005845E-03 2.2075344E-03 Z 30   6
  2.4272376E-03 2.6599462E-03 2.9059034E-03 3.1653431E-03 3.4384893E-03 Z 30   7
  3.7255564E-03 4.0267515E-03 4.3422710E-03 4.6723043E-03 5.0170310E-03 Z 30   8
  5.3766244E-03 6.1410586E-03 6.9668302E-03 7.8550410E-03 8.8066794E-03 Z 30   9
  9.8226266E-03 1.0903661E-02 1.2050458E-02 1.3263601E-02 1.4543586E-02 Z 30  10
  1.5890820E-02 1.7305631E-02 1.8788267E-02 2.0338899E-02 2.1957638E-02 Z 30  11
  2.3644518E-02 2.5399514E-02 2.7222535E-02 2.9113444E-02 3.1072035E-02 Z 30  12
  3.3098068E-02 3.5191234E-02 3.7351191E-02 3.9577551E-02 4.1869879E-02 Z 30  13
  4.4227712E-02 4.6650533E-02 4.9137805E-02 5.1688954E-02 5.4303370E-02 Z 30  14
  5.6980416E-02 5.9719432E-02 6.2519722E-02 6.5380588E-02 6.8301283E-02 Z 30  15
  7.1281046E-02 7.4319117E-02 7.7414691E-02 8.0566943E-02 8.3775081E-02 Z 30  16
  8.7038241E-02 9.3726188E-02 1.0062385E-01 1.0772406E-01 1.1501956E-01 Z 30  17
  1.2250300E-01 1.3016693E-01 1.3800392E-01 1.4600639E-01 1.5416686E-01 Z 30  18
  1.6247781E-01 1.7093179E-01 1.7952134E-01 1.8823914E-01 1.9707781E-01 Z 30  19
  2.0603016E-01 2.1508904E-01 2.2424741E-01 2.3349833E-01 2.4283500E-01 Z 30  20
  2.5225067E-01 2.6173878E-01 2.7129284E-01 2.8090656E-01 2.9057369E-01 Z 30  21
  3.0028820E-01 3.1004414E-01 3.1983578E-01 3.2965744E-01 3.3950362E-01 Z 30  22
  3.4936890E-01 3.5924807E-01 3.6913610E-01 3.7902799E-01 3.8891903E-01 Z 30  23
  3.9880446E-01 4.0867984E-01 4.1854075E-01 4.2838287E-01 4.3820220E-01 Z 30  24
  4.4799474E-01 4.6748415E-01 4.8682186E-01 5.0598085E-01 5.2493596E-01 Z 30  25
  5.4366386E-01 5.6214327E-01 5.8035451E-01 5.9827989E-01 6.1590296E-01 Z 30  26
  6.3320911E-01 6.5018517E-01 6.6681957E-01 6.8310165E-01 6.9902259E-01 Z 30  27
  7.1457434E-01 7.2975022E-01 7.4454457E-01 7.5895274E-01 7.7297097E-01 Z 30  28
  7.8659642E-01 7.9982716E-01 8.1266195E-01 8.2510018E-01 8.3714223E-01 Z 30  29
  8.4878856E-01 8.6004084E-01 8.7090081E-01 8.8137078E-01 8.9145374E-01 Z 30  30
  9.0115273E-01 9.1047162E-01 9.1941422E-01 9.2798513E-01 9.3618870E-01 Z 30  31
  9.4402993E-01 9.5151418E-01 9.5864642E-01 9.6543235E-01 9.7187787E-01 Z 30  32
  9.7798884E-01 9.8923135E-01 9.9920940E-01 1.0079745E+00 1.0155785E+00 Z 30  33
  1.0220739E+00 1.0275130E+00 1.0319483E+00 1.0354316E+00 1.0380133E+00 Z 30  34
  1.0397434E+00 1.0406706E+00 1.0408419E+00 1.0403029E+00 1.0390977E+00 Z 30  35
  1.0372688E+00 1.0348568E+00 1.0319008E+00 1.0284380E+00 1.0245041E+00 Z 30  36
  1.0201327E+00 1.0153563E+00 1.0102051E+00 1.0047084E+00 9.9889326E-01 Z 30  37
  9.9278575E-01 9.8641020E-01 9.7978985E-01 9.7294605E-01 9.6589941E-01 Z 30  38
  9.5866919E-01 9.5127350E-01 9.4372916E-01 9.3605185E-01 9.2825681E-01 Z 30  39
  9.2035776E-01 9.1236794E-01 9.0429932E-01 8.9616358E-01 8.8797110E-01 Z 30  40
  8.7973207E-01 8.6315048E-01 8.4648579E-01 8.2979572E-01 8.1313050E-01 Z 30  41
  7.9653335E-01 7.8004116E-01 7.6368582E-01 7.4749416E-01 7.3148900E-01 Z 30  42
  7.1568936E-01 7.0011151E-01 6.8476850E-01 6.6967106E-01 6.5482771E-01 Z 30  43
  6.4024544E-01 6.2592912E-01 6.1188257E-01 5.9810817E-01 5.8460730E-01 Z 30  44
  5.7138050E-01 5.5842716E-01 5.4574639E-01 5.3333640E-01 5.2119493E-01 Z 30  45
  5.0931948E-01 4.9770680E-01 4.8635375E-01 4.7525656E-01 4.6441141E-01 Z 30  46
  4.5381433E-01 4.4346112E-01 4.3334746E-01 4.2346904E-01 4.1382131E-01 Z 30  47
  4.0439996E-01 3.9520031E-01 3.8621792E-01 3.7744829E-01 3.6888692E-01 Z 30  48
  3.6052939E-01 3.4440812E-01 3.2904974E-01 3.1442019E-01 3.0048683E-01 Z 30  49
  2.8721794E-01 2.7458310E-01 2.6255319E-01 2.5110015E-01 2.4019739E-01 Z 30  50
  2.2981943E-01 2.1994199E-01 2.1054204E-01 2.0159757E-01 1.9308774E-01 Z 30  51
  1.8499245E-01 1.7728941E-01 1.6995502E-01 1.6296728E-01 1.5630594E-01 Z 30  52
  1.4995223E-01 1.4388873E-01 1.3809933E-01 1.3256906E-01 1.2728395E-01 Z 30  53
  1.2223104E-01 1.1739819E-01 1.1277410E-01 1.0834817E-01 1.0411049E-01 Z 30  54
  1.0005175E-01 9.6163221E-02 9.2436709E-02 8.8864490E-02 8.5439272E-02 Z 30  55
  8.2154259E-02 7.9002939E-02 7.5979225E-02 7.3077358E-02 7.0291869E-02 Z 30  56
  6.7617595E-02 6.2583387E-02 5.7938516E-02 5.3650338E-02 4.9689371E-02 Z 30  57
  4.6028893E-02 4.2644668E-02 3.9514627E-02 3.6618683E-02 3.3938490E-02 Z 30  58
  3.1457279E-02 2.9159691E-02 2.7031662E-02 2.5060274E-02 2.3233665E-02 Z 30  59
  2.1540930E-02 1.9972021E-02 1.8517690E-02 1.7169409E-02 1.5919313E-02 Z 30  60
  1.4760140E-02 1.3685183E-02 1.2688242E-02 1.1763591E-02 1.0905926E-02 Z 30  61
  1.0110342E-02 9.3723005E-03 8.6875968E-03 8.0523333E-03 7.4629048E-03 Z 30  62
  6.9159651E-03 6.4084134E-03 5.9373737E-03 5.5001779E-03 5.0943517E-03 Z 30  63
  4.7175973E-03 4.3677823E-03 4.0429272E-03 3.7411926E-03 3.4608701E-03 Z 30  64
  3.2003711E-03                                                         Z 30  65



 THE FOLLOWING DATA IS THE NORMALIZED RADIAL WAVE FUNCTION FOR ORBITAL 400 , OUT TO MESH POINT 401

 400    401          0       -5.3144288E-01 2.0000000E+00 8.1719027E+00

  0.0000000E+00 5.6976359E-03 1.1152416E-02 1.6370172E-02 2.1356625E-02 Z 30   1
  2.6117396E-02 3.0657994E-02 3.4983829E-02 3.9100192E-02 4.3012295E-02 Z 30   2
  4.6725236E-02 5.0244018E-02 5.3573526E-02 5.6718595E-02 5.9683912E-02 Z 30   3
  6.2474106E-02 6.5093704E-02 6.7547128E-02 6.9838732E-02 7.1972772E-02 Z 30   4
  7.3953435E-02 7.5784788E-02 7.7470839E-02 7.9015523E-02 8.0422662E-02 Z 30   5
  8.1696056E-02 8.2839362E-02 8.3856188E-02 8.4750086E-02 8.5524522E-02 Z 30   6
  8.6182877E-02 8.6728469E-02 8.7164566E-02 8.7494358E-02 8.7720938E-02 Z 30   7
  8.7847374E-02 8.7876663E-02 8.7811723E-02 8.7655418E-02 8.7410554E-02 Z 30   8
  8.7079875E-02 8.6171776E-02 8.4951960E-02 8.3440386E-02 8.1656158E-02 Z 30   9
  7.9617567E-02 7.7342175E-02 7.4846715E-02 7.2147280E-02 6.9259211E-02 Z 30  10
  6.6197209E-02 6.2975325E-02 5.9607007E-02 5.6105088E-02 5.2481852E-02 Z 30  11
  4.8749026E-02 4.4917796E-02 4.0998850E-02 3.7002403E-02 3.2938179E-02 Z 30  12
  2.8815450E-02 2.4643067E-02 2.0429447E-02 1.6182613E-02 1.1910203E-02 Z 30  13
  7.6194741E-03 3.3173338E-03-9.8965946E-04-5.2952766E-03-9.5936079E-03 Z 30  14
 -1.3879048E-02-1.8146288E-02-2.2390302E-02-2.6606329E-02-3.0789880E-02 Z 30  15
 -3.4936707E-02-3.9042808E-02-4.3104418E-02-4.7117978E-02-5.1080160E-02 Z 30  16
 -5.4987837E-02-6.2628113E-02-7.0017561E-02-7.7137738E-02-8.3972774E-02 Z 30  17
 -9.0509117E-02-9.6735463E-02-1.0264245E-01-1.0822254E-01-1.1346991E-01 Z 30  18
 -1.1838026E-01-1.2295067E-01-1.2717953E-01-1.3106641E-01-1.3461187E-01 Z 30  19
 -1.3781752E-01-1.4068578E-01-1.4321990E-01-1.4542377E-01-1.4730200E-01 Z 30  20
 -1.4885972E-01-1.5010259E-01-1.5103664E-01-1.5166835E-01-1.5200461E-01 Z 30  21
 -1.5205251E-01-1.5181942E-01-1.5131295E-01-1.5054083E-01-1.4951102E-01 Z 30  22
 -1.4823155E-01-1.4671054E-01-1.4495620E-01-1.4297676E-01-1.4078043E-01 Z 30  23
 -1.3837552E-01-1.3577023E-01-1.3297276E-01-1.2999125E-01-1.2683378E-01 Z 30  24
 -1.2350839E-01-1.1638537E-01-1.0868439E-01-1.0046582E-01-9.1788046E-02 Z 30  25
 -8.2707323E-02-7.3277541E-02-6.3550286E-02-5.3574681E-02-4.3397378E-02 Z 30  26
 -3.3062596E-02-2.2612061E-02-1.2085085E-02-1.5185764E-03 9.0528969E-03 Z 30  27
  1.9597054E-02 3.0083848E-02 4.0485371E-02 5.0775792E-02 6.0931310E-02 Z 30  28
  7.0930004E-02 8.0751829E-02 9.0378471E-02 9.9793300E-02 1.0898130E-01 Z 30  29
  1.1792893E-01 1.2662414E-01 1.3505620E-01 1.4321566E-01 1.5109433E-01 Z 30  30
  1.5868513E-01 1.6598205E-01 1.7298014E-01 1.7967531E-01 1.8606447E-01 Z 30  31
  1.9214524E-01 1.9791611E-01 2.0337622E-01 2.0852543E-01 2.1336420E-01 Z 30  32
  2.1789354E-01 2.2603077E-01 2.3295531E-01 2.3869197E-01 2.4327098E-01 Z 30  33
  2.4672712E-01 2.4909876E-01 2.5042701E-01 2.5075519E-01 2.5012800E-01 Z 30  34
  2.4859124E-01 2.4619113E-01 2.4297400E-01 2.3898603E-01 2.3427276E-01 Z 30  35
  2.2887912E-01 2.2284906E-01 2.1622539E-01 2.0904966E-01 2.0136221E-01 Z 30  36
  1.9320187E-01 1.8460606E-01 1.7561072E-01 1.6625027E-01 1.5655762E-01 Z 30  37
  1.4656420E-01 1.3629988E-01 1.2579316E-01 1.1507102E-01 1.0415908E-01 Z 30  38
  9.3081601E-02 8.1861511E-02 7.0520453E-02 5.9078861E-02 4.7555968E-02 Z 30  39
  3.5969879E-02 2.4337601E-02 1.2675104E-02 9.9735532E-04-1.0681623E-02 Z 30  40
 -2.2348715E-02-4.5599081E-02-6.8665348E-02-9.1471009E-02-1.1395022E-01 Z 30  41
 -1.3604674E-01-1.5771285E-01-1.7890857E-01-1.9960067E-01-2.1976197E-01 Z 30  42
 -2.3937079E-01-2.5841007E-01-2.7686709E-01-2.9473284E-01-3.1200150E-01 Z 30  43
 -3.2867023E-01-3.4473863E-01-3.6020857E-01-3.7508374E-01-3.8936958E-01 Z 30  44
 -4.0307295E-01-4.1620180E-01-4.2876527E-01-4.4077340E-01-4.5223680E-01 Z 30  45
 -4.6316689E-01-4.7357532E-01-4.8347452E-01-4.9287674E-01-5.0179499E-01 Z 30  46
 -5.1024193E-01-5.1823074E-01-5.2577430E-01-5.3288585E-01-5.3957826E-01 Z 30  47
 -5.4586440E-01-5.5175710E-01-5.5726910E-01-5.6241280E-01-5.6720060E-01 Z 30  48
 -5.7164466E-01-5.7954901E-01-5.8621854E-01-5.9174252E-01-5.9620589E-01 Z 30  49
 -5.9968996E-01-6.0227185E-01-6.0402495E-01-6.0501868E-01-6.0531855E-01 Z 30  50
 -6.0498649E-01-6.0408080E-01-6.0265684E-01-6.0076594E-01-5.9845686E-01 Z 30  51
 -5.9577429E-01-5.9274977E-01-5.8940405E-01-5.8575583E-01-5.8182371E-01 Z 30  52
 -5.7762557E-01-5.7317811E-01-5.6849831E-01-5.6360161E-01-5.5850363E-01 Z 30  53
 -5.5321902E-01-5.4776174E-01-5.4214555E-01-5.3638333E-01-5.3048772E-01 Z 30  54
 -5.2447045E-01-5.1834321E-01-5.1211691E-01-5.0580198E-01-4.9940842E-01 Z 30  55
 -4.9294594E-01-4.8642358E-01-4.7985002E-01-4.7323352E-01-4.6658209E-01 Z 30  56
 -4.5990315E-01-4.4649097E-01-4.3304995E-01-4.1962737E-01-4.0626577E-01 Z 30  57
 -3.9300296E-01-3.7987322E-01-3.6690527E-01-3.5412499E-01-3.4155479E-01 Z 30  58
 -3.2921413E-01-3.1711951E-01-3.0528483E-01-2.9372174E-01-2.8243953E-01 Z 30  59
 -2.7144566E-01-2.6074582E-01-2.5034398E-01-2.4024276E-01-2.3044342E-01 Z 30  60
 -2.2094606E-01-2.1174978E-01-2.0285265E-01-1.9425203E-01-1.8594451E-01 Z 30  61
 -1.7792605E-01-1.7019205E-01-1.6273747E-01-1.5555684E-01-1.4864434E-01 Z 30  62
 -1.4199395E-01-1.3559930E-01-1.2945393E-01-1.2355116E-01-1.1788430E-01 Z 30  63
 -1.1244652E-01-1.0723099E-01-1.0223087E-01-9.7439319E-02-9.2849538E-02 Z 30  64
 -8.8454813E-02-8.0223925E-02-7.2694585E-02-6.5816477E-02-5.9541427E-02 Z 30  65
 -5.3823512E-02-4.8619241E-02-4.3887600E-02-3.9590068E-02-3.5690587E-02 Z 30  66
 -3.2155540E-02-2.8953655E-02-2.6055941E-02-2.3435565E-02-2.1067766E-02 Z 30  67
 -1.8929733E-02-1.7000491E-02-1.5260790E-02-1.3692995E-02-1.2280965E-02 Z 30  68
 -1.1009959E-02-9.8665245E-03-8.8384021E-03-7.9144360E-03-7.0844833E-03 Z 30  69
 -6.3393279E-03-5.6706136E-03-5.0707618E-03-4.5329090E-03-4.0508448E-03 Z 30  70
 -3.6189531E-03-3.2321599E-03-2.8858839E-03-2.5759919E-03-2.2987565E-03 Z 30  71
 -2.0508203E-03-1.8291577E-03-1.6310473E-03-1.4540408E-03-1.2959365E-03 Z 30  72
 -1.1547565E-03-9.1627362E-04-7.2642579E-04-5.7544821E-04-4.5549832E-04 Z 30  73
 -3.6028656E-04-2.8477667E-04-2.2494128E-04-1.7756395E-04-1.4007901E-04 Z 30  74
 -1.1044216E-04-8.7026325E-05-6.8537782E-05-5.3948854E-05-4.2443949E-05 Z 30  75
 -3.3376349E-05-2.6233673E-05-2.0610276E-05-1.6185268E-05-1.2704977E-05 Z 30  76
 -9.9690042E-06-7.8191497E-06-6.1305923E-06-4.8049155E-06-3.7645573E-06 Z 30  77
 -2.9484324E-06-2.3084531E-06-1.8067828E-06-1.4136672E-06-1.1057164E-06 Z 30  78
 -8.6455231E-07-6.7574081E-07-5.2794911E-07-4.1228196E-07-3.2175933E-07 Z 30  79
 -2.5090435E-07-1.9541940E-07-1.5193096E-07-1.1778845E-07-9.0906141E-08 Z 30  80
 -6.9637970E-08                                                         Z 30  81
1


 TOTAL CHARGE DENSITY OUTPUT


  0.0000000E+00 1.1243965E-01 4.3094477E-01 9.2907232E-01 1.5826170E+00 T 30   1
  2.3694582E+00 3.2694113E+00 4.2640924E+00 5.3367891E+00 6.4723411E+00 T 30   2
  7.6570230E+00 8.8784475E+00 1.0125455E+01 1.1388034E+01 1.2657219E+01 T 30   3
  1.3925023E+01 1.5184355E+01 1.6428963E+01 1.7653332E+01 1.8852663E+01 T 30   4
  2.0022808E+01 2.1160183E+01 2.2261763E+01 2.3325020E+01 2.4347853E+01 T 30   5
  2.5328587E+01 2.6265919E+01 2.7158886E+01 2.8006817E+01 2.8809336E+01 T 30   6
  2.9566305E+01 3.0277809E+01 3.0944132E+01 3.1565748E+01 3.2143272E+01 T 30   7
  3.2677460E+01 3.3169197E+01 3.3619484E+01 3.4029388E+01 3.4400070E+01 T 30   8
  3.4732754E+01 3.5289303E+01 3.5709728E+01 3.6005203E+01 3.6187046E+01 T 30   9
  3.6266617E+01 3.6255108E+01 3.6163422E+01 3.6002071E+01 3.5781143E+01 T 30  10
  3.5510178E+01 3.5198185E+01 3.4853569E+01 3.4484135E+01 3.4097115E+01 T 30  11
  3.3699127E+01 3.3296185E+01 3.2893738E+01 3.2496689E+01 3.2109394E+01 T 30  12
  3.1735695E+01 3.1378952E+01 3.1042057E+01 3.0727480E+01 3.0437292E+01 T 30  13
  3.0173170E+01 2.9936453E+01 2.9728165E+01 2.9549011E+01 2.9399452E+01 T 30  14
  2.9279676E+01 2.9189920E+01 2.9129694E+01 2.9098595E+01 2.9096048E+01 T 30  15
  2.9121361E+01 2.9173691E+01 2.9252096E+01 2.9355547E+01 2.9482925E+01 T 30  16
  2.9633055E+01 2.9996588E+01 3.0435865E+01 3.0940218E+01 3.1498865E+01 T 30  17
  3.2101139E+01 3.2736668E+01 3.3395485E+01 3.4068153E+01 3.4745846E+01 T 30  18
  3.5420399E+01 3.6084297E+01 3.6730801E+01 3.7353836E+01 3.7948048E+01 T 30  19
  3.8508793E+01 3.9032055E+01 3.9514500E+01 3.9953369E+01 4.0346508E+01 T 30  20
  4.0692280E+01 4.0989513E+01 4.1237564E+01 4.1436142E+01 4.1585361E+01 T 30  21
  4.1685699E+01 4.1737892E+01 4.1743004E+01 4.1702290E+01 4.1617237E+01 T 30  22
  4.1489517E+01 4.1320950E+01 4.1113453E+01 4.0869087E+01 4.0589966E+01 T 30  23
  4.0278255E+01 3.9936214E+01 3.9566059E+01 3.9170048E+01 3.8750458E+01 T 30  24
  3.8309498E+01 3.7372269E+01 3.6375507E+01 3.5335495E+01 3.4267498E+01 T 30  25
  3.3185589E+01 3.2102577E+01 3.1029972E+01 2.9977966E+01 2.8955433E+01 T 30  26
  2.7970011E+01 2.7028440E+01 2.6135609E+01 2.5295692E+01 2.4511866E+01 T 30  27
  2.3786373E+01 2.3120649E+01 2.2515369E+01 2.1970533E+01 2.1485558E+01 T 30  28
  2.1059347E+01 2.0690464E+01 2.0376886E+01 2.0116390E+01 1.9906494E+01 T 30  29
  1.9744518E+01 1.9627621E+01 1.9552868E+01 1.9517233E+01 1.9517666E+01 T 30  30
  1.9551109E+01 1.9614525E+01 1.9704912E+01 1.9819347E+01 1.9954975E+01 T 30  31
  2.0109039E+01 2.0278893E+01 2.0461990E+01 2.0655914E+01 2.0858383E+01 T 30  32
  2.1067238E+01 2.1496122E+01 2.1927948E+01 2.2350197E+01 2.2752348E+01 T 30  33
  2.3125788E+01 2.3463654E+01 2.3760670E+01 2.4012999E+01 2.4218054E+01 T 30  34
  2.4374359E+01 2.4481392E+01 2.4539410E+01 2.4549347E+01 2.4512688E+01 T 30  35
  2.4431343E+01 2.4307571E+01 2.4143877E+01 2.3942947E+01 2.3707571E+01 T 30  36
  2.3440603E+01 2.3144930E+01 2.2823376E+01 2.2478741E+01 2.2113728E+01 T 30  37
  2.1730946E+01 2.1332886E+01 2.0921909E+01 2.0500244E+01 2.0069988E+01 T 30  38
  1.9633089E+01 1.9191362E+01 1.8746475E+01 1.8299965E+01 1.7853237E+01 T 30  39
  1.7407570E+01 1.6964123E+01 1.6523930E+01 1.6087925E+01 1.5656939E+01 T 30  40
  1.5231702E+01 1.4400948E+01 1.3599822E+01 1.2831314E+01 1.2097439E+01 T 30  41
  1.1399399E+01 1.0737911E+01 1.0112743E+01 9.5234375E+00 8.9691906E+00 T 30  42
  8.4489403E+00 7.9614372E+00 7.5052853E+00 7.0790052E+00 6.6810598E+00 T 30  43
  6.3098955E+00 5.9639587E+00 5.6417203E+00 5.3416867E+00 5.0624146E+00 T 30  44
  4.8025179E+00 4.5606694E+00 4.3356113E+00 4.1261516E+00 3.9311657E+00 T 30  45
  3.7496016E+00 3.5804665E+00 3.4228392E+00 3.2758555E+00 3.1387146E+00 T 30  46
  3.0106707E+00 2.8910325E+00 2.7791593E+00 2.6744587E+00 2.5763822E+00 T 30  47
  2.4844248E+00 2.3981187E+00 2.3170338E+00 2.2407737E+00 2.1689730E+00 T 30  48
  2.1012959E+00 1.9770989E+00 1.8659946E+00 1.7661319E+00 1.6759486E+00 T 30  49
  1.5941248E+00 1.5195452E+00 1.4512682E+00 1.3884965E+00 1.3305559E+00 T 30  50
  1.2768743E+00 1.2269661E+00 1.1804196E+00 1.1368818E+00 1.0960528E+00 T 30  51
  1.0576719E+00 1.0214791E+00 9.8722047E-01 9.5467615E-01 9.2365950E-01 T 30  52
  8.9401096E-01 8.6559254E-01 8.3828849E-01 8.1199747E-01 7.8663421E-01 T 30  53
  7.6212484E-01 7.3840541E-01 7.1542209E-01 6.9312745E-01 6.7148137E-01 T 30  54
  6.5044844E-01 6.2999874E-01 6.1010605E-01 5.9074724E-01 5.7190210E-01 T 30  55
  5.5355358E-01 5.3568584E-01 5.1828498E-01 5.0133872E-01 4.8483586E-01 T 30  56
  4.6876624E-01 4.3789005E-01 4.0864283E-01 3.8096404E-01 3.5479808E-01 T 30  57
  3.3009180E-01 3.0679467E-01 2.8485408E-01 2.6421899E-01 2.4483801E-01 T 30  58
  2.2665977E-01 2.0963262E-01 1.9370489E-01 1.7882515E-01 1.6494225E-01 T 30  59
  1.5200564E-01 1.3996559E-01 1.2877329E-01 1.1838107E-01 1.0874259E-01 T 30  60
  9.9812940E-02 9.1548778E-02 8.3908312E-02 7.6851517E-02 7.0340119E-02 T 30  61
  6.4337544E-02 5.8809068E-02 5.3721715E-02 4.9044263E-02 4.4747230E-02 T 30  62
  4.0802870E-02 3.7185017E-02 3.3869162E-02 3.0832298E-02 2.8052941E-02 T 30  63
  2.5510997E-02 2.3187747E-02 2.1065755E-02 1.9128807E-02 1.7361850E-02 T 30  64
  1.5750932E-02 1.2871756E-02 1.0569005E-02 8.6636171E-03 7.0903632E-03 T 30  65
  5.7939407E-03 4.7276611E-03 3.8522428E-03 3.1347470E-03 2.5476359E-03 T 30  66
  2.0679575E-03 1.6766282E-03 1.3578242E-03 1.0984514E-03 8.8770158E-04 T 30  67
  7.1666960E-04 5.7803339E-04 4.6578347E-04 3.7499619E-04 3.0164421E-04 T 30  68
  2.4243837E-04 1.9469661E-04 1.5623470E-04 1.2527659E-04 1.0037981E-04 T 30  69
  8.0374157E-05 6.4311716E-05 5.1425250E-05 4.1094529E-05 3.2818687E-05 T 30  70
  2.6193642E-05 2.0893714E-05 1.6656651E-05 1.3271469E-05 1.0568563E-05 T 30  71
  8.4117273E-06 6.6916359E-06 5.3206309E-06 4.2284692E-06 3.3589029E-06 T 30  72
  2.6669252E-06 1.6791147E-06 1.0553888E-06 6.6228131E-07 4.1495744E-07 T 30  73
  2.5961282E-07 1.6219551E-07 1.0119716E-07 6.3057918E-08 3.9244256E-08 T 30  74
  2.4394941E-08 1.5147162E-08 9.3948547E-09 5.8209575E-09 3.6029777E-09 T 30  75
  2.2279614E-09 1.3764111E-09 8.4956697E-10 5.2392579E-10 3.2283287E-10 T 30  76
  1.9876209E-10 1.2227820E-10 7.5168323E-11 4.6174425E-11 2.8343782E-11 T 30  77
  1.7386507E-11 1.0657911E-11 6.5289284E-12 3.9969096E-12 2.4452174E-12 T 30  78
  1.4949014E-12 9.1325125E-13 5.5746054E-13 3.3995284E-13 2.0705814E-13 T 30  79
  1.2590599E-13 7.6377489E-14 4.6166033E-14 2.7748239E-14 1.6527852E-14 T 30  80
  9.6988940E-15 0.0000000E+00 0.0000000E+00 0.0000000E+00 0.0000000E+00 T 30  81
  0.0000000E+00 0.0000000E+00 0.0000000E+00 0.0000000E+00 0.0000000E+00 T 30  82
  0.0000000E+00 0.0000000E+00 0.0000000E+00 0.0000000E+00 0.0000000E+00 T 30  83
  0.0000000E+00 0.0000000E+00 0.0000000E+00 0.0000000E+00 0.0000000E+00 T 30  84
  0.0000000E+00 0.0000000E+00 0.0000000E+00 0.0000000E+00 0.0000000E+00 T 30  85
  0.0000000E+00 0.0000000E+00 0.0000000E+00 0.0000000E+00 0.0000000E+00 T 30  86
  0.0000000E+00 0.0000000E+00 0.0000000E+00 0.0000000E+00 0.0000000E+00 T 30  87
  0.0000000E+00 0.0000000E+00 0.0000000E+00 0.0000000E+00 0.0000000E+00 T 30  88
  0.0000000E+00                                                         T 30  89
1


 CORE CHARGE DENSITY OUTPUT


  0.0000000E+00 1.1237472E-01 4.3069601E-01 9.2853636E-01 1.5817049E+00 C 30   1
  2.3680940E+00 3.2675314E+00 4.2616448E+00 5.3337317E+00 6.4686408E+00 C 30   2
  7.6526566E+00 8.8733988E+00 1.0119715E+01 1.1381599E+01 1.2650094E+01 C 30   3
  1.3917216E+01 1.5175879E+01 1.6419836E+01 1.7643574E+01 1.8842299E+01 C 30   4
  2.0011864E+01 2.1148689E+01 2.2249748E+01 2.3312519E+01 2.4334900E+01 C 30   5
  2.5315216E+01 2.6252167E+01 2.7144789E+01 2.7992413E+01 2.8794659E+01 C 30   6
  2.9551392E+01 3.0262695E+01 3.0928852E+01 3.1550337E+01 3.2127766E+01 C 30   7
  3.2661888E+01 3.3153591E+01 3.3603874E+01 3.4013802E+01 3.4384537E+01 C 30   8
  3.4717300E+01 3.5274075E+01 3.5694809E+01 3.5990662E+01 3.6172935E+01 C 30   9
  3.6252975E+01 3.6241955E+01 3.6150764E+01 3.5989902E+01 3.5769436E+01 C 30  10
  3.5498890E+01 3.5187260E+01 3.4842934E+01 3.4473701E+01 3.4086784E+01 C 30  11
  3.3688782E+01 3.3285698E+01 3.2882965E+01 3.2485474E+01 3.2097569E+01 C 30  12
  3.1723080E+01 3.1365353E+01 3.1027271E+01 3.0711292E+01 3.0419477E+01 C 30  13
  3.0153494E+01 2.9914669E+01 2.9704018E+01 2.9522238E+01 2.9369780E+01 C 30  14
  2.9246824E+01 2.9153597E+01 2.9089603E+01 2.9054432E+01 2.9047503E+01 C 30  15
  2.9068110E+01 2.9115408E+01 2.9188450E+01 2.9286196E+01 2.9407524E+01 C 30  16
  2.9551250E+01 2.9900898E+01 3.0324808E+01 3.0812273E+01 3.1352467E+01 C 30  17
  3.1934685E+01 3.2548519E+01 3.3183964E+01 3.3831551E+01 3.4482422E+01 C 30  18
  3.5128380E+01 3.5761887E+01 3.6376171E+01 3.6965141E+01 3.7523411E+01 C 30  19
  3.8046322E+01 3.8529839E+01 3.8970608E+01 3.9365860E+01 3.9713425E+01 C 30  20
  4.0011658E+01 4.0259380E+01 4.0455940E+01 4.0601051E+01 4.0694820E+01 C 30  21
  4.0737728E+01 4.0730522E+01 4.0674263E+01 4.0570225E+01 4.0419903E+01 C 30  22
  4.0224987E+01 3.9987309E+01 3.9708813E+01 3.9391579E+01 3.9037746E+01 C 30  23
  3.8649509E+01 3.8229156E+01 3.7778931E+01 3.7301132E+01 3.6798073E+01 C 30  24
  3.6271996E+01 3.5159763E+01 3.3981926E+01 3.2755142E+01 3.1495070E+01 C 30  25
  3.0216204E+01 2.8931787E+01 2.7653782E+01 2.6392838E+01 2.5158302E+01 C 30  26
  2.3958286E+01 2.2800011E+01 2.1688833E+01 2.0629410E+01 1.9625376E+01 C 30  27
  1.8679440E+01 1.7793486E+01 1.6968624E+01 1.6205284E+01 1.5503291E+01 C 30  28
  1.4861945E+01 1.4280188E+01 1.3756355E+01 1.3288568E+01 1.2874670E+01 C 30  29
  1.2512283E+01 1.2198852E+01 1.1931705E+01 1.1708067E+01 1.1525110E+01 C 30  30
  1.1379985E+01 1.1269837E+01 1.1191843E+01 1.1143218E+01 1.1121243E+01 C 30  31
  1.1123276E+01 1.1146759E+01 1.1189237E+01 1.1248352E+01 1.1321869E+01 C 30  32
  1.1407660E+01 1.1608156E+01 1.1835217E+01 1.2076122E+01 1.2319989E+01 C 30  33
  1.2557690E+01 1.2781722E+01 1.2986068E+01 1.3166056E+01 1.3318209E+01 C 30  34
  1.3440102E+01 1.3530218E+01 1.3587818E+01 1.3612817E+01 1.3605680E+01 C 30  35
  1.3567307E+01 1.3498962E+01 1.3402178E+01 1.3278696E+01 1.3130391E+01 C 30  36
  1.2959244E+01 1.2767286E+01 1.2556552E+01 1.2329073E+01 1.2086830E+01 C 30  37
  1.1831749E+01 1.1565681E+01 1.1290380E+01 1.1007523E+01 1.0718675E+01 C 30  38
  1.0425295E+01 1.0128746E+01 9.8302822E+00 9.5310526E+00 9.2321072E+00 C 30  39
  8.9343987E+00 8.6387854E+00 8.3460350E+00 8.0568323E+00 7.7717834E+00 C 30  40
  7.4914174E+00 6.9465013E+00 6.4250102E+00 5.9289699E+00 5.4596577E+00 C 30  41
  5.0177279E+00 4.6035223E+00 4.2165675E+00 3.8562813E+00 3.5218382E+00 C 30  42
  3.2122309E+00 2.9263244E+00 2.6628954E+00 2.4206769E+00 2.1983764E+00 C 30  43
  1.9947053E+00 1.8083967E+00 1.6382170E+00 1.4829770E+00 1.3415403E+00 C 30  44
  1.2128255E+00 1.0958124E+00 9.8954070E-01 8.9311182E-01 8.0568826E-01 C 30  45
  7.2649127E-01 6.5479881E-01 5.8994424E-01 5.3131264E-01 4.7833854E-01 C 30  46
  4.3050250E-01 3.8732868E-01 3.4838176E-01 3.1326371E-01 2.8161192E-01 C 30  47
  2.5309566E-01 2.2741394E-01 2.0429333E-01 1.8348518E-01 1.6476433E-01 C 30  48
  1.4792621E-01 1.1917533E-01 9.5952913E-02 7.7212870E-02 6.2102363E-02 C 30  49
  4.9927220E-02 4.0123615E-02 3.2234184E-02 2.5888529E-02 2.0786956E-02 C 30  50
  1.6687306E-02 1.3394069E-02 1.0749540E-02 8.6265989E-03 6.9228564E-03 C 30  51
  5.5558709E-03 4.4591529E-03 3.5791919E-03 2.8730794E-03 2.3064190E-03 C 30  52
  1.8516318E-03 1.4866020E-03 1.1935942E-03 9.5838174E-04 7.6955289E-04 C 30  53
  6.1795214E-04 4.9623329E-04 3.9850167E-04 3.2002642E-04 2.5701107E-04 C 30  54
  2.0640796E-04 1.6577092E-04 1.3313621E-04 1.0692741E-04 8.5878681E-05 C 30  55
  6.8973772E-05 5.5396667E-05 4.4492157E-05 3.5734040E-05 2.8699771E-05 C 30  56
  2.3050015E-05 1.4868494E-05 9.5906362E-06 6.1859673E-06 3.9897236E-06 C 30  57
  2.5730565E-06 1.6592951E-06 1.0699480E-06 6.8986481E-07 4.4475954E-07 C 30  58
  2.8671130E-07 1.8480810E-07 1.1911110E-07 7.6760529E-08 4.9462589E-08 C 30  59
  3.1869000E-08 2.0531100E-08 1.3225367E-08 8.5183434E-09 5.4859761E-09 C 30  60
  3.5326797E-09 2.2746061E-09 1.4644000E-09 9.4268138E-10 6.0676680E-10 C 30  61
  3.9050832E-10 2.5129859E-10 1.6169632E-10 1.0403012E-10 6.6921302E-11 C 30  62
  4.3043916E-11 2.7681796E-11 1.7799210E-11 1.1442298E-11 7.3536767E-12 C 30  63
  4.7242262E-12 3.0333550E-12 1.9461457E-12 1.2471522E-12 7.9779949E-13 C 30  64
  5.0896288E-13 0.0000000E+00 0.0000000E+00 0.0000000E+00 0.0000000E+00 C 30  65
  0.0000000E+00 0.0000000E+00 0.0000000E+00 0.0000000E+00 0.0000000E+00 C 30  66
  0.0000000E+00 0.0000000E+00 0.0000000E+00 0.0000000E+00 0.0000000E+00 C 30  67
  0.0000000E+00 0.0000000E+00 0.0000000E+00 0.0000000E+00 0.0000000E+00 C 30  68
  0.0000000E+00 0.0000000E+00 0.0000000E+00 0.0000000E+00 0.0000000E+00 C 30  69
  0.0000000E+00 0.0000000E+00 0.0000000E+00 0.0000000E+00 0.0000000E+00 C 30  70
  0.0000000E+00 0.0000000E+00 0.0000000E+00 0.0000000E+00 0.0000000E+00 C 30  71
  0.0000000E+00 0.0000000E+00 0.0000000E+00 0.0000000E+00 0.0000000E+00 C 30  72
  0.0000000E+00 0.0000000E+00 0.0000000E+00 0.0000000E+00 0.0000000E+00 C 30  73
  0.0000000E+00 0.0000000E+00 0.0000000E+00 0.0000000E+00 0.0000000E+00 C 30  74
  0.0000000E+00 0.0000000E+00 0.0000000E+00 0.0000000E+00 0.0000000E+00 C 30  75
  0.0000000E+00 0.0000000E+00 0.0000000E+00 0.0000000E+00 0.0000000E+00 C 30  76
  0.0000000E+00 0.0000000E+00 0.0000000E+00 0.0000000E+00 0.0000000E+00 C 30  77
  0.0000000E+00 0.0000000E+00 0.0000000E+00 0.0000000E+00 0.0000000E+00 C 30  78
  0.0000000E+00 0.0000000E+00 0.0000000E+00 0.0000000E+00 0.0000000E+00 C 30  79
  0.0000000E+00 0.0000000E+00 0.0000000E+00 0.0000000E+00 0.0000000E+00 C 30  80
  0.0000000E+00 0.0000000E+00 0.0000000E+00 0.0000000E+00 0.0000000E+00 C 30  81
  0.0000000E+00 0.0000000E+00 0.0000000E+00 0.0000000E+00 0.0000000E+00 C 30  82
  0.0000000E+00 0.0000000E+00 0.0000000E+00 0.0000000E+00 0.0000000E+00 C 30  83
  0.0000000E+00 0.0000000E+00 0.0000000E+00 0.0000000E+00 0.0000000E+00 C 30  84
  0.0000000E+00 0.0000000E+00 0.0000000E+00 0.0000000E+00 0.0000000E+00 C 30  85
  0.0000000E+00 0.0000000E+00 0.0000000E+00 0.0000000E+00 0.0000000E+00 C 30  86
  0.0000000E+00 0.0000000E+00 0.0000000E+00 0.0000000E+00 0.0000000E+00 C 30  87
  0.0000000E+00 0.0000000E+00 0.0000000E+00 0.0000000E+00 0.0000000E+00 C 30  88
  0.0000000E+00                                                         C 30  89
