 HERMAN-S MODIFIED POTENTIAL RV(R) ON 441 pt GRID, IN HARTREE AUs, IDEALLY = -Z U
 441 GRID STARTS WITH dx=0.0025 AND DOUBLES AFTER EVERY 40 POINTS.
ZINC                                                                    
  30.0000
   7
-3.0000000E+01-2.9918064E+01-2.9835667E+01-2.9752888E+01-2.9669813E+01
-2.9586510E+01-2.9503050E+01-2.9419487E+01-2.9335888E+01-2.9252296E+01
-2.9168762E+01-2.9085329E+01-2.9002037E+01-2.8918919E+01-2.8836014E+01
-2.8753344E+01-2.8670940E+01-2.8588825E+01-2.8507023E+01-2.8425549E+01
-2.8344423E+01-2.8263657E+01-2.8183266E+01-2.8103262E+01-2.8023655E+01
-2.7944450E+01-2.7865660E+01-2.7787281E+01-2.7709332E+01-2.7631802E+01
-2.7554707E+01-2.7478035E+01-2.7401798E+01-2.7325989E+01-2.7250616E+01
-2.7175667E+01-2.7101151E+01-2.7027058E+01-2.6953392E+01-2.6880146E+01
-2.6807320E+01-2.6662903E+01-2.6520123E+01-2.6378935E+01-2.6239313E+01
-2.6101219E+01-2.5964619E+01-2.5829475E+01-2.5695755E+01-2.5563421E+01
-2.5432444E+01-2.5302794E+01-2.5174435E+01-2.5047346E+01-2.4921497E+01
-2.4796865E+01-2.4673428E+01-2.4551159E+01-2.4430046E+01-2.4310066E+01
-2.4191206E+01-2.4073442E+01-2.3956768E+01-2.3841166E+01-2.3726620E+01
-2.3613117E+01-2.3500648E+01-2.3389194E+01-2.3278749E+01-2.3169296E+01
-2.3060822E+01-2.2953310E+01-2.2846756E+01-2.2741138E+01-2.2636448E+01
-2.2532661E+01-2.2429775E+01-2.2327765E+01-2.2226625E+01-2.2126333E+01
-2.2026878E+01-2.1830420E+01-2.1637127E+01-2.1446890E+01-2.1259594E+01
-2.1075148E+01-2.0893442E+01-2.0714399E+01-2.0537931E+01-2.0363970E+01
-2.0192436E+01-2.0023279E+01-1.9856432E+01-1.9691856E+01-1.9529488E+01
-1.9369297E+01-1.9211227E+01-1.9055256E+01-1.8901327E+01-1.8749420E+01
-1.8599491E+01-1.8451511E+01-1.8305443E+01-1.8161261E+01-1.8018927E+01
-1.7878418E+01-1.7739677E+01-1.7602703E+01-1.7467430E+01-1.7333847E+01
-1.7201912E+01-1.7071617E+01-1.6942905E+01-1.6815769E+01-1.6690180E+01
-1.6566095E+01-1.6443434E+01-1.6322205E+01-1.6202415E+01-1.6083931E+01
-1.5966820E+01-1.5736521E+01-1.5511250E+01-1.5290758E+01-1.5074900E+01
-1.4863430E+01-1.4656279E+01-1.4453154E+01-1.4253969E+01-1.4058558E+01
-1.3866736E+01-1.3678402E+01-1.3493515E+01-1.3311910E+01-1.3133530E+01
-1.2958397E+01-1.2786288E+01-1.2617184E+01-1.2451016E+01-1.2287731E+01
-1.2127195E+01-1.1969441E+01-1.1814385E+01-1.1661943E+01-1.1512074E+01
-1.1364765E+01-1.1219846E+01-1.1077324E+01-1.0937050E+01-1.0799021E+01
-1.0663099E+01-1.0529335E+01-1.0397592E+01-1.0267902E+01-1.0140198E+01
-1.0014351E+01-9.8903732E+00-9.7681522E+00-9.6476793E+00-9.5289154E+00
-9.4118156E+00-9.1824665E+00-8.9594574E+00-8.7425127E+00-8.5313950E+00
-8.3260756E+00-8.1263523E+00-7.9321260E+00-7.7432351E+00-7.5596085E+00
-7.3811255E+00-7.2077289E+00-7.0392280E+00-6.8756342E+00-6.7167988E+00
-6.5626335E+00-6.4130058E+00-6.2678657E+00-6.1270728E+00-5.9905648E+00
-5.8581591E+00-5.7298021E+00-5.6053438E+00-5.4847355E+00-5.3677664E+00
-5.2544670E+00-5.1446209E+00-5.0381956E+00-4.9350052E+00-4.8350334E+00
-4.7380848E+00-4.6441479E+00-4.5530343E+00-4.4647393E+00-4.3790827E+00
-4.2960501E+00-4.2154694E+00-4.1373425E+00-4.0614934E+00-3.9879336E+00
-3.9164822E+00-3.7798150E+00-3.6509037E+00-3.5291996E+00-3.4141936E+00
-3.3054237E+00-3.2024567E+00-3.1048815E+00-3.0123329E+00-2.9244661E+00
-2.8409736E+00-2.7615619E+00-2.6859627E+00-2.6139364E+00-2.5452454E+00
-2.4797013E+00-2.4170928E+00-2.3572655E+00-2.3000212E+00-2.2452502E+00
-2.1927738E+00-2.1424956E+00-2.0942717E+00-2.0480051E+00-2.0035720E+00
-1.9608910E+00-1.9198548E+00-1.8804106E+00-1.8424327E+00-1.8058883E+00
-1.7706721E+00-1.7367479E+00-1.7040334E+00-1.6724708E+00-1.6420202E+00
-1.6126091E+00-1.5841961E+00-1.5567492E+00-1.5301991E+00-1.5045182E+00
-1.4796748E+00-1.4323113E+00-1.3878322E+00-1.3459969E+00-1.3065951E+00
-1.2693968E+00-1.2342565E+00-1.2010077E+00-1.1695065E+00-1.1396086E+00
-1.1112249E+00-1.0842221E+00-1.0585457E+00-1.0340663E+00-1.0107490E+00
-1.0000000E+00-1.0000000E+00-1.0000000E+00-1.0000000E+00-1.0000000E+00
-1.0000000E+00-1.0000000E+00-1.0000000E+00-1.0000000E+00-1.0000000E+00
-1.0000000E+00-1.0000000E+00-1.0000000E+00-1.0000000E+00-1.0000000E+00
-1.0000000E+00-1.0000000E+00-1.0000000E+00-1.0000000E+00-1.0000000E+00
-1.0000000E+00-1.0000000E+00-1.0000000E+00-1.0000000E+00-1.0000000E+00
-1.0000000E+00-1.0000000E+00-1.0000000E+00-1.0000000E+00-1.0000000E+00
-1.0000000E+00-1.0000000E+00-1.0000000E+00-1.0000000E+00-1.0000000E+00
-1.0000000E+00-1.0000000E+00-1.0000000E+00-1.0000000E+00-1.0000000E+00
-1.0000000E+00-1.0000000E+00-1.0000000E+00-1.0000000E+00-1.0000000E+00
-1.0000000E+00-1.0000000E+00-1.0000000E+00-1.0000000E+00-1.0000000E+00
-1.0000000E+00-1.0000000E+00-1.0000000E+00-1.0000000E+00-1.0000000E+00
-1.0000000E+00-1.0000000E+00-1.0000000E+00-1.0000000E+00-1.0000000E+00
-1.0000000E+00-1.0000000E+00-1.0000000E+00-1.0000000E+00-1.0000000E+00
-1.0000000E+00-1.0000000E+00-1.0000000E+00-1.0000000E+00-1.0000000E+00
-1.0000000E+00-1.0000000E+00-1.0000000E+00-1.0000000E+00-1.0000000E+00
-1.0000000E+00-1.0000000E+00-1.0000000E+00-1.0000000E+00-1.0000000E+00
-1.0000000E+00-1.0000000E+00-1.0000000E+00-1.0000000E+00-1.0000000E+00
-1.0000000E+00-1.0000000E+00-1.0000000E+00-1.0000000E+00-1.0000000E+00
-1.0000000E+00-1.0000000E+00-1.0000000E+00-1.0000000E+00-1.0000000E+00
-1.0000000E+00-1.0000000E+00-1.0000000E+00-1.0000000E+00-1.0000000E+00
-1.0000000E+00-1.0000000E+00-1.0000000E+00-1.0000000E+00-1.0000000E+00
-1.0000000E+00-1.0000000E+00-1.0000000E+00-1.0000000E+00-1.0000000E+00
-1.0000000E+00-1.0000000E+00-1.0000000E+00-1.0000000E+00-1.0000000E+00
-1.0000000E+00-1.0000000E+00-1.0000000E+00-1.0000000E+00-1.0000000E+00
-1.0000000E+00-1.0000000E+00-1.0000000E+00-1.0000000E+00-1.0000000E+00
-1.0000000E+00-1.0000000E+00-1.0000000E+00-1.0000000E+00-1.0000000E+00
-1.0000000E+00-1.0000000E+00-1.0000000E+00-1.0000000E+00-1.0000000E+00
-1.0000000E+00-1.0000000E+00-1.0000000E+00-1.0000000E+00-1.0000000E+00
-1.0000000E+00-1.0000000E+00-1.0000000E+00-1.0000000E+00-1.0000000E+00
-1.0000000E+00-1.0000000E+00-1.0000000E+00-1.0000000E+00-1.0000000E+00
-1.0000000E+00-1.0000000E+00-1.0000000E+00-1.0000000E+00-1.0000000E+00
-1.0000000E+00-1.0000000E+00-1.0000000E+00-1.0000000E+00-1.0000000E+00
-1.0000000E+00-1.0000000E+00-1.0000000E+00-1.0000000E+00-1.0000000E+00
-1.0000000E+00-1.0000000E+00-1.0000000E+00-1.0000000E+00-1.0000000E+00
-1.0000000E+00-1.0000000E+00-1.0000000E+00-1.0000000E+00-1.0000000E+00
-1.0000000E+00-1.0000000E+00-1.0000000E+00-1.0000000E+00-1.0000000E+00
-1.0000000E+00-1.0000000E+00-1.0000000E+00-1.0000000E+00-1.0000000E+00
-1.0000000E+00
