# l1,m1  l2,m2  lp,mp    gaunt
   0  0   0  0   0  0   2.820947917738782E-01
   1 -1   0  0   1  1  -2.820947917738782E-01
   1  0   0  0   1  0   2.820947917738781E-01
   1  1   0  0   1 -1  -2.820947917738782E-01
   2 -2   0  0   2  2   2.820947917738783E-01
   2 -1   0  0   2  1  -2.820947917738783E-01
   2  0   0  0   2  0   2.820947917738782E-01
   2  1   0  0   2 -1  -2.820947917738783E-01
   2  2   0  0   2 -2   2.820947917738783E-01
   3 -3   0  0   3  3  -2.820947917738782E-01
   3 -2   0  0   3  2   2.820947917738780E-01
   3 -1   0  0   3  1  -2.820947917738780E-01
   3  0   0  0   3  0   2.820947917738781E-01
   3  1   0  0   3 -1  -2.820947917738780E-01
   3  2   0  0   3 -2   2.820947917738780E-01
   3  3   0  0   3 -3  -2.820947917738782E-01
   0  0   1 -1   1 -1   2.820947917738782E-01
   1 -1   1 -1   0  0   2.820947917738782E-01
   1 -1   1 -1   2  0  -1.261566261010081E-01
   1  0   1 -1   2 -1   2.185096861184158E-01
   1  1   1 -1   2 -2  -3.090193616185517E-01
   2 -2   1 -1   1  1  -3.090193616185517E-01
   2 -2   1 -1   3  1   8.258889836115871E-02
   2 -1   1 -1   1  0   2.185096861184158E-01
   2 -1   1 -1   3  0  -1.430481681026688E-01
   2  0   1 -1   1 -1  -1.261566261010081E-01
   2  0   1 -1   3 -1   2.023006594034206E-01
   2  1   1 -1   3 -2  -2.611690282654091E-01
   2  2   1 -1   3 -3   3.198654279343846E-01
   3 -3   1 -1   2  2   3.198654279343846E-01
   3 -3   1 -1   4  2  -6.155813030745735E-02
   3 -2   1 -1   2  1  -2.611690282654091E-01
   3 -2   1 -1   4  1   1.066218093114616E-01
   3 -1   1 -1   2  0   2.023006594034206E-01
   3 -1   1 -1   4  0  -1.507860087730269E-01
   3  0   1 -1   2 -1  -1.430481681026688E-01
   3  0   1 -1   4 -1   1.946639002730061E-01
   3  1   1 -1   2 -2   8.258889836115871E-02
   3  1   1 -1   4 -2  -2.384136135044480E-01
   3  2   1 -1   4 -3   2.820947917738781E-01
   3  3   1 -1   4 -4  -3.257350079352798E-01
   0  0   1  0   1  0   2.820947917738781E-01
   1 -1   1  0   2  1  -2.185096861184158E-01
   1  0   1  0   0  0   2.820947917738781E-01
   1  0   1  0   2  0   2.523132522020159E-01
   1  1   1  0   2 -1  -2.185096861184158E-01
   2 -2   1  0   3  2   1.846743909223718E-01
   2 -1   1  0   1  1  -2.185096861184158E-01
   2 -1   1  0   3  1  -2.335966803276074E-01
   2  0   1  0   1  0   2.523132522020159E-01
   2  0   1  0   3  0   2.477666950834761E-01
   2  1   1  0   1 -1  -2.185096861184158E-01
   2  1   1  0   3 -1  -2.335966803276074E-01
   2  2   1  0   3 -2   1.846743909223718E-01
   3 -3   1  0   4  3  -1.628675039676401E-01
   3 -2   1  0   2  2   1.846743909223718E-01
   3 -2   1  0   4  2   2.132436186229233E-01
   3 -1   1  0   2  1  -2.335966803276074E-01
   3 -1   1  0   4  1  -2.384136135044481E-01
   3  0   1  0   2  0   2.477666950834761E-01
   3  0   1  0   4  0   2.462325212298292E-01
   3  1   1  0   2 -1  -2.335966803276074E-01
   3  1   1  0   4 -1  -2.384136135044481E-01
   3  2   1  0   2 -2   1.846743909223718E-01
   3  2   1  0   4 -2   2.132436186229233E-01
   3  3   1  0   4 -3  -1.628675039676401E-01
   0  0   1  1   1  1   2.820947917738782E-01
   1 -1   1  1   2  2  -3.090193616185517E-01
   1  0   1  1   2  1   2.185096861184158E-01
   1  1   1  1   0  0   2.820947917738782E-01
   1  1   1  1   2  0  -1.261566261010081E-01
   2 -2   1  1   3  3   3.198654279343846E-01
   2 -1   1  1   3  2  -2.611690282654091E-01
   2  0   1  1   1  1  -1.261566261010081E-01
   2  0   1  1   3  1   2.023006594034206E-01
   2  1   1  1   1  0   2.185096861184158E-01
   2  1   1  1   3  0  -1.430481681026688E-01
   2  2   1  1   1 -1  -3.090193616185517E-01
   2  2   1  1   3 -1   8.258889836115871E-02
   3 -3   1  1   4  4  -3.257350079352798E-01
   3 -2   1  1   4  3   2.820947917738781E-01
   3 -1   1  1   2  2   8.258889836115871E-02
   3 -1   1  1   4  2  -2.384136135044480E-01
   3  0   1  1   2  1  -1.430481681026688E-01
   3  0   1  1   4  1   1.946639002730061E-01
   3  1   1  1   2  0   2.023006594034206E-01
   3  1   1  1   4  0  -1.507860087730269E-01
   3  2   1  1   2 -1  -2.611690282654091E-01
   3  2   1  1   4 -1   1.066218093114616E-01
   3  3   1  1   2 -2   3.198654279343846E-01
   3  3   1  1   4 -2  -6.155813030745735E-02
   0  0   2 -2   2 -2   2.820947917738783E-01
   1 -1   2 -2   1 -1   3.090193616185517E-01
   1 -1   2 -2   3 -1  -8.258889836115871E-02
   1  0   2 -2   3 -2   1.846743909223718E-01
   1  1   2 -2   3 -3  -3.198654279343846E-01
   2 -2   2 -2   0  0   2.820947917738783E-01
   2 -2   2 -2   2  0  -1.802237515728687E-01
   2 -2   2 -2   4  0   4.029925596769692E-02
   2 -1   2 -2   2 -1   2.207281154418227E-01
   2 -1   2 -2   4 -1  -9.011187578643429E-02
   2  0   2 -2   2 -2  -1.802237515728687E-01
   2  0   2 -2   4 -2   1.560783472274399E-01
   2  1   2 -2   4 -3  -2.384136135044481E-01
   2  2   2 -2   4 -4   3.371677656723679E-01
   3 -3   2 -2   1  1  -3.198654279343846E-01
   3 -3   2 -2   3  1   1.329807601338109E-01
   3 -3   2 -2   5  1  -2.396146972445652E-02
   3 -2   2 -2   1  0   1.846743909223718E-01
   3 -2   2 -2   3  0  -1.880631945159189E-01
   3 -2   2 -2   5  0   5.357947514468778E-02
   3 -1   2 -2   1 -1  -8.258889836115867E-02
   3 -1   2 -2   3 -1   2.060129077457013E-01
   3 -1   2 -2   5 -1  -9.280237319347306E-02
   3  0   2 -2   3 -2  -1.880631945159189E-01
   3  0   2 -2   5 -2   1.417579666102104E-01
   3  1   2 -2   3 -3   1.329807601338109E-01
   3  1   2 -2   5 -3  -2.004760389545921E-01
   3  2   2 -2   5 -4   2.689668305774179E-01
   3  3   2 -2   5 -5  -3.472346851695108E-01
   0  0   2 -1   2 -1   2.820947917738783E-01
   1 -1   2 -1   1  0   2.185096861184158E-01
   1 -1   2 -1   3  0  -1.430481681026688E-01
   1  0   2 -1   1 -1   2.185096861184158E-01
   1  0   2 -1   3 -1   2.335966803276074E-01
   1  1   2 -1   3 -2  -2.611690282654091E-01
   2 -2   2 -1   2  1  -2.207281154418227E-01
   2 -2   2 -1   4  1   9.011187578643429E-02
   2 -1   2 -1   0  0   2.820947917738783E-01
   2 -1   2 -1   2  0   9.011187578643433E-02
   2 -1   2 -1   4  0  -1.611970238707876E-01
   2  0   2 -1   2 -1   9.011187578643433E-02
   2  0   2 -1   4 -1   2.207281154418227E-01
   2  1   2 -1   2 -2  -2.207281154418227E-01
   2  1   2 -1   4 -2  -2.548748737361104E-01
   2  2   2 -1   4 -3   2.384136135044480E-01
   3 -3   2 -1   3  2   2.102610435016798E-01
   3 -3   2 -1   5  2  -6.339608993851516E-02
   3 -2   2 -1   1  1  -2.611690282654091E-01
   3 -2   2 -1   3  1  -1.628675039676400E-01
   3 -2   2 -1   5  1   1.173867486241316E-01
   3 -1   2 -1   1  0   2.335966803276074E-01
   3 -1   2 -1   3  0   5.947080387175904E-02
   3 -1   2 -1   5  0  -1.694331772935933E-01
   3  0   2 -1   1 -1  -1.430481681026688E-01
   3  0   2 -1   3 -1   5.947080387175905E-02
   3  0   2 -1   5 -1   2.143179005787513E-01
   3  1   2 -1   3 -2  -1.628675039676400E-01
   3  1   2 -1   5 -2  -2.455320005465369E-01
   3  2   2 -1   3 -3   2.102610435016798E-01
   3  2   2 -1   5 -3   2.535843597540606E-01
   3  3   2 -1   5 -4  -2.196104975494287E-01
   0  0   2  0   2  0   2.820947917738782E-01
   1 -1   2  0   1  1   1.261566261010081E-01
   1 -1   2  0   3  1  -2.023006594034206E-01
   1  0   2  0   1  0   2.523132522020159E-01
   1  0   2  0   3  0   2.477666950834761E-01
   1  1   2  0   1 -1   1.261566261010081E-01
   1  1   2  0   3 -1  -2.023006594034206E-01
   2 -2   2  0   2  2  -1.802237515728687E-01
   2 -2   2  0   4  2   1.560783472274399E-01
   2 -1   2  0   2  1  -9.011187578643433E-02
   2 -1   2  0   4  1  -2.207281154418227E-01
   2  0   2  0   0  0   2.820947917738782E-01
   2  0   2  0   2  0   1.802237515728687E-01
   2  0   2  0   4  0   2.417955358061815E-01
   2  1   2  0   2 -1  -9.011187578643433E-02
   2  1   2  0   4 -1  -2.207281154418227E-01
   2  2   2  0   2 -2  -1.802237515728687E-01
   2  2   2  0   4 -2   1.560783472274399E-01
   3 -3   2  0   3  3   2.102610435016803E-01
   3 -3   2  0   5  3  -1.267921798770305E-01
   3 -2   2  0   5  2   1.901882698155455E-01
   3 -1   2  0   1  1  -2.023006594034206E-01
   3 -1   2  0   3  1  -1.261566261010080E-01
   3 -1   2  0   5  1  -2.273184612433489E-01
   3  0   2  0   1  0   2.477666950834761E-01
   3  0   2  0   3  0   1.682088348013440E-01
   3  0   2  0   5  0   2.396146972445647E-01
   3  1   2  0   1 -1  -2.023006594034206E-01
   3  1   2  0   3 -1  -1.261566261010080E-01
   3  1   2  0   5 -1  -2.273184612433489E-01
   3  2   2  0   5 -2   1.901882698155455E-01
   3  3   2  0   3 -3   2.102610435016803E-01
   3  3   2  0   5 -3  -1.267921798770305E-01
   0  0   2  1   2  1   2.820947917738783E-01
   1 -1   2  1   3  2  -2.611690282654091E-01
   1  0   2  1   1  1   2.185096861184158E-01
   1  0   2  1   3  1   2.335966803276074E-01
   1  1   2  1   1  0   2.185096861184158E-01
   1  1   2  1   3  0  -1.430481681026688E-01
   2 -2   2  1   4  3   2.384136135044480E-01
   2 -1   2  1   2  2  -2.207281154418227E-01
   2 -1   2  1   4  2  -2.548748737361104E-01
   2  0   2  1   2  1   9.011187578643433E-02
   2  0   2  1   4  1   2.207281154418227E-01
   2  1   2  1   0  0   2.820947917738783E-01
   2  1   2  1   2  0   9.011187578643433E-02
   2  1   2  1   4  0  -1.611970238707876E-01
   2  2   2  1   2 -1  -2.207281154418227E-01
   2  2   2  1   4 -1   9.011187578643429E-02
   3 -3   2  1   5  4  -2.196104975494287E-01
   3 -2   2  1   3  3   2.102610435016798E-01
   3 -2   2  1   5  3   2.535843597540606E-01
   3 -1   2  1   3  2  -1.628675039676400E-01
   3 -1   2  1   5  2  -2.455320005465369E-01
   3  0   2  1   1  1  -1.430481681026688E-01
   3  0   2  1   3  1   5.947080387175905E-02
   3  0   2  1   5  1   2.143179005787513E-01
   3  1   2  1   1  0   2.335966803276074E-01
   3  1   2  1   3  0   5.947080387175904E-02
   3  1   2  1   5  0  -1.694331772935933E-01
   3  2   2  1   1 -1  -2.611690282654091E-01
   3  2   2  1   3 -1  -1.628675039676400E-01
   3  2   2  1   5 -1   1.173867486241316E-01
   3  3   2  1   3 -2   2.102610435016798E-01
   3  3   2  1   5 -2  -6.339608993851516E-02
   0  0   2  2   2  2   2.820947917738783E-01
   1 -1   2  2   3  3  -3.198654279343846E-01
   1  0   2  2   3  2   1.846743909223718E-01
   1  1   2  2   1  1   3.090193616185517E-01
   1  1   2  2   3  1  -8.258889836115871E-02
   2 -2   2  2   4  4   3.371677656723679E-01
   2 -1   2  2   4  3  -2.384136135044481E-01
   2  0   2  2   2  2  -1.802237515728687E-01
   2  0   2  2   4  2   1.560783472274399E-01
   2  1   2  2   2  1   2.207281154418227E-01
   2  1   2  2   4  1  -9.011187578643429E-02
   2  2   2  2   0  0   2.820947917738783E-01
   2  2   2  2   2  0  -1.802237515728687E-01
   2  2   2  2   4  0   4.029925596769692E-02
   3 -3   2  2   5  5  -3.472346851695108E-01
   3 -2   2  2   5  4   2.689668305774179E-01
   3 -1   2  2   3  3   1.329807601338109E-01
   3 -1   2  2   5  3  -2.004760389545921E-01
   3  0   2  2   3  2  -1.880631945159189E-01
   3  0   2  2   5  2   1.417579666102104E-01
   3  1   2  2   1  1  -8.258889836115867E-02
   3  1   2  2   3  1   2.060129077457013E-01
   3  1   2  2   5  1  -9.280237319347306E-02
   3  2   2  2   1  0   1.846743909223718E-01
   3  2   2  2   3  0  -1.880631945159189E-01
   3  2   2  2   5  0   5.357947514468778E-02
   3  3   2  2   1 -1  -3.198654279343846E-01
   3  3   2  2   3 -1   1.329807601338109E-01
   3  3   2  2   5 -1  -2.396146972445652E-02
   0  0   3 -3   3 -3   2.820947917738782E-01
   1 -1   3 -3   2 -2   3.198654279343846E-01
   1 -1   3 -3   4 -2  -6.155813030745735E-02
   1  0   3 -3   4 -3   1.628675039676401E-01
   1  1   3 -3   4 -4  -3.257350079352798E-01
   2 -2   3 -3   1 -1   3.198654279343846E-01
   2 -2   3 -3   3 -1  -1.329807601338109E-01
   2 -2   3 -3   5 -1   2.396146972445652E-02
   2 -1   3 -3   3 -2   2.102610435016798E-01
   2 -1   3 -3   5 -2  -6.339608993851514E-02
   2  0   3 -3   3 -3  -2.102610435016803E-01
   2  0   3 -3   5 -3   1.267921798770305E-01
   2  1   3 -3   5 -4  -2.196104975494287E-01
   2  2   3 -3   5 -5   3.472346851695107E-01
   3 -3   3 -3   0  0   2.820947917738782E-01
   3 -3   3 -3   2  0  -2.102610435016803E-01
   3 -3   3 -3   4  0   7.693494321105777E-02
   3 -3   3 -3   6  0  -1.185439669326416E-02
   3 -2   3 -3   2 -1   2.102610435016798E-01
   3 -2   3 -3   4 -1  -1.404633461902508E-01
   3 -2   3 -3   6 -1   3.136378559308309E-02
   3 -1   3 -3   2 -2  -1.329807601338109E-01
   3 -1   3 -3   4 -2   1.884513542570921E-01
   3 -1   3 -3   6 -2  -6.272757118616612E-02
   3  0   3 -3   4 -3  -2.035507268673358E-01
   3  0   3 -3   6 -3   1.086473403298333E-01
   3  1   3 -3   4 -4   1.661984725325331E-01
   3  1   3 -3   6 -4  -1.717865285808714E-01
   3  2   3 -3   6 -5   2.548005986729749E-01
   3  3   3 -3   6 -6  -3.603424623441053E-01
   0  0   3 -2   3 -2   2.820947917738780E-01
   1 -1   3 -2   2 -1   2.611690282654091E-01
   1 -1   3 -2   4 -1  -1.066218093114616E-01
   1  0   3 -2   2 -2   1.846743909223718E-01
   1  0   3 -2   4 -2   2.132436186229233E-01
   1  1   3 -2   4 -3  -2.820947917738782E-01
   2 -2   3 -2   1  0   1.846743909223718E-01
   2 -2   3 -2   3  0  -1.880631945159189E-01
   2 -2   3 -2   5  0   5.357947514468778E-02
   2 -1   3 -2   1 -1   2.611690282654091E-01
   2 -1   3 -2   3 -1   1.628675039676400E-01
   2 -1   3 -2   5 -1  -1.173867486241316E-01
   2  0   3 -2   5 -2   1.901882698155456E-01
   2  1   3 -2   3 -3  -2.102610435016798E-01
   2  1   3 -2   5 -3  -2.535843597540606E-01
   2  2   3 -2   5 -4   2.689668305774179E-01
   3 -3   3 -2   2  1  -2.102610435016798E-01
   3 -3   3 -2   4  1   1.404633461902508E-01
   3 -3   3 -2   6  1  -3.136378559308309E-02
   3 -2   3 -2   0  0   2.820947917738779E-01
   3 -2   3 -2   4  0  -1.795148674924679E-01
   3 -2   3 -2   6  0   7.112638015958411E-02
   3 -1   3 -2   2 -1   1.628675039676400E-01
   3 -1   3 -2   4 -1   1.450699201459755E-01
   3 -1   3 -2   6 -1  -1.214714192760308E-01
   3  0   3 -2   2 -2  -1.880631945159189E-01
   3  0   3 -2   4 -2  -4.441841017299271E-02
   3  0   3 -2   6 -2   1.774203638123999E-01
   3  1   3 -2   4 -3  -9.595473285556254E-02
   3  1   3 -2   6 -3  -2.304758133153236E-01
   3  2   3 -2   4 -4   2.145613054278703E-01
   3  2   3 -2   6 -4   2.661305457185999E-01
   3  3   3 -2   6 -5  -2.548005986729749E-01
   0  0   3 -1   3 -1   2.820947917738780E-01
   1 -1   3 -1   2  0   2.023006594034206E-01
   1 -1   3 -1   4  0  -1.507860087730269E-01
   1  0   3 -1   2 -1   2.335966803276074E-01
   1  0   3 -1   4 -1   2.384136135044481E-01
   1  1   3 -1   2 -2   8.258889836115871E-02
   1  1   3 -1   4 -2  -2.384136135044480E-01
   2 -2   3 -1   1  1   8.258889836115871E-02
   2 -2   3 -1   3  1  -2.060129077457013E-01
   2 -2   3 -1   5  1   9.280237319347306E-02
   2 -1   3 -1   1  0   2.335966803276074E-01
   2 -1   3 -1   3  0   5.947080387175905E-02
   2 -1   3 -1   5  0  -1.694331772935933E-01
   2  0   3 -1   1 -1   2.023006594034206E-01
   2  0   3 -1   3 -1   1.261566261010080E-01
   2  0   3 -1   5 -1   2.273184612433489E-01
   2  1   3 -1   3 -2  -1.628675039676400E-01
   2  1   3 -1   5 -2  -2.455320005465369E-01
   2  2   3 -1   3 -3  -1.329807601338109E-01
   2  2   3 -1   5 -3   2.004760389545921E-01
   3 -3   3 -1   2  2  -1.329807601338109E-01
   3 -3   3 -1   4  2   1.884513542570921E-01
   3 -3   3 -1   6  2  -6.272757118616613E-02
   3 -2   3 -1   2  1  -1.628675039676400E-01
   3 -2   3 -1   4  1  -1.450699201459755E-01
   3 -2   3 -1   6  1   1.214714192760308E-01
   3 -1   3 -1   0  0   2.820947917738780E-01
   3 -1   3 -1   2  0   1.261566261010080E-01
   3 -1   3 -1   4  0   2.564498107035254E-02
   3 -1   3 -1   6  0  -1.778159503989607E-01
   3  0   3 -1   2 -1   5.947080387175905E-02
   3  0   3 -1   4 -1   9.932258459927988E-02
   3  0   3 -1   6 -1   2.217754547654997E-01
   3  1   3 -1   2 -2  -2.060129077457013E-01
   3  1   3 -1   4 -2  -1.621931014684339E-01
   3  1   3 -1   6 -2  -2.429428385520618E-01
   3  2   3 -1   4 -3   9.595473285556254E-02
   3  2   3 -1   6 -3   2.304758133153236E-01
   3  3   3 -1   4 -4   1.661984725325331E-01
   3  3   3 -1   6 -4  -1.717865285808715E-01
   0  0   3  0   3  0   2.820947917738781E-01
   1 -1   3  0   2  1   1.430481681026688E-01
   1 -1   3  0   4  1  -1.946639002730062E-01
   1  0   3  0   2  0   2.477666950834761E-01
   1  0   3  0   4  0   2.462325212298292E-01
   1  1   3  0   2 -1   1.430481681026688E-01
   1  1   3  0   4 -1  -1.946639002730062E-01
   2 -2   3  0   3  2  -1.880631945159189E-01
   2 -2   3  0   5  2   1.417579666102104E-01
   2 -1   3  0   1  1   1.430481681026688E-01
   2 -1   3  0   3  1  -5.947080387175905E-02
   2 -1   3  0   5  1  -2.143179005787513E-01
   2  0   3  0   1  0   2.477666950834761E-01
   2  0   3  0   3  0   1.682088348013440E-01
   2  0   3  0   5  0   2.396146972445647E-01
   2  1   3  0   1 -1   1.430481681026688E-01
   2  1   3  0   3 -1  -5.947080387175905E-02
   2  1   3  0   5 -1  -2.143179005787513E-01
   2  2   3  0   3 -2  -1.880631945159189E-01
   2  2   3  0   5 -2   1.417579666102104E-01
   3 -3   3  0   4  3   2.035507268673357E-01
   3 -3   3  0   6  3  -1.086473403298333E-01
   3 -2   3  0   2  2  -1.880631945159189E-01
   3 -2   3  0   4  2  -4.441841017299270E-02
   3 -2   3  0   6  2   1.774203638123999E-01
   3 -1   3  0   2  1  -5.947080387175904E-02
   3 -1   3  0   4  1  -9.932258459927990E-02
   3 -1   3  0   6  1  -2.217754547654996E-01
   3  0   3  0   0  0   2.820947917738780E-01
   3  0   3  0   2  0   1.682088348013440E-01
   3  0   3  0   4  0   1.538698864221155E-01
   3  0   3  0   6  0   2.370879338652811E-01
   3  1   3  0   2 -1  -5.947080387175904E-02
   3  1   3  0   4 -1  -9.932258459927990E-02
   3  1   3  0   6 -1  -2.217754547654996E-01
   3  2   3  0   2 -2  -1.880631945159189E-01
   3  2   3  0   4 -2  -4.441841017299270E-02
   3  2   3  0   6 -2   1.774203638123999E-01
   3  3   3  0   4 -3   2.035507268673357E-01
   3  3   3  0   6 -3  -1.086473403298333E-01
   0  0   3  1   3  1   2.820947917738780E-01
   1 -1   3  1   2  2   8.258889836115871E-02
   1 -1   3  1   4  2  -2.384136135044480E-01
   1  0   3  1   2  1   2.335966803276074E-01
   1  0   3  1   4  1   2.384136135044481E-01
   1  1   3  1   2  0   2.023006594034206E-01
   1  1   3  1   4  0  -1.507860087730269E-01
   2 -2   3  1   3  3  -1.329807601338109E-01
   2 -2   3  1   5  3   2.004760389545921E-01
   2 -1   3  1   3  2  -1.628675039676400E-01
   2 -1   3  1   5  2  -2.455320005465369E-01
   2  0   3  1   1  1   2.023006594034206E-01
   2  0   3  1   3  1   1.261566261010080E-01
   2  0   3  1   5  1   2.273184612433489E-01
   2  1   3  1   1  0   2.335966803276074E-01
   2  1   3  1   3  0   5.947080387175905E-02
   2  1   3  1   5  0  -1.694331772935933E-01
   2  2   3  1   1 -1   8.258889836115871E-02
   2  2   3  1   3 -1  -2.060129077457013E-01
   2  2   3  1   5 -1   9.280237319347306E-02
   3 -3   3  1   4  4   1.661984725325331E-01
   3 -3   3  1   6  4  -1.717865285808715E-01
   3 -2   3  1   4  3   9.595473285556254E-02
   3 -2   3  1   6  3   2.304758133153236E-01
   3 -1   3  1   2  2  -2.060129077457013E-01
   3 -1   3  1   4  2  -1.621931014684339E-01
   3 -1   3  1   6  2  -2.429428385520618E-01
   3  0   3  1   2  1   5.947080387175905E-02
   3  0   3  1   4  1   9.932258459927988E-02
   3  0   3  1   6  1   2.217754547654997E-01
   3  1   3  1   0  0   2.820947917738780E-01
   3  1   3  1   2  0   1.261566261010080E-01
   3  1   3  1   4  0   2.564498107035254E-02
   3  1   3  1   6  0  -1.778159503989607E-01
   3  2   3  1   2 -1  -1.628675039676400E-01
   3  2   3  1   4 -1  -1.450699201459755E-01
   3  2   3  1   6 -1   1.214714192760308E-01
   3  3   3  1   2 -2  -1.329807601338109E-01
   3  3   3  1   4 -2   1.884513542570921E-01
   3  3   3  1   6 -2  -6.272757118616613E-02
   0  0   3  2   3  2   2.820947917738780E-01
   1 -1   3  2   4  3  -2.820947917738782E-01
   1  0   3  2   2  2   1.846743909223718E-01
   1  0   3  2   4  2   2.132436186229233E-01
   1  1   3  2   2  1   2.611690282654091E-01
   1  1   3  2   4  1  -1.066218093114616E-01
   2 -2   3  2   5  4   2.689668305774179E-01
   2 -1   3  2   3  3  -2.102610435016798E-01
   2 -1   3  2   5  3  -2.535843597540606E-01
   2  0   3  2   5  2   1.901882698155456E-01
   2  1   3  2   1  1   2.611690282654091E-01
   2  1   3  2   3  1   1.628675039676400E-01
   2  1   3  2   5  1  -1.173867486241316E-01
   2  2   3  2   1  0   1.846743909223718E-01
   2  2   3  2   3  0  -1.880631945159189E-01
   2  2   3  2   5  0   5.357947514468778E-02
   3 -3   3  2   6  5  -2.548005986729749E-01
   3 -2   3  2   4  4   2.145613054278703E-01
   3 -2   3  2   6  4   2.661305457185999E-01
   3 -1   3  2   4  3  -9.595473285556254E-02
   3 -1   3  2   6  3  -2.304758133153236E-01
   3  0   3  2   2  2  -1.880631945159189E-01
   3  0   3  2   4  2  -4.441841017299271E-02
   3  0   3  2   6  2   1.774203638123999E-01
   3  1   3  2   2  1   1.628675039676400E-01
   3  1   3  2   4  1   1.450699201459755E-01
   3  1   3  2   6  1  -1.214714192760308E-01
   3  2   3  2   0  0   2.820947917738779E-01
   3  2   3  2   4  0  -1.795148674924679E-01
   3  2   3  2   6  0   7.112638015958411E-02
   3  3   3  2   2 -1  -2.102610435016798E-01
   3  3   3  2   4 -1   1.404633461902508E-01
   3  3   3  2   6 -1  -3.136378559308309E-02
   0  0   3  3   3  3   2.820947917738782E-01
   1 -1   3  3   4  4  -3.257350079352798E-01
   1  0   3  3   4  3   1.628675039676401E-01
   1  1   3  3   2  2   3.198654279343846E-01
   1  1   3  3   4  2  -6.155813030745735E-02
   2 -2   3  3   5  5   3.472346851695107E-01
   2 -1   3  3   5  4  -2.196104975494287E-01
   2  0   3  3   3  3  -2.102610435016803E-01
   2  0   3  3   5  3   1.267921798770305E-01
   2  1   3  3   3  2   2.102610435016798E-01
   2  1   3  3   5  2  -6.339608993851514E-02
   2  2   3  3   1  1   3.198654279343846E-01
   2  2   3  3   3  1  -1.329807601338109E-01
   2  2   3  3   5  1   2.396146972445652E-02
   3 -3   3  3   6  6  -3.603424623441053E-01
   3 -2   3  3   6  5   2.548005986729749E-01
   3 -1   3  3   4  4   1.661984725325331E-01
   3 -1   3  3   6  4  -1.717865285808714E-01
   3  0   3  3   4  3  -2.035507268673358E-01
   3  0   3  3   6  3   1.086473403298333E-01
   3  1   3  3   2  2  -1.329807601338109E-01
   3  1   3  3   4  2   1.884513542570921E-01
   3  1   3  3   6  2  -6.272757118616612E-02
   3  2   3  3   2  1   2.102610435016798E-01
   3  2   3  3   4  1  -1.404633461902508E-01
   3  2   3  3   6  1   3.136378559308309E-02
   3  3   3  3   0  0   2.820947917738782E-01
   3  3   3  3   2  0  -2.102610435016803E-01
   3  3   3  3   4  0   7.693494321105777E-02
   3  3   3  3   6  0  -1.185439669326416E-02
