   0   0.000000000000000E+00  0.000000000000000E+00  0.000000000000000E+00
   1  -5.000000000000000E-01 -5.000000000000000E-01  0.000000000000000E+00
   2   5.000000000000000E-01  0.000000000000000E+00  5.000000000000000E-01
   3  -5.000000000000000E-01  0.000000000000000E+00 -5.000000000000000E-01
   4   5.000000000000000E-01 -5.000000000000000E-01  0.000000000000000E+00
   5  -5.000000000000000E-01  5.000000000000000E-01  0.000000000000000E+00
   6   0.000000000000000E+00 -5.000000000000000E-01  5.000000000000000E-01
   7   5.000000000000000E-01  0.000000000000000E+00 -5.000000000000000E-01
   8   5.000000000000000E-01  5.000000000000000E-01  0.000000000000000E+00
   9   0.000000000000000E+00 -5.000000000000000E-01 -5.000000000000000E-01
  10   0.000000000000000E+00  5.000000000000000E-01 -5.000000000000000E-01
  11   0.000000000000000E+00  5.000000000000000E-01  5.000000000000000E-01
  12  -5.000000000000000E-01  0.000000000000000E+00  5.000000000000000E-01
  13   0.000000000000000E+00 -1.000000000000000E+00  0.000000000000000E+00
  14   0.000000000000000E+00  0.000000000000000E+00 -1.000000000000000E+00
  15   0.000000000000000E+00  0.000000000000000E+00  1.000000000000000E+00
  16   1.000000000000000E+00  0.000000000000000E+00  0.000000000000000E+00
  17  -1.000000000000000E+00  0.000000000000000E+00  0.000000000000000E+00
  18   0.000000000000000E+00  1.000000000000000E+00  0.000000000000000E+00
  19   5.000000000000000E-01  5.000000000000000E-01  1.000000000000000E+00
  20   5.000000000000000E-01 -1.000000000000000E+00  5.000000000000000E-01
  21  -5.000000000000000E-01 -5.000000000000000E-01  1.000000000000000E+00
  22   5.000000000000000E-01  1.000000000000000E+00  5.000000000000000E-01
  23  -1.000000000000000E+00  5.000000000000000E-01 -5.000000000000000E-01
  24   5.000000000000000E-01  5.000000000000000E-01 -1.000000000000000E+00
  25  -1.000000000000000E+00 -5.000000000000000E-01  5.000000000000000E-01
  26  -5.000000000000000E-01 -1.000000000000000E+00 -5.000000000000000E-01
  27   1.000000000000000E+00  5.000000000000000E-01  5.000000000000000E-01
  28  -1.000000000000000E+00  5.000000000000000E-01  5.000000000000000E-01
  29  -1.000000000000000E+00 -5.000000000000000E-01 -5.000000000000000E-01
  30  -5.000000000000000E-01  1.000000000000000E+00  5.000000000000000E-01
  31  -5.000000000000000E-01  5.000000000000000E-01 -1.000000000000000E+00
  32  -5.000000000000000E-01  1.000000000000000E+00 -5.000000000000000E-01
  33   5.000000000000000E-01 -5.000000000000000E-01  1.000000000000000E+00
  34   5.000000000000000E-01 -5.000000000000000E-01 -1.000000000000000E+00
  35   5.000000000000000E-01 -1.000000000000000E+00 -5.000000000000000E-01
  36  -5.000000000000000E-01  5.000000000000000E-01  1.000000000000000E+00
  37   1.000000000000000E+00 -5.000000000000000E-01  5.000000000000000E-01
  38  -5.000000000000000E-01 -1.000000000000000E+00  5.000000000000000E-01
  39   1.000000000000000E+00 -5.000000000000000E-01 -5.000000000000000E-01
  40  -5.000000000000000E-01 -5.000000000000000E-01 -1.000000000000000E+00
  41   5.000000000000000E-01  1.000000000000000E+00 -5.000000000000000E-01
  42   1.000000000000000E+00  5.000000000000000E-01 -5.000000000000000E-01
  43   0.000000000000000E+00 -1.000000000000000E+00  1.000000000000000E+00
  44  -1.000000000000000E+00  0.000000000000000E+00  1.000000000000000E+00
  45   1.000000000000000E+00  0.000000000000000E+00 -1.000000000000000E+00
  46   0.000000000000000E+00  1.000000000000000E+00 -1.000000000000000E+00
  47   1.000000000000000E+00  0.000000000000000E+00  1.000000000000000E+00
  48   1.000000000000000E+00  1.000000000000000E+00  0.000000000000000E+00
  49   0.000000000000000E+00 -1.000000000000000E+00 -1.000000000000000E+00
  50   1.000000000000000E+00 -1.000000000000000E+00  0.000000000000000E+00
  51   0.000000000000000E+00  1.000000000000000E+00  1.000000000000000E+00
  52  -1.000000000000000E+00  1.000000000000000E+00  0.000000000000000E+00
  53  -1.000000000000000E+00  0.000000000000000E+00 -1.000000000000000E+00
  54  -1.000000000000000E+00 -1.000000000000000E+00  0.000000000000000E+00
  55   0.000000000000000E+00  5.000000000000000E-01  1.500000000000000E+00
  56   5.000000000000000E-01  0.000000000000000E+00 -1.500000000000000E+00
  57   0.000000000000000E+00 -5.000000000000000E-01 -1.500000000000000E+00
  58   1.500000000000000E+00  5.000000000000000E-01  0.000000000000000E+00
  59   0.000000000000000E+00  5.000000000000000E-01 -1.500000000000000E+00
  60   0.000000000000000E+00  1.500000000000000E+00 -5.000000000000000E-01
  61   1.500000000000000E+00 -5.000000000000000E-01  0.000000000000000E+00
  62   5.000000000000000E-01 -1.500000000000000E+00  0.000000000000000E+00
  63  -1.500000000000000E+00  0.000000000000000E+00 -5.000000000000000E-01
  64  -5.000000000000000E-01  0.000000000000000E+00 -1.500000000000000E+00
  65   1.500000000000000E+00  0.000000000000000E+00 -5.000000000000000E-01
  66  -1.500000000000000E+00 -5.000000000000000E-01  0.000000000000000E+00
  67  -1.500000000000000E+00  5.000000000000000E-01  0.000000000000000E+00
  68  -5.000000000000000E-01 -1.500000000000000E+00  0.000000000000000E+00
  69  -5.000000000000000E-01  0.000000000000000E+00  1.500000000000000E+00
  70   0.000000000000000E+00 -5.000000000000000E-01  1.500000000000000E+00
  71  -1.500000000000000E+00  0.000000000000000E+00  5.000000000000000E-01
  72   0.000000000000000E+00 -1.500000000000000E+00 -5.000000000000000E-01
  73   1.500000000000000E+00  0.000000000000000E+00  5.000000000000000E-01
  74   5.000000000000000E-01  1.500000000000000E+00  0.000000000000000E+00
  75   0.000000000000000E+00 -1.500000000000000E+00  5.000000000000000E-01
  76   0.000000000000000E+00  1.500000000000000E+00  5.000000000000000E-01
  77   5.000000000000000E-01  0.000000000000000E+00  1.500000000000000E+00
  78  -5.000000000000000E-01  1.500000000000000E+00  0.000000000000000E+00
  79  -1.000000000000000E+00  1.000000000000000E+00  1.000000000000000E+00
  80  -1.000000000000000E+00 -1.000000000000000E+00  1.000000000000000E+00
  81  -1.000000000000000E+00  1.000000000000000E+00 -1.000000000000000E+00
  82  -1.000000000000000E+00 -1.000000000000000E+00 -1.000000000000000E+00
  83   1.000000000000000E+00  1.000000000000000E+00  1.000000000000000E+00
  84   1.000000000000000E+00 -1.000000000000000E+00  1.000000000000000E+00
  85   1.000000000000000E+00 -1.000000000000000E+00 -1.000000000000000E+00
  86   1.000000000000000E+00  1.000000000000000E+00 -1.000000000000000E+00
  87  -1.500000000000000E+00 -1.000000000000000E+00 -5.000000000000000E-01
  88  -1.000000000000000E+00 -5.000000000000000E-01  1.500000000000000E+00
  89  -1.500000000000000E+00 -5.000000000000000E-01  1.000000000000000E+00
  90  -5.000000000000000E-01  1.000000000000000E+00  1.500000000000000E+00
  91   1.000000000000000E+00  1.500000000000000E+00  5.000000000000000E-01
  92  -1.500000000000000E+00  5.000000000000000E-01  1.000000000000000E+00
  93  -1.500000000000000E+00  5.000000000000000E-01 -1.000000000000000E+00
  94   1.000000000000000E+00 -5.000000000000000E-01  1.500000000000000E+00
  95  -5.000000000000000E-01  1.500000000000000E+00  1.000000000000000E+00
  96   5.000000000000000E-01 -1.500000000000000E+00 -1.000000000000000E+00
  97  -1.000000000000000E+00 -1.500000000000000E+00  5.000000000000000E-01
  98   5.000000000000000E-01 -1.000000000000000E+00 -1.500000000000000E+00
  99   5.000000000000000E-01  1.000000000000000E+00 -1.500000000000000E+00
 100  -5.000000000000000E-01  1.000000000000000E+00 -1.500000000000000E+00
 101  -5.000000000000000E-01 -1.500000000000000E+00  1.000000000000000E+00
 102   1.500000000000000E+00 -5.000000000000000E-01 -1.000000000000000E+00
 103  -1.500000000000000E+00  1.000000000000000E+00  5.000000000000000E-01
 104  -1.000000000000000E+00  1.500000000000000E+00  5.000000000000000E-01
 105   5.000000000000000E-01 -1.000000000000000E+00  1.500000000000000E+00
 106   5.000000000000000E-01  1.500000000000000E+00 -1.000000000000000E+00
 107   1.000000000000000E+00  5.000000000000000E-01  1.500000000000000E+00
 108  -1.500000000000000E+00 -1.000000000000000E+00  5.000000000000000E-01
 109  -1.000000000000000E+00 -1.500000000000000E+00 -5.000000000000000E-01
 110  -1.000000000000000E+00 -5.000000000000000E-01 -1.500000000000000E+00
 111  -1.000000000000000E+00  5.000000000000000E-01 -1.500000000000000E+00
 112  -1.000000000000000E+00  5.000000000000000E-01  1.500000000000000E+00
 113   1.500000000000000E+00  1.000000000000000E+00 -5.000000000000000E-01
 114  -5.000000000000000E-01 -1.000000000000000E+00  1.500000000000000E+00
 115   1.000000000000000E+00 -5.000000000000000E-01 -1.500000000000000E+00
 116   5.000000000000000E-01  1.500000000000000E+00  1.000000000000000E+00
 117   1.000000000000000E+00  1.500000000000000E+00 -5.000000000000000E-01
 118   1.500000000000000E+00  5.000000000000000E-01  1.000000000000000E+00
 119  -1.000000000000000E+00  1.500000000000000E+00 -5.000000000000000E-01
 120  -1.500000000000000E+00  1.000000000000000E+00 -5.000000000000000E-01
 121   1.000000000000000E+00 -1.500000000000000E+00  5.000000000000000E-01
 122   5.000000000000000E-01  1.000000000000000E+00  1.500000000000000E+00
 123   1.500000000000000E+00  1.000000000000000E+00  5.000000000000000E-01
 124  -5.000000000000000E-01 -1.500000000000000E+00 -1.000000000000000E+00
 125  -5.000000000000000E-01  1.500000000000000E+00 -1.000000000000000E+00
 126  -5.000000000000000E-01 -1.000000000000000E+00 -1.500000000000000E+00
 127   1.500000000000000E+00 -1.000000000000000E+00 -5.000000000000000E-01
 128   1.000000000000000E+00  5.000000000000000E-01 -1.500000000000000E+00
 129   1.500000000000000E+00  5.000000000000000E-01 -1.000000000000000E+00
 130   1.500000000000000E+00 -1.000000000000000E+00  5.000000000000000E-01
 131   1.500000000000000E+00 -5.000000000000000E-01  1.000000000000000E+00
 132   1.000000000000000E+00 -1.500000000000000E+00 -5.000000000000000E-01
 133   5.000000000000000E-01 -1.500000000000000E+00  1.000000000000000E+00
 134  -1.500000000000000E+00 -5.000000000000000E-01 -1.000000000000000E+00
 135   0.000000000000000E+00  0.000000000000000E+00  2.000000000000000E+00
 136   0.000000000000000E+00  2.000000000000000E+00  0.000000000000000E+00
 137  -2.000000000000000E+00  0.000000000000000E+00  0.000000000000000E+00
 138   0.000000000000000E+00 -2.000000000000000E+00  0.000000000000000E+00
 139   2.000000000000000E+00  0.000000000000000E+00  0.000000000000000E+00
 140   0.000000000000000E+00  0.000000000000000E+00 -2.000000000000000E+00
 141   0.000000000000000E+00  1.500000000000000E+00  1.500000000000000E+00
 142  -5.000000000000000E-01 -5.000000000000000E-01  2.000000000000000E+00
 143  -5.000000000000000E-01  5.000000000000000E-01  2.000000000000000E+00
 144  -2.000000000000000E+00  5.000000000000000E-01  5.000000000000000E-01
 145  -2.000000000000000E+00 -5.000000000000000E-01  5.000000000000000E-01
 146   5.000000000000000E-01  2.000000000000000E+00  5.000000000000000E-01
 147   1.500000000000000E+00  0.000000000000000E+00  1.500000000000000E+00
 148   5.000000000000000E-01 -5.000000000000000E-01  2.000000000000000E+00
 149   5.000000000000000E-01 -5.000000000000000E-01 -2.000000000000000E+00
 150   0.000000000000000E+00 -1.500000000000000E+00  1.500000000000000E+00
 151   1.500000000000000E+00  0.000000000000000E+00 -1.500000000000000E+00
 152  -5.000000000000000E-01 -5.000000000000000E-01 -2.000000000000000E+00
 153   0.000000000000000E+00 -1.500000000000000E+00 -1.500000000000000E+00
 154   2.000000000000000E+00 -5.000000000000000E-01 -5.000000000000000E-01
 155   5.000000000000000E-01 -2.000000000000000E+00 -5.000000000000000E-01
 156   5.000000000000000E-01  5.000000000000000E-01 -2.000000000000000E+00
 157  -5.000000000000000E-01  2.000000000000000E+00 -5.000000000000000E-01
 158  -1.500000000000000E+00 -1.500000000000000E+00  0.000000000000000E+00
 159  -5.000000000000000E-01  5.000000000000000E-01 -2.000000000000000E+00
 160   5.000000000000000E-01  5.000000000000000E-01  2.000000000000000E+00
 161   2.000000000000000E+00  5.000000000000000E-01  5.000000000000000E-01
 162  -2.000000000000000E+00  5.000000000000000E-01 -5.000000000000000E-01
 163   5.000000000000000E-01 -2.000000000000000E+00  5.000000000000000E-01
 164   1.500000000000000E+00  1.500000000000000E+00  0.000000000000000E+00
 165  -5.000000000000000E-01 -2.000000000000000E+00 -5.000000000000000E-01
 166  -5.000000000000000E-01 -2.000000000000000E+00  5.000000000000000E-01
 167   0.000000000000000E+00  1.500000000000000E+00 -1.500000000000000E+00
 168  -5.000000000000000E-01  2.000000000000000E+00  5.000000000000000E-01
 169   1.500000000000000E+00 -1.500000000000000E+00  0.000000000000000E+00
 170  -2.000000000000000E+00 -5.000000000000000E-01 -5.000000000000000E-01
 171  -1.500000000000000E+00  0.000000000000000E+00 -1.500000000000000E+00
 172   2.000000000000000E+00 -5.000000000000000E-01  5.000000000000000E-01
 173   2.000000000000000E+00  5.000000000000000E-01 -5.000000000000000E-01
 174  -1.500000000000000E+00  0.000000000000000E+00  1.500000000000000E+00
 175   5.000000000000000E-01  2.000000000000000E+00 -5.000000000000000E-01
 176  -1.500000000000000E+00  1.500000000000000E+00  0.000000000000000E+00
 177   0.000000000000000E+00  1.000000000000000E+00  2.000000000000000E+00
 178   0.000000000000000E+00 -1.000000000000000E+00  2.000000000000000E+00
 179   0.000000000000000E+00  2.000000000000000E+00 -1.000000000000000E+00
 180  -2.000000000000000E+00  0.000000000000000E+00 -1.000000000000000E+00
 181   2.000000000000000E+00  0.000000000000000E+00 -1.000000000000000E+00
 182   1.000000000000000E+00  0.000000000000000E+00 -2.000000000000000E+00
 183   0.000000000000000E+00  1.000000000000000E+00 -2.000000000000000E+00
 184  -2.000000000000000E+00  1.000000000000000E+00  0.000000000000000E+00
 185   2.000000000000000E+00  1.000000000000000E+00  0.000000000000000E+00
 186   1.000000000000000E+00  0.000000000000000E+00  2.000000000000000E+00
 187   0.000000000000000E+00 -2.000000000000000E+00  1.000000000000000E+00
 188  -1.000000000000000E+00 -2.000000000000000E+00  0.000000000000000E+00
 189   0.000000000000000E+00  2.000000000000000E+00  1.000000000000000E+00
 190  -1.000000000000000E+00  2.000000000000000E+00  0.000000000000000E+00
 191   1.000000000000000E+00  2.000000000000000E+00  0.000000000000000E+00
 192   2.000000000000000E+00  0.000000000000000E+00  1.000000000000000E+00
 193  -1.000000000000000E+00  0.000000000000000E+00 -2.000000000000000E+00
 194   1.000000000000000E+00 -2.000000000000000E+00  0.000000000000000E+00
 195   2.000000000000000E+00 -1.000000000000000E+00  0.000000000000000E+00
 196  -1.000000000000000E+00  0.000000000000000E+00  2.000000000000000E+00
 197   0.000000000000000E+00 -2.000000000000000E+00 -1.000000000000000E+00
 198   0.000000000000000E+00 -1.000000000000000E+00 -2.000000000000000E+00
 199  -2.000000000000000E+00  0.000000000000000E+00  1.000000000000000E+00
 200  -2.000000000000000E+00 -1.000000000000000E+00  0.000000000000000E+00
 201  -1.500000000000000E+00  1.000000000000000E+00  1.500000000000000E+00
 202  -1.000000000000000E+00  1.500000000000000E+00  1.500000000000000E+00
 203   1.000000000000000E+00  1.500000000000000E+00 -1.500000000000000E+00
 204   1.500000000000000E+00  1.000000000000000E+00 -1.500000000000000E+00
 205  -1.500000000000000E+00  1.500000000000000E+00  1.000000000000000E+00
 206  -1.500000000000000E+00 -1.000000000000000E+00  1.500000000000000E+00
 207   1.000000000000000E+00 -1.500000000000000E+00  1.500000000000000E+00
 208   1.500000000000000E+00  1.500000000000000E+00  1.000000000000000E+00
 209  -1.000000000000000E+00  1.500000000000000E+00 -1.500000000000000E+00
 210  -1.500000000000000E+00 -1.500000000000000E+00 -1.000000000000000E+00
 211   1.500000000000000E+00 -1.000000000000000E+00 -1.500000000000000E+00
 212   1.500000000000000E+00 -1.000000000000000E+00  1.500000000000000E+00
 213  -1.500000000000000E+00  1.500000000000000E+00 -1.000000000000000E+00
 214   1.500000000000000E+00  1.000000000000000E+00  1.500000000000000E+00
 215  -1.500000000000000E+00  1.000000000000000E+00 -1.500000000000000E+00
 216  -1.500000000000000E+00 -1.000000000000000E+00 -1.500000000000000E+00
 217  -1.000000000000000E+00 -1.500000000000000E+00  1.500000000000000E+00
 218   1.500000000000000E+00 -1.500000000000000E+00  1.000000000000000E+00
 219  -1.000000000000000E+00 -1.500000000000000E+00 -1.500000000000000E+00
 220   1.000000000000000E+00  1.500000000000000E+00  1.500000000000000E+00
 221  -1.500000000000000E+00 -1.500000000000000E+00  1.000000000000000E+00
 222   1.500000000000000E+00 -1.500000000000000E+00 -1.000000000000000E+00
 223   1.000000000000000E+00 -1.500000000000000E+00 -1.500000000000000E+00
 224   1.500000000000000E+00  1.500000000000000E+00 -1.000000000000000E+00
 225  -1.000000000000000E+00  1.000000000000000E+00  2.000000000000000E+00
 226  -2.000000000000000E+00  1.000000000000000E+00  1.000000000000000E+00
 227   1.000000000000000E+00  1.000000000000000E+00  2.000000000000000E+00
 228  -2.000000000000000E+00  1.000000000000000E+00 -1.000000000000000E+00
 229  -1.000000000000000E+00 -1.000000000000000E+00  2.000000000000000E+00
 230   1.000000000000000E+00  1.000000000000000E+00 -2.000000000000000E+00
 231   2.000000000000000E+00 -1.000000000000000E+00  1.000000000000000E+00
 232   2.000000000000000E+00  1.000000000000000E+00 -1.000000000000000E+00
 233  -1.000000000000000E+00 -1.000000000000000E+00 -2.000000000000000E+00
 234   1.000000000000000E+00 -2.000000000000000E+00 -1.000000000000000E+00
 235  -1.000000000000000E+00 -2.000000000000000E+00  1.000000000000000E+00
 236   1.000000000000000E+00 -1.000000000000000E+00  2.000000000000000E+00
 237   1.000000000000000E+00  2.000000000000000E+00  1.000000000000000E+00
 238  -1.000000000000000E+00  2.000000000000000E+00 -1.000000000000000E+00
 239   2.000000000000000E+00  1.000000000000000E+00  1.000000000000000E+00
 240  -1.000000000000000E+00  1.000000000000000E+00 -2.000000000000000E+00
 241  -2.000000000000000E+00 -1.000000000000000E+00  1.000000000000000E+00
 242   1.000000000000000E+00 -2.000000000000000E+00  1.000000000000000E+00
 243   2.000000000000000E+00 -1.000000000000000E+00 -1.000000000000000E+00
 244   1.000000000000000E+00 -1.000000000000000E+00 -2.000000000000000E+00
 245  -2.000000000000000E+00 -1.000000000000000E+00 -1.000000000000000E+00
 246  -1.000000000000000E+00 -2.000000000000000E+00 -1.000000000000000E+00
 247   1.000000000000000E+00  2.000000000000000E+00 -1.000000000000000E+00
 248  -1.000000000000000E+00  2.000000000000000E+00  1.000000000000000E+00
 249   0.000000000000000E+00 -5.000000000000000E-01  2.500000000000000E+00
 250   5.000000000000000E-01  1.500000000000000E+00  2.000000000000000E+00
 251  -2.000000000000000E+00  1.500000000000000E+00 -5.000000000000000E-01
 252   0.000000000000000E+00  5.000000000000000E-01  2.500000000000000E+00
 253   1.500000000000000E+00  5.000000000000000E-01  2.000000000000000E+00
 254  -2.000000000000000E+00  5.000000000000000E-01 -1.500000000000000E+00
 255  -2.500000000000000E+00  5.000000000000000E-01  0.000000000000000E+00
 256   5.000000000000000E-01  0.000000000000000E+00  2.500000000000000E+00
 257  -2.500000000000000E+00 -5.000000000000000E-01  0.000000000000000E+00
 258  -1.500000000000000E+00 -5.000000000000000E-01  2.000000000000000E+00
 259   1.500000000000000E+00  2.000000000000000E+00 -5.000000000000000E-01
 260   5.000000000000000E-01  2.000000000000000E+00 -1.500000000000000E+00
 261   2.000000000000000E+00  1.500000000000000E+00 -5.000000000000000E-01
 262  -2.500000000000000E+00  0.000000000000000E+00 -5.000000000000000E-01
 263  -1.500000000000000E+00 -5.000000000000000E-01 -2.000000000000000E+00
 264  -2.000000000000000E+00 -5.000000000000000E-01  1.500000000000000E+00
 265   1.500000000000000E+00  5.000000000000000E-01 -2.000000000000000E+00
 266  -5.000000000000000E-01 -2.000000000000000E+00  1.500000000000000E+00
 267   0.000000000000000E+00  2.500000000000000E+00 -5.000000000000000E-01
 268   1.500000000000000E+00  2.000000000000000E+00  5.000000000000000E-01
 269   2.000000000000000E+00 -1.500000000000000E+00  5.000000000000000E-01
 270  -5.000000000000000E-01  2.000000000000000E+00 -1.500000000000000E+00
 271   2.000000000000000E+00  1.500000000000000E+00  5.000000000000000E-01
 272  -5.000000000000000E-01 -1.500000000000000E+00 -2.000000000000000E+00
 273   5.000000000000000E-01 -1.500000000000000E+00  2.000000000000000E+00
 274   1.500000000000000E+00 -2.000000000000000E+00 -5.000000000000000E-01
 275   2.500000000000000E+00  5.000000000000000E-01  0.000000000000000E+00
 276   5.000000000000000E-01  1.500000000000000E+00 -2.000000000000000E+00
 277   2.000000000000000E+00  5.000000000000000E-01 -1.500000000000000E+00
 278   0.000000000000000E+00  5.000000000000000E-01 -2.500000000000000E+00
 279   2.500000000000000E+00  0.000000000000000E+00 -5.000000000000000E-01
 280   5.000000000000000E-01  0.000000000000000E+00 -2.500000000000000E+00
 281  -5.000000000000000E-01  1.500000000000000E+00  2.000000000000000E+00
 282   2.000000000000000E+00 -5.000000000000000E-01 -1.500000000000000E+00
 283   1.500000000000000E+00 -5.000000000000000E-01 -2.000000000000000E+00
 284  -2.000000000000000E+00  1.500000000000000E+00  5.000000000000000E-01
 285  -5.000000000000000E-01  2.500000000000000E+00  0.000000000000000E+00
 286   5.000000000000000E-01 -2.000000000000000E+00 -1.500000000000000E+00
 287  -1.500000000000000E+00 -2.000000000000000E+00  5.000000000000000E-01
 288  -2.000000000000000E+00 -1.500000000000000E+00 -5.000000000000000E-01
 289  -5.000000000000000E-01  1.500000000000000E+00 -2.000000000000000E+00
 290   2.500000000000000E+00  0.000000000000000E+00  5.000000000000000E-01
 291   5.000000000000000E-01 -2.000000000000000E+00  1.500000000000000E+00
 292  -5.000000000000000E-01  0.000000000000000E+00 -2.500000000000000E+00
 293   2.500000000000000E+00 -5.000000000000000E-01  0.000000000000000E+00
 294   0.000000000000000E+00 -5.000000000000000E-01 -2.500000000000000E+00
 295   1.500000000000000E+00 -5.000000000000000E-01  2.000000000000000E+00
 296   5.000000000000000E-01  2.000000000000000E+00  1.500000000000000E+00
 297  -1.500000000000000E+00  2.000000000000000E+00 -5.000000000000000E-01
 298  -2.000000000000000E+00 -5.000000000000000E-01 -1.500000000000000E+00
 299   2.000000000000000E+00 -5.000000000000000E-01  1.500000000000000E+00
 300   5.000000000000000E-01 -2.500000000000000E+00  0.000000000000000E+00
 301  -1.500000000000000E+00 -2.000000000000000E+00 -5.000000000000000E-01
 302  -5.000000000000000E-01 -1.500000000000000E+00  2.000000000000000E+00
 303   0.000000000000000E+00 -2.500000000000000E+00 -5.000000000000000E-01
 304   2.000000000000000E+00  5.000000000000000E-01  1.500000000000000E+00
 305  -1.500000000000000E+00  5.000000000000000E-01 -2.000000000000000E+00
 306  -1.500000000000000E+00  5.000000000000000E-01  2.000000000000000E+00
 307   0.000000000000000E+00 -2.500000000000000E+00  5.000000000000000E-01
 308  -2.000000000000000E+00  5.000000000000000E-01  1.500000000000000E+00
 309   5.000000000000000E-01  2.500000000000000E+00  0.000000000000000E+00
 310  -5.000000000000000E-01 -2.500000000000000E+00  0.000000000000000E+00
 311   1.500000000000000E+00 -2.000000000000000E+00  5.000000000000000E-01
 312  -5.000000000000000E-01  0.000000000000000E+00  2.500000000000000E+00
 313  -5.000000000000000E-01 -2.000000000000000E+00 -1.500000000000000E+00
 314   2.000000000000000E+00 -1.500000000000000E+00 -5.000000000000000E-01
 315   5.000000000000000E-01 -1.500000000000000E+00 -2.000000000000000E+00
 316   0.000000000000000E+00  2.500000000000000E+00  5.000000000000000E-01
 317  -2.000000000000000E+00 -1.500000000000000E+00  5.000000000000000E-01
 318  -2.500000000000000E+00  0.000000000000000E+00  5.000000000000000E-01
 319  -5.000000000000000E-01  2.000000000000000E+00  1.500000000000000E+00
 320  -1.500000000000000E+00  2.000000000000000E+00  5.000000000000000E-01
 321  -5.000000000000000E-01  1.000000000000000E+00  2.500000000000000E+00
 322  -2.500000000000000E+00  1.000000000000000E+00  5.000000000000000E-01
 323  -1.000000000000000E+00 -5.000000000000000E-01  2.500000000000000E+00
 324   5.000000000000000E-01 -1.000000000000000E+00  2.500000000000000E+00
 325  -1.000000000000000E+00 -2.500000000000000E+00  5.000000000000000E-01
 326   1.000000000000000E+00 -5.000000000000000E-01  2.500000000000000E+00
 327   2.500000000000000E+00  1.000000000000000E+00 -5.000000000000000E-01
 328   5.000000000000000E-01  1.000000000000000E+00 -2.500000000000000E+00
 329   2.500000000000000E+00  5.000000000000000E-01 -1.000000000000000E+00
 330   1.000000000000000E+00  5.000000000000000E-01 -2.500000000000000E+00
 331   1.000000000000000E+00  2.500000000000000E+00  5.000000000000000E-01
 332  -5.000000000000000E-01  2.500000000000000E+00 -1.000000000000000E+00
 333  -2.500000000000000E+00 -5.000000000000000E-01  1.000000000000000E+00
 334  -2.500000000000000E+00 -1.000000000000000E+00 -5.000000000000000E-01
 335  -2.500000000000000E+00 -5.000000000000000E-01 -1.000000000000000E+00
 336  -5.000000000000000E-01 -1.000000000000000E+00  2.500000000000000E+00
 337   2.500000000000000E+00  1.000000000000000E+00  5.000000000000000E-01
 338  -5.000000000000000E-01  1.000000000000000E+00 -2.500000000000000E+00
 339   2.500000000000000E+00 -5.000000000000000E-01 -1.000000000000000E+00
 340   1.000000000000000E+00 -5.000000000000000E-01 -2.500000000000000E+00
 341   5.000000000000000E-01  2.500000000000000E+00  1.000000000000000E+00
 342  -1.000000000000000E+00  2.500000000000000E+00 -5.000000000000000E-01
 343   5.000000000000000E-01  1.000000000000000E+00  2.500000000000000E+00
 344  -2.500000000000000E+00  1.000000000000000E+00 -5.000000000000000E-01
 345   1.000000000000000E+00  5.000000000000000E-01  2.500000000000000E+00
 346   2.500000000000000E+00  5.000000000000000E-01  1.000000000000000E+00
 347  -2.500000000000000E+00  5.000000000000000E-01 -1.000000000000000E+00
 348  -1.000000000000000E+00  5.000000000000000E-01 -2.500000000000000E+00
 349  -2.500000000000000E+00 -1.000000000000000E+00  5.000000000000000E-01
 350   2.500000000000000E+00 -1.000000000000000E+00 -5.000000000000000E-01
 351   5.000000000000000E-01 -1.000000000000000E+00 -2.500000000000000E+00
 352  -5.000000000000000E-01  2.500000000000000E+00  1.000000000000000E+00
 353  -1.000000000000000E+00  2.500000000000000E+00  5.000000000000000E-01
 354   1.000000000000000E+00 -2.500000000000000E+00  5.000000000000000E-01
 355   5.000000000000000E-01  2.500000000000000E+00 -1.000000000000000E+00
 356   1.000000000000000E+00  2.500000000000000E+00 -5.000000000000000E-01
 357  -5.000000000000000E-01 -2.500000000000000E+00 -1.000000000000000E+00
 358  -1.000000000000000E+00  5.000000000000000E-01  2.500000000000000E+00
 359   5.000000000000000E-01 -2.500000000000000E+00  1.000000000000000E+00
 360  -2.500000000000000E+00  5.000000000000000E-01  1.000000000000000E+00
 361   2.500000000000000E+00 -5.000000000000000E-01  1.000000000000000E+00
 362  -1.000000000000000E+00 -5.000000000000000E-01 -2.500000000000000E+00
 363   2.500000000000000E+00 -1.000000000000000E+00  5.000000000000000E-01
 364  -1.000000000000000E+00 -2.500000000000000E+00 -5.000000000000000E-01
 365  -5.000000000000000E-01 -1.000000000000000E+00 -2.500000000000000E+00
 366   1.000000000000000E+00 -2.500000000000000E+00 -5.000000000000000E-01
 367   5.000000000000000E-01 -2.500000000000000E+00 -1.000000000000000E+00
 368  -5.000000000000000E-01 -2.500000000000000E+00  1.000000000000000E+00
 369  -2.000000000000000E+00  2.000000000000000E+00  0.000000000000000E+00
 370  -2.000000000000000E+00  0.000000000000000E+00  2.000000000000000E+00
 371   2.000000000000000E+00  0.000000000000000E+00  2.000000000000000E+00
 372   0.000000000000000E+00 -2.000000000000000E+00  2.000000000000000E+00
 373  -2.000000000000000E+00  0.000000000000000E+00 -2.000000000000000E+00
 374   2.000000000000000E+00  2.000000000000000E+00  0.000000000000000E+00
 375   0.000000000000000E+00  2.000000000000000E+00 -2.000000000000000E+00
 376   2.000000000000000E+00  0.000000000000000E+00 -2.000000000000000E+00
 377   2.000000000000000E+00 -2.000000000000000E+00  0.000000000000000E+00
 378   0.000000000000000E+00 -2.000000000000000E+00 -2.000000000000000E+00
 379  -2.000000000000000E+00 -2.000000000000000E+00  0.000000000000000E+00
 380   0.000000000000000E+00  2.000000000000000E+00  2.000000000000000E+00
 381  -2.500000000000000E+00  0.000000000000000E+00  1.500000000000000E+00
 382  -2.500000000000000E+00 -1.500000000000000E+00  0.000000000000000E+00
 383   1.500000000000000E+00  2.000000000000000E+00 -1.500000000000000E+00
 384   1.500000000000000E+00  1.500000000000000E+00 -2.000000000000000E+00
 385   1.500000000000000E+00  2.500000000000000E+00  0.000000000000000E+00
 386   0.000000000000000E+00  2.500000000000000E+00 -1.500000000000000E+00
 387   2.500000000000000E+00  1.500000000000000E+00  0.000000000000000E+00
 388   0.000000000000000E+00  1.500000000000000E+00 -2.500000000000000E+00
 389   2.500000000000000E+00  0.000000000000000E+00 -1.500000000000000E+00
 390   1.500000000000000E+00  0.000000000000000E+00 -2.500000000000000E+00
 391  -1.500000000000000E+00 -2.500000000000000E+00  0.000000000000000E+00
 392  -1.500000000000000E+00  2.000000000000000E+00  1.500000000000000E+00
 393  -2.000000000000000E+00 -1.500000000000000E+00  1.500000000000000E+00
 394   0.000000000000000E+00  1.500000000000000E+00  2.500000000000000E+00
 395  -2.500000000000000E+00  1.500000000000000E+00  0.000000000000000E+00
 396   1.500000000000000E+00  2.000000000000000E+00  1.500000000000000E+00
 397   1.500000000000000E+00 -1.500000000000000E+00  2.000000000000000E+00
 398  -1.500000000000000E+00  2.000000000000000E+00 -1.500000000000000E+00
 399   2.000000000000000E+00  1.500000000000000E+00  1.500000000000000E+00
 400  -1.500000000000000E+00  1.500000000000000E+00 -2.000000000000000E+00
 401   1.500000000000000E+00  0.000000000000000E+00  2.500000000000000E+00
 402  -2.000000000000000E+00 -1.500000000000000E+00 -1.500000000000000E+00
 403   1.500000000000000E+00 -2.000000000000000E+00  1.500000000000000E+00
 404  -2.500000000000000E+00  0.000000000000000E+00 -1.500000000000000E+00
 405   2.000000000000000E+00 -1.500000000000000E+00 -1.500000000000000E+00
 406   1.500000000000000E+00 -1.500000000000000E+00 -2.000000000000000E+00
 407   0.000000000000000E+00  2.500000000000000E+00  1.500000000000000E+00
 408  -1.500000000000000E+00  2.500000000000000E+00  0.000000000000000E+00
 409  -1.500000000000000E+00 -2.000000000000000E+00 -1.500000000000000E+00
 410   0.000000000000000E+00 -1.500000000000000E+00  2.500000000000000E+00
 411   1.500000000000000E+00  1.500000000000000E+00  2.000000000000000E+00
 412  -2.000000000000000E+00  1.500000000000000E+00 -1.500000000000000E+00
 413   0.000000000000000E+00 -2.500000000000000E+00  1.500000000000000E+00
 414   2.000000000000000E+00 -1.500000000000000E+00  1.500000000000000E+00
 415   2.500000000000000E+00  0.000000000000000E+00  1.500000000000000E+00
 416  -1.500000000000000E+00  0.000000000000000E+00 -2.500000000000000E+00
 417  -1.500000000000000E+00 -1.500000000000000E+00 -2.000000000000000E+00
 418   2.000000000000000E+00  1.500000000000000E+00 -1.500000000000000E+00
 419   2.500000000000000E+00 -1.500000000000000E+00  0.000000000000000E+00
 420  -1.500000000000000E+00 -2.000000000000000E+00  1.500000000000000E+00
 421   1.500000000000000E+00 -2.500000000000000E+00  0.000000000000000E+00
 422   0.000000000000000E+00 -1.500000000000000E+00 -2.500000000000000E+00
 423   1.500000000000000E+00 -2.000000000000000E+00 -1.500000000000000E+00
 424   0.000000000000000E+00 -2.500000000000000E+00 -1.500000000000000E+00
 425  -1.500000000000000E+00  1.500000000000000E+00  2.000000000000000E+00
 426  -2.000000000000000E+00  1.500000000000000E+00  1.500000000000000E+00
 427  -1.500000000000000E+00  0.000000000000000E+00  2.500000000000000E+00
 428  -1.500000000000000E+00 -1.500000000000000E+00  2.000000000000000E+00
 429   2.000000000000000E+00  2.000000000000000E+00 -1.000000000000000E+00
 430   1.000000000000000E+00  2.000000000000000E+00 -2.000000000000000E+00
 431   2.000000000000000E+00  1.000000000000000E+00 -2.000000000000000E+00
 432   0.000000000000000E+00  3.000000000000000E+00  0.000000000000000E+00
 433   2.000000000000000E+00  2.000000000000000E+00  1.000000000000000E+00
 434  -1.000000000000000E+00  2.000000000000000E+00 -2.000000000000000E+00
 435  -1.000000000000000E+00  2.000000000000000E+00  2.000000000000000E+00
 436   3.000000000000000E+00  0.000000000000000E+00  0.000000000000000E+00
 437  -2.000000000000000E+00  2.000000000000000E+00  1.000000000000000E+00
 438   0.000000000000000E+00  0.000000000000000E+00 -3.000000000000000E+00
 439   2.000000000000000E+00 -1.000000000000000E+00 -2.000000000000000E+00
 440   1.000000000000000E+00 -2.000000000000000E+00  2.000000000000000E+00
 441   1.000000000000000E+00  2.000000000000000E+00  2.000000000000000E+00
 442  -2.000000000000000E+00 -1.000000000000000E+00  2.000000000000000E+00
 443  -2.000000000000000E+00  2.000000000000000E+00 -1.000000000000000E+00
 444   2.000000000000000E+00 -1.000000000000000E+00  2.000000000000000E+00
 445   2.000000000000000E+00  1.000000000000000E+00  2.000000000000000E+00
 446  -2.000000000000000E+00 -2.000000000000000E+00 -1.000000000000000E+00
 447  -2.000000000000000E+00  1.000000000000000E+00 -2.000000000000000E+00
 448  -2.000000000000000E+00  1.000000000000000E+00  2.000000000000000E+00
 449  -2.000000000000000E+00 -1.000000000000000E+00 -2.000000000000000E+00
 450   2.000000000000000E+00 -2.000000000000000E+00  1.000000000000000E+00
 451   0.000000000000000E+00  0.000000000000000E+00  3.000000000000000E+00
 452  -1.000000000000000E+00 -2.000000000000000E+00 -2.000000000000000E+00
 453   0.000000000000000E+00 -3.000000000000000E+00  0.000000000000000E+00
 454   2.000000000000000E+00 -2.000000000000000E+00 -1.000000000000000E+00
 455   1.000000000000000E+00 -2.000000000000000E+00 -2.000000000000000E+00
 456  -3.000000000000000E+00  0.000000000000000E+00  0.000000000000000E+00
 457  -1.000000000000000E+00 -2.000000000000000E+00  2.000000000000000E+00
 458  -2.000000000000000E+00 -2.000000000000000E+00  1.000000000000000E+00
